This file contains any messages produced by compilers while
running configure, to aid debugging if configure makes a mistake.

It was created by configure, which was
generated by GNU Autoconf 2.69.  Invocation command line was

  $ /Users/warrenwong/Desktop/DNSProject/DNS/RustProject/fanzhaLogQuery/target/debug/build/tikv-jemalloc-sys-63540218cc279e9a/out/build/configure --disable-cxx --enable-doc=no --enable-shared=no --with-jemalloc-prefix=_rjem_ --with-private-namespace=_rjem_ --host=aarch64-apple-darwin --build=aarch64-apple-darwin --prefix=/Users/warrenwong/Desktop/DNSProject/DNS/RustProject/fanzhaLogQuery/target/debug/build/tikv-jemalloc-sys-63540218cc279e9a/out

## --------- ##
## Platform. ##
## --------- ##

hostname = MacBook-Pro.local
uname -m = arm64
uname -r = 25.1.0
uname -s = Darwin
uname -v = Darwin Kernel Version 25.1.0: Mon Oct 20 19:32:56 PDT 2025; root:xnu-12377.41.6~2/RELEASE_ARM64_T8132

/usr/bin/uname -p = arm
/bin/uname -X     = unknown

/bin/arch              = unknown
/usr/bin/arch -k       = unknown
/usr/convex/getsysinfo = unknown
/usr/bin/hostinfo      = Mach kernel version:
	 Darwin Kernel Version 25.1.0: Mon Oct 20 19:32:56 PDT 2025; root:xnu-12377.41.6~2/RELEASE_ARM64_T8132
Kernel configured for up to 10 processors.
10 processors are physically available.
10 processors are logically available.
Processor type: arm64e (ARM64E)
Processors active: 0 1 2 3 4 5 6 7 8 9
Primary memory available: 16.00 gigabytes
Default processor set: 567 tasks, 5600 threads, 10 processors
Load average: 11.65, Mach factor: 2.41
/bin/machine           = unknown
/usr/bin/oslevel       = unknown
/bin/universe          = unknown

PATH: /Users/warrenwong/.antigravity/antigravity/bin
PATH: /opt/homebrew/opt/openjdk/bin
PATH: /Library/Frameworks/Python.framework/Versions/2.7/bin
PATH: /opt/homebrew/bin
PATH: /opt/homebrew/sbin
PATH: /Library/Frameworks/Python.framework/Versions/3.11/bin
PATH: /Library/Frameworks/Python.framework/Versions/3.6/bin
PATH: /usr/local/bin
PATH: /System/Cryptexes/App/usr/bin
PATH: /usr/bin
PATH: /bin
PATH: /usr/sbin
PATH: /sbin
PATH: /var/run/com.apple.security.cryptexd/codex.system/bootstrap/usr/local/bin
PATH: /var/run/com.apple.security.cryptexd/codex.system/bootstrap/usr/bin
PATH: /var/run/com.apple.security.cryptexd/codex.system/bootstrap/usr/appleinternal/bin
PATH: /opt/pmk/env/global/bin
PATH: /usr/local/go/bin
PATH: /Users/warrenwong/.antigravity/antigravity/bin
PATH: /opt/anaconda3/bin
PATH: /opt/anaconda3/condabin
PATH: /opt/homebrew/opt/openjdk/bin
PATH: /Library/Frameworks/Python.framework/Versions/2.7/bin
PATH: /Users/warrenwong/.cargo/bin
PATH: /opt/homebrew/Cellar/python@3.8/3.8.17_1/bin
PATH: .
PATH: /Users/warrenwong/.antigravity/extensions/ms-python.debugpy-2025.14.1-darwin-arm64/bundled/scripts/noConfigScripts
PATH: /opt/homebrew/Cellar/python@3.8/3.8.17_1/bin
PATH: .


## ----------- ##
## Core tests. ##
## ----------- ##

configure:2678: checking for xsltproc
configure:2696: found /usr/bin/xsltproc
configure:2709: result: /usr/bin/xsltproc
configure:2753: checking for aarch64-apple-darwin-gcc
configure:2780: result: cc
configure:3049: checking for C compiler version
configure:3058: cc --version >&5
Apple clang version 17.0.0 (clang-1700.4.4.1)
Target: arm64-apple-darwin25.1.0
Thread model: posix
InstalledDir: /Library/Developer/CommandLineTools/usr/bin
configure:3069: $? = 0
configure:3058: cc -v >&5
Apple clang version 17.0.0 (clang-1700.4.4.1)
Target: arm64-apple-darwin25.1.0
Thread model: posix
InstalledDir: /Library/Developer/CommandLineTools/usr/bin
configure:3069: $? = 0
configure:3058: cc -V >&5
clang: error: argument to '-V' is missing (expected 1 value)
clang: error: no input files
configure:3069: $? = 1
configure:3058: cc -qversion >&5
clang: error: unknown argument '-qversion'; did you mean '--version'?
clang: error: no input files
configure:3069: $? = 1
configure:3089: checking whether the C compiler works
configure:3111: cc -O0 -ffunction-sections -fdata-sections -fPIC -gdwarf-2 -fno-omit-frame-pointer --target=arm64-apple-macosx -mmacosx-version-min=26.1 -Wall -O0 -ffunction-sections -fdata-sections -fPIC -gdwarf-2 -fno-omit-frame-pointer --target=arm64-apple-macosx -mmacosx-version-min=26.1 -Wall -O0 -ffunction-sections -fdata-sections -fPIC -gdwarf-2 -fno-omit-frame-pointer --target=arm64-apple-macosx -mmacosx-version-min=26.1 -Wall conftest.c  >&5
configure:3115: $? = 0
configure:3163: result: yes
configure:3166: checking for C compiler default output file name
configure:3168: result: a.out
configure:3174: checking for suffix of executables
configure:3181: cc -o conftest -O0 -ffunction-sections -fdata-sections -fPIC -gdwarf-2 -fno-omit-frame-pointer --target=arm64-apple-macosx -mmacosx-version-min=26.1 -Wall -O0 -ffunction-sections -fdata-sections -fPIC -gdwarf-2 -fno-omit-frame-pointer --target=arm64-apple-macosx -mmacosx-version-min=26.1 -Wall -O0 -ffunction-sections -fdata-sections -fPIC -gdwarf-2 -fno-omit-frame-pointer --target=arm64-apple-macosx -mmacosx-version-min=26.1 -Wall conftest.c  >&5
configure:3185: $? = 0
configure:3207: result: 
configure:3229: checking whether we are cross compiling
configure:3237: cc -o conftest -O0 -ffunction-sections -fdata-sections -fPIC -gdwarf-2 -fno-omit-frame-pointer --target=arm64-apple-macosx -mmacosx-version-min=26.1 -Wall -O0 -ffunction-sections -fdata-sections -fPIC -gdwarf-2 -fno-omit-frame-pointer --target=arm64-apple-macosx -mmacosx-version-min=26.1 -Wall -O0 -ffunction-sections -fdata-sections -fPIC -gdwarf-2 -fno-omit-frame-pointer --target=arm64-apple-macosx -mmacosx-version-min=26.1 -Wall conftest.c  >&5
configure:3241: $? = 0
configure:3248: ./conftest
configure:3252: $? = 0
configure:3267: result: no
configure:3272: checking for suffix of object files
configure:3294: cc -c -O0 -ffunction-sections -fdata-sections -fPIC -gdwarf-2 -fno-omit-frame-pointer --target=arm64-apple-macosx -mmacosx-version-min=26.1 -Wall -O0 -ffunction-sections -fdata-sections -fPIC -gdwarf-2 -fno-omit-frame-pointer --target=arm64-apple-macosx -mmacosx-version-min=26.1 -Wall conftest.c >&5
configure:3298: $? = 0
configure:3319: result: o
configure:3323: checking whether we are using the GNU C compiler
configure:3342: cc -c -O0 -ffunction-sections -fdata-sections -fPIC -gdwarf-2 -fno-omit-frame-pointer --target=arm64-apple-macosx -mmacosx-version-min=26.1 -Wall -O0 -ffunction-sections -fdata-sections -fPIC -gdwarf-2 -fno-omit-frame-pointer --target=arm64-apple-macosx -mmacosx-version-min=26.1 -Wall conftest.c >&5
configure:3342: $? = 0
configure:3351: result: yes
configure:3360: checking whether cc accepts -g
configure:3380: cc -c -g -O0 -ffunction-sections -fdata-sections -fPIC -gdwarf-2 -fno-omit-frame-pointer --target=arm64-apple-macosx -mmacosx-version-min=26.1 -Wall conftest.c >&5
configure:3380: $? = 0
configure:3421: result: yes
configure:3438: checking for cc option to accept ISO C89
configure:3501: cc  -c -O0 -ffunction-sections -fdata-sections -fPIC -gdwarf-2 -fno-omit-frame-pointer --target=arm64-apple-macosx -mmacosx-version-min=26.1 -Wall -O0 -ffunction-sections -fdata-sections -fPIC -gdwarf-2 -fno-omit-frame-pointer --target=arm64-apple-macosx -mmacosx-version-min=26.1 -Wall conftest.c >&5
conftest.c:15:14: warning: a function definition without a prototype is deprecated in all versions of C and is not supported in C23 [-Wdeprecated-non-prototype]
   15 | static char *e (p, i)
      |              ^
1 warning generated.
configure:3501: $? = 0
configure:3514: result: none needed
configure:3579: checking whether compiler is cray
configure:3599: cc -c -O0 -ffunction-sections -fdata-sections -fPIC -gdwarf-2 -fno-omit-frame-pointer --target=arm64-apple-macosx -mmacosx-version-min=26.1 -Wall -O0 -ffunction-sections -fdata-sections -fPIC -gdwarf-2 -fno-omit-frame-pointer --target=arm64-apple-macosx -mmacosx-version-min=26.1 -Wall conftest.c >&5
conftest.c:15:11: error: expected ';' at end of declaration
   15 |   int fail-1;
      |           ^
      |           ;
1 error generated.
configure:3599: $? = 1
configure: failed program was:
| /* confdefs.h */
| #define PACKAGE_NAME ""
| #define PACKAGE_TARNAME ""
| #define PACKAGE_VERSION ""
| #define PACKAGE_STRING ""
| #define PACKAGE_BUGREPORT ""
| #define PACKAGE_URL ""
| /* end confdefs.h.  */
| 
| int
| main ()
| {
| 
| #ifndef _CRAYC
|   int fail-1;
| #endif
| 
|   ;
|   return 0;
| }
configure:3606: result: no
configure:3643: checking whether compiler supports -std=gnu11
configure:3674: cc -c -std=gnu11 -O0 -ffunction-sections -fdata-sections -fPIC -gdwarf-2 -fno-omit-frame-pointer --target=arm64-apple-macosx -mmacosx-version-min=26.1 -Wall -O0 -ffunction-sections -fdata-sections -fPIC -gdwarf-2 -fno-omit-frame-pointer --target=arm64-apple-macosx -mmacosx-version-min=26.1 -Wall conftest.c >&5
configure:3674: $? = 0
configure:3676: result: yes
configure:3760: checking whether compiler supports -Werror=unknown-warning-option
configure:3791: cc -c -std=gnu11 -Werror=unknown-warning-option -O0 -ffunction-sections -fdata-sections -fPIC -gdwarf-2 -fno-omit-frame-pointer --target=arm64-apple-macosx -mmacosx-version-min=26.1 -Wall -O0 -ffunction-sections -fdata-sections -fPIC -gdwarf-2 -fno-omit-frame-pointer --target=arm64-apple-macosx -mmacosx-version-min=26.1 -Wall conftest.c >&5
configure:3791: $? = 0
configure:3793: result: yes
configure:3811: checking whether compiler supports -Wall
configure:3842: cc -c -std=gnu11 -Werror=unknown-warning-option -Wall -O0 -ffunction-sections -fdata-sections -fPIC -gdwarf-2 -fno-omit-frame-pointer --target=arm64-apple-macosx -mmacosx-version-min=26.1 -Wall -O0 -ffunction-sections -fdata-sections -fPIC -gdwarf-2 -fno-omit-frame-pointer --target=arm64-apple-macosx -mmacosx-version-min=26.1 -Wall conftest.c >&5
configure:3842: $? = 0
configure:3844: result: yes
configure:3862: checking whether compiler supports -Wextra
configure:3893: cc -c -std=gnu11 -Werror=unknown-warning-option -Wall -Wextra -O0 -ffunction-sections -fdata-sections -fPIC -gdwarf-2 -fno-omit-frame-pointer --target=arm64-apple-macosx -mmacosx-version-min=26.1 -Wall -O0 -ffunction-sections -fdata-sections -fPIC -gdwarf-2 -fno-omit-frame-pointer --target=arm64-apple-macosx -mmacosx-version-min=26.1 -Wall conftest.c >&5
configure:3893: $? = 0
configure:3895: result: yes
configure:3913: checking whether compiler supports -Wshorten-64-to-32
configure:3944: cc -c -std=gnu11 -Werror=unknown-warning-option -Wall -Wextra -Wshorten-64-to-32 -O0 -ffunction-sections -fdata-sections -fPIC -gdwarf-2 -fno-omit-frame-pointer --target=arm64-apple-macosx -mmacosx-version-min=26.1 -Wall -O0 -ffunction-sections -fdata-sections -fPIC -gdwarf-2 -fno-omit-frame-pointer --target=arm64-apple-macosx -mmacosx-version-min=26.1 -Wall conftest.c >&5
configure:3944: $? = 0
configure:3946: result: yes
configure:3964: checking whether compiler supports -Wsign-compare
configure:3995: cc -c -std=gnu11 -Werror=unknown-warning-option -Wall -Wextra -Wshorten-64-to-32 -Wsign-compare -O0 -ffunction-sections -fdata-sections -fPIC -gdwarf-2 -fno-omit-frame-pointer --target=arm64-apple-macosx -mmacosx-version-min=26.1 -Wall -O0 -ffunction-sections -fdata-sections -fPIC -gdwarf-2 -fno-omit-frame-pointer --target=arm64-apple-macosx -mmacosx-version-min=26.1 -Wall conftest.c >&5
configure:3995: $? = 0
configure:3997: result: yes
configure:4015: checking whether compiler supports -Wundef
configure:4046: cc -c -std=gnu11 -Werror=unknown-warning-option -Wall -Wextra -Wshorten-64-to-32 -Wsign-compare -Wundef -O0 -ffunction-sections -fdata-sections -fPIC -gdwarf-2 -fno-omit-frame-pointer --target=arm64-apple-macosx -mmacosx-version-min=26.1 -Wall -O0 -ffunction-sections -fdata-sections -fPIC -gdwarf-2 -fno-omit-frame-pointer --target=arm64-apple-macosx -mmacosx-version-min=26.1 -Wall conftest.c >&5
configure:4046: $? = 0
configure:4048: result: yes
configure:4066: checking whether compiler supports -Wno-format-zero-length
configure:4097: cc -c -std=gnu11 -Werror=unknown-warning-option -Wall -Wextra -Wshorten-64-to-32 -Wsign-compare -Wundef -Wno-format-zero-length -O0 -ffunction-sections -fdata-sections -fPIC -gdwarf-2 -fno-omit-frame-pointer --target=arm64-apple-macosx -mmacosx-version-min=26.1 -Wall -O0 -ffunction-sections -fdata-sections -fPIC -gdwarf-2 -fno-omit-frame-pointer --target=arm64-apple-macosx -mmacosx-version-min=26.1 -Wall conftest.c >&5
configure:4097: $? = 0
configure:4099: result: yes
configure:4117: checking whether compiler supports -Wpointer-arith
configure:4148: cc -c -std=gnu11 -Werror=unknown-warning-option -Wall -Wextra -Wshorten-64-to-32 -Wsign-compare -Wundef -Wno-format-zero-length -Wpointer-arith -O0 -ffunction-sections -fdata-sections -fPIC -gdwarf-2 -fno-omit-frame-pointer --target=arm64-apple-macosx -mmacosx-version-min=26.1 -Wall -O0 -ffunction-sections -fdata-sections -fPIC -gdwarf-2 -fno-omit-frame-pointer --target=arm64-apple-macosx -mmacosx-version-min=26.1 -Wall conftest.c >&5
configure:4148: $? = 0
configure:4150: result: yes
configure:4168: checking whether compiler supports -Wno-missing-braces
configure:4199: cc -c -std=gnu11 -Werror=unknown-warning-option -Wall -Wextra -Wshorten-64-to-32 -Wsign-compare -Wundef -Wno-format-zero-length -Wpointer-arith -Wno-missing-braces -O0 -ffunction-sections -fdata-sections -fPIC -gdwarf-2 -fno-omit-frame-pointer --target=arm64-apple-macosx -mmacosx-version-min=26.1 -Wall -O0 -ffunction-sections -fdata-sections -fPIC -gdwarf-2 -fno-omit-frame-pointer --target=arm64-apple-macosx -mmacosx-version-min=26.1 -Wall conftest.c >&5
configure:4199: $? = 0
configure:4201: result: yes
configure:4219: checking whether compiler supports -Wno-missing-field-initializers
configure:4250: cc -c -std=gnu11 -Werror=unknown-warning-option -Wall -Wextra -Wshorten-64-to-32 -Wsign-compare -Wundef -Wno-format-zero-length -Wpointer-arith -Wno-missing-braces -Wno-missing-field-initializers -O0 -ffunction-sections -fdata-sections -fPIC -gdwarf-2 -fno-omit-frame-pointer --target=arm64-apple-macosx -mmacosx-version-min=26.1 -Wall -O0 -ffunction-sections -fdata-sections -fPIC -gdwarf-2 -fno-omit-frame-pointer --target=arm64-apple-macosx -mmacosx-version-min=26.1 -Wall conftest.c >&5
configure:4250: $? = 0
configure:4252: result: yes
configure:4270: checking whether compiler supports -Wno-missing-attributes
configure:4301: cc -c -std=gnu11 -Werror=unknown-warning-option -Wall -Wextra -Wshorten-64-to-32 -Wsign-compare -Wundef -Wno-format-zero-length -Wpointer-arith -Wno-missing-braces -Wno-missing-field-initializers -Wno-missing-attributes -O0 -ffunction-sections -fdata-sections -fPIC -gdwarf-2 -fno-omit-frame-pointer --target=arm64-apple-macosx -mmacosx-version-min=26.1 -Wall -O0 -ffunction-sections -fdata-sections -fPIC -gdwarf-2 -fno-omit-frame-pointer --target=arm64-apple-macosx -mmacosx-version-min=26.1 -Wall conftest.c >&5
error: unknown warning option '-Wno-missing-attributes' [-Werror,-Wunknown-warning-option]
configure:4301: $? = 1
configure: failed program was:
| /* confdefs.h */
| #define PACKAGE_NAME ""
| #define PACKAGE_TARNAME ""
| #define PACKAGE_VERSION ""
| #define PACKAGE_STRING ""
| #define PACKAGE_BUGREPORT ""
| #define PACKAGE_URL ""
| #define JEMALLOC_HAS_RESTRICT
| /* end confdefs.h.  */
| 
| 
| int
| main ()
| {
| 
|     return 0;
| 
|   ;
|   return 0;
| }
configure:4307: result: no
configure:4321: checking whether compiler supports -pipe
configure:4352: cc -c -std=gnu11 -Werror=unknown-warning-option -Wall -Wextra -Wshorten-64-to-32 -Wsign-compare -Wundef -Wno-format-zero-length -Wpointer-arith -Wno-missing-braces -Wno-missing-field-initializers -pipe -O0 -ffunction-sections -fdata-sections -fPIC -gdwarf-2 -fno-omit-frame-pointer --target=arm64-apple-macosx -mmacosx-version-min=26.1 -Wall -O0 -ffunction-sections -fdata-sections -fPIC -gdwarf-2 -fno-omit-frame-pointer --target=arm64-apple-macosx -mmacosx-version-min=26.1 -Wall conftest.c >&5
configure:4352: $? = 0
configure:4354: result: yes
configure:4372: checking whether compiler supports -g3
configure:4403: cc -c -std=gnu11 -Werror=unknown-warning-option -Wall -Wextra -Wshorten-64-to-32 -Wsign-compare -Wundef -Wno-format-zero-length -Wpointer-arith -Wno-missing-braces -Wno-missing-field-initializers -pipe -g3 -O0 -ffunction-sections -fdata-sections -fPIC -gdwarf-2 -fno-omit-frame-pointer --target=arm64-apple-macosx -mmacosx-version-min=26.1 -Wall -O0 -ffunction-sections -fdata-sections -fPIC -gdwarf-2 -fno-omit-frame-pointer --target=arm64-apple-macosx -mmacosx-version-min=26.1 -Wall conftest.c >&5
configure:4403: $? = 0
configure:4405: result: yes
configure:4853: checking how to run the C preprocessor
configure:4884: cc -E -O0 -ffunction-sections -fdata-sections -fPIC -gdwarf-2 -fno-omit-frame-pointer --target=arm64-apple-macosx -mmacosx-version-min=26.1 -Wall conftest.c
configure:4884: $? = 0
configure:4898: cc -E -O0 -ffunction-sections -fdata-sections -fPIC -gdwarf-2 -fno-omit-frame-pointer --target=arm64-apple-macosx -mmacosx-version-min=26.1 -Wall conftest.c
conftest.c:10:10: fatal error: 'ac_nonexistent.h' file not found
   10 | #include <ac_nonexistent.h>
      |          ^~~~~~~~~~~~~~~~~~
1 error generated.
configure:4898: $? = 1
configure: failed program was:
| /* confdefs.h */
| #define PACKAGE_NAME ""
| #define PACKAGE_TARNAME ""
| #define PACKAGE_VERSION ""
| #define PACKAGE_STRING ""
| #define PACKAGE_BUGREPORT ""
| #define PACKAGE_URL ""
| #define JEMALLOC_HAS_RESTRICT
| /* end confdefs.h.  */
| #include <ac_nonexistent.h>
configure:4923: result: cc -E
configure:4943: cc -E -O0 -ffunction-sections -fdata-sections -fPIC -gdwarf-2 -fno-omit-frame-pointer --target=arm64-apple-macosx -mmacosx-version-min=26.1 -Wall conftest.c
configure:4943: $? = 0
configure:4957: cc -E -O0 -ffunction-sections -fdata-sections -fPIC -gdwarf-2 -fno-omit-frame-pointer --target=arm64-apple-macosx -mmacosx-version-min=26.1 -Wall conftest.c
conftest.c:10:10: fatal error: 'ac_nonexistent.h' file not found
   10 | #include <ac_nonexistent.h>
      |          ^~~~~~~~~~~~~~~~~~
1 error generated.
configure:4957: $? = 1
configure: failed program was:
| /* confdefs.h */
| #define PACKAGE_NAME ""
| #define PACKAGE_TARNAME ""
| #define PACKAGE_VERSION ""
| #define PACKAGE_STRING ""
| #define PACKAGE_BUGREPORT ""
| #define PACKAGE_URL ""
| #define JEMALLOC_HAS_RESTRICT
| /* end confdefs.h.  */
| #include <ac_nonexistent.h>
configure:6919: checking for grep that handles long lines and -e
configure:6977: result: /usr/bin/grep
configure:6982: checking for egrep
configure:7044: result: /usr/bin/grep -E
configure:7049: checking for ANSI C header files
configure:7069: cc -c -std=gnu11 -Werror=unknown-warning-option -Wall -Wextra -Wshorten-64-to-32 -Wsign-compare -Wundef -Wno-format-zero-length -Wpointer-arith -Wno-missing-braces -Wno-missing-field-initializers -pipe -g3 -O0 -ffunction-sections -fdata-sections -fPIC -gdwarf-2 -fno-omit-frame-pointer --target=arm64-apple-macosx -mmacosx-version-min=26.1 -Wall -O0 -ffunction-sections -fdata-sections -fPIC -gdwarf-2 -fno-omit-frame-pointer --target=arm64-apple-macosx -mmacosx-version-min=26.1 -Wall conftest.c >&5
configure:7069: $? = 0
configure:7142: cc -o conftest -std=gnu11 -Werror=unknown-warning-option -Wall -Wextra -Wshorten-64-to-32 -Wsign-compare -Wundef -Wno-format-zero-length -Wpointer-arith -Wno-missing-braces -Wno-missing-field-initializers -pipe -g3 -O0 -ffunction-sections -fdata-sections -fPIC -gdwarf-2 -fno-omit-frame-pointer --target=arm64-apple-macosx -mmacosx-version-min=26.1 -Wall -O0 -ffunction-sections -fdata-sections -fPIC -gdwarf-2 -fno-omit-frame-pointer --target=arm64-apple-macosx -mmacosx-version-min=26.1 -Wall -O0 -ffunction-sections -fdata-sections -fPIC -gdwarf-2 -fno-omit-frame-pointer --target=arm64-apple-macosx -mmacosx-version-min=26.1 -Wall conftest.c  >&5
configure:7142: $? = 0
configure:7142: ./conftest
configure:7142: $? = 0
configure:7153: result: yes
configure:7166: checking for sys/types.h
configure:7166: cc -c -std=gnu11 -Werror=unknown-warning-option -Wall -Wextra -Wshorten-64-to-32 -Wsign-compare -Wundef -Wno-format-zero-length -Wpointer-arith -Wno-missing-braces -Wno-missing-field-initializers -pipe -g3 -O0 -ffunction-sections -fdata-sections -fPIC -gdwarf-2 -fno-omit-frame-pointer --target=arm64-apple-macosx -mmacosx-version-min=26.1 -Wall -O0 -ffunction-sections -fdata-sections -fPIC -gdwarf-2 -fno-omit-frame-pointer --target=arm64-apple-macosx -mmacosx-version-min=26.1 -Wall conftest.c >&5
configure:7166: $? = 0
configure:7166: result: yes
configure:7166: checking for sys/stat.h
configure:7166: cc -c -std=gnu11 -Werror=unknown-warning-option -Wall -Wextra -Wshorten-64-to-32 -Wsign-compare -Wundef -Wno-format-zero-length -Wpointer-arith -Wno-missing-braces -Wno-missing-field-initializers -pipe -g3 -O0 -ffunction-sections -fdata-sections -fPIC -gdwarf-2 -fno-omit-frame-pointer --target=arm64-apple-macosx -mmacosx-version-min=26.1 -Wall -O0 -ffunction-sections -fdata-sections -fPIC -gdwarf-2 -fno-omit-frame-pointer --target=arm64-apple-macosx -mmacosx-version-min=26.1 -Wall conftest.c >&5
configure:7166: $? = 0
configure:7166: result: yes
configure:7166: checking for stdlib.h
configure:7166: cc -c -std=gnu11 -Werror=unknown-warning-option -Wall -Wextra -Wshorten-64-to-32 -Wsign-compare -Wundef -Wno-format-zero-length -Wpointer-arith -Wno-missing-braces -Wno-missing-field-initializers -pipe -g3 -O0 -ffunction-sections -fdata-sections -fPIC -gdwarf-2 -fno-omit-frame-pointer --target=arm64-apple-macosx -mmacosx-version-min=26.1 -Wall -O0 -ffunction-sections -fdata-sections -fPIC -gdwarf-2 -fno-omit-frame-pointer --target=arm64-apple-macosx -mmacosx-version-min=26.1 -Wall conftest.c >&5
configure:7166: $? = 0
configure:7166: result: yes
configure:7166: checking for string.h
configure:7166: cc -c -std=gnu11 -Werror=unknown-warning-option -Wall -Wextra -Wshorten-64-to-32 -Wsign-compare -Wundef -Wno-format-zero-length -Wpointer-arith -Wno-missing-braces -Wno-missing-field-initializers -pipe -g3 -O0 -ffunction-sections -fdata-sections -fPIC -gdwarf-2 -fno-omit-frame-pointer --target=arm64-apple-macosx -mmacosx-version-min=26.1 -Wall -O0 -ffunction-sections -fdata-sections -fPIC -gdwarf-2 -fno-omit-frame-pointer --target=arm64-apple-macosx -mmacosx-version-min=26.1 -Wall conftest.c >&5
configure:7166: $? = 0
configure:7166: result: yes
configure:7166: checking for memory.h
configure:7166: cc -c -std=gnu11 -Werror=unknown-warning-option -Wall -Wextra -Wshorten-64-to-32 -Wsign-compare -Wundef -Wno-format-zero-length -Wpointer-arith -Wno-missing-braces -Wno-missing-field-initializers -pipe -g3 -O0 -ffunction-sections -fdata-sections -fPIC -gdwarf-2 -fno-omit-frame-pointer --target=arm64-apple-macosx -mmacosx-version-min=26.1 -Wall -O0 -ffunction-sections -fdata-sections -fPIC -gdwarf-2 -fno-omit-frame-pointer --target=arm64-apple-macosx -mmacosx-version-min=26.1 -Wall conftest.c >&5
configure:7166: $? = 0
configure:7166: result: yes
configure:7166: checking for strings.h
configure:7166: cc -c -std=gnu11 -Werror=unknown-warning-option -Wall -Wextra -Wshorten-64-to-32 -Wsign-compare -Wundef -Wno-format-zero-length -Wpointer-arith -Wno-missing-braces -Wno-missing-field-initializers -pipe -g3 -O0 -ffunction-sections -fdata-sections -fPIC -gdwarf-2 -fno-omit-frame-pointer --target=arm64-apple-macosx -mmacosx-version-min=26.1 -Wall -O0 -ffunction-sections -fdata-sections -fPIC -gdwarf-2 -fno-omit-frame-pointer --target=arm64-apple-macosx -mmacosx-version-min=26.1 -Wall conftest.c >&5
configure:7166: $? = 0
configure:7166: result: yes
configure:7166: checking for inttypes.h
configure:7166: cc -c -std=gnu11 -Werror=unknown-warning-option -Wall -Wextra -Wshorten-64-to-32 -Wsign-compare -Wundef -Wno-format-zero-length -Wpointer-arith -Wno-missing-braces -Wno-missing-field-initializers -pipe -g3 -O0 -ffunction-sections -fdata-sections -fPIC -gdwarf-2 -fno-omit-frame-pointer --target=arm64-apple-macosx -mmacosx-version-min=26.1 -Wall -O0 -ffunction-sections -fdata-sections -fPIC -gdwarf-2 -fno-omit-frame-pointer --target=arm64-apple-macosx -mmacosx-version-min=26.1 -Wall conftest.c >&5
configure:7166: $? = 0
configure:7166: result: yes
configure:7166: checking for stdint.h
configure:7166: cc -c -std=gnu11 -Werror=unknown-warning-option -Wall -Wextra -Wshorten-64-to-32 -Wsign-compare -Wundef -Wno-format-zero-length -Wpointer-arith -Wno-missing-braces -Wno-missing-field-initializers -pipe -g3 -O0 -ffunction-sections -fdata-sections -fPIC -gdwarf-2 -fno-omit-frame-pointer --target=arm64-apple-macosx -mmacosx-version-min=26.1 -Wall -O0 -ffunction-sections -fdata-sections -fPIC -gdwarf-2 -fno-omit-frame-pointer --target=arm64-apple-macosx -mmacosx-version-min=26.1 -Wall conftest.c >&5
configure:7166: $? = 0
configure:7166: result: yes
configure:7166: checking for unistd.h
configure:7166: cc -c -std=gnu11 -Werror=unknown-warning-option -Wall -Wextra -Wshorten-64-to-32 -Wsign-compare -Wundef -Wno-format-zero-length -Wpointer-arith -Wno-missing-braces -Wno-missing-field-initializers -pipe -g3 -O0 -ffunction-sections -fdata-sections -fPIC -gdwarf-2 -fno-omit-frame-pointer --target=arm64-apple-macosx -mmacosx-version-min=26.1 -Wall -O0 -ffunction-sections -fdata-sections -fPIC -gdwarf-2 -fno-omit-frame-pointer --target=arm64-apple-macosx -mmacosx-version-min=26.1 -Wall conftest.c >&5
configure:7166: $? = 0
configure:7166: result: yes
configure:7178: checking whether byte ordering is bigendian
configure:7193: cc -c -std=gnu11 -Werror=unknown-warning-option -Wall -Wextra -Wshorten-64-to-32 -Wsign-compare -Wundef -Wno-format-zero-length -Wpointer-arith -Wno-missing-braces -Wno-missing-field-initializers -pipe -g3 -O0 -ffunction-sections -fdata-sections -fPIC -gdwarf-2 -fno-omit-frame-pointer --target=arm64-apple-macosx -mmacosx-version-min=26.1 -Wall -O0 -ffunction-sections -fdata-sections -fPIC -gdwarf-2 -fno-omit-frame-pointer --target=arm64-apple-macosx -mmacosx-version-min=26.1 -Wall conftest.c >&5
configure:7193: $? = 0
configure:7238: cc -c -std=gnu11 -Werror=unknown-warning-option -Wall -Wextra -Wshorten-64-to-32 -Wsign-compare -Wundef -Wno-format-zero-length -Wpointer-arith -Wno-missing-braces -Wno-missing-field-initializers -pipe -g3 -O0 -ffunction-sections -fdata-sections -fPIC -gdwarf-2 -fno-omit-frame-pointer --target=arm64-apple-macosx -mmacosx-version-min=26.1 -Wall -O0 -ffunction-sections -fdata-sections -fPIC -gdwarf-2 -fno-omit-frame-pointer --target=arm64-apple-macosx -mmacosx-version-min=26.1 -Wall conftest.c >&5
configure:7238: $? = 0
configure:7256: cc -c -std=gnu11 -Werror=unknown-warning-option -Wall -Wextra -Wshorten-64-to-32 -Wsign-compare -Wundef -Wno-format-zero-length -Wpointer-arith -Wno-missing-braces -Wno-missing-field-initializers -pipe -g3 -O0 -ffunction-sections -fdata-sections -fPIC -gdwarf-2 -fno-omit-frame-pointer --target=arm64-apple-macosx -mmacosx-version-min=26.1 -Wall -O0 -ffunction-sections -fdata-sections -fPIC -gdwarf-2 -fno-omit-frame-pointer --target=arm64-apple-macosx -mmacosx-version-min=26.1 -Wall conftest.c >&5
conftest.c:27:4: error: use of undeclared identifier 'not'
   27 |                  not big endian
      |                  ^
1 error generated.
configure:7256: $? = 1
configure: failed program was:
| /* confdefs.h */
| #define PACKAGE_NAME ""
| #define PACKAGE_TARNAME ""
| #define PACKAGE_VERSION ""
| #define PACKAGE_STRING ""
| #define PACKAGE_BUGREPORT ""
| #define PACKAGE_URL ""
| #define JEMALLOC_HAS_RESTRICT
| #define STDC_HEADERS 1
| #define HAVE_SYS_TYPES_H 1
| #define HAVE_SYS_STAT_H 1
| #define HAVE_STDLIB_H 1
| #define HAVE_STRING_H 1
| #define HAVE_MEMORY_H 1
| #define HAVE_STRINGS_H 1
| #define HAVE_INTTYPES_H 1
| #define HAVE_STDINT_H 1
| #define HAVE_UNISTD_H 1
| /* end confdefs.h.  */
| #include <sys/types.h>
| 		#include <sys/param.h>
| 
| int
| main ()
| {
| #if BYTE_ORDER != BIG_ENDIAN
| 		 not big endian
| 		#endif
| 
|   ;
|   return 0;
| }
configure:7384: result: no
configure:7429: checking size of void *
configure:7434: cc -o conftest -std=gnu11 -Werror=unknown-warning-option -Wall -Wextra -Wshorten-64-to-32 -Wsign-compare -Wundef -Wno-format-zero-length -Wpointer-arith -Wno-missing-braces -Wno-missing-field-initializers -pipe -g3 -O0 -ffunction-sections -fdata-sections -fPIC -gdwarf-2 -fno-omit-frame-pointer --target=arm64-apple-macosx -mmacosx-version-min=26.1 -Wall -O0 -ffunction-sections -fdata-sections -fPIC -gdwarf-2 -fno-omit-frame-pointer --target=arm64-apple-macosx -mmacosx-version-min=26.1 -Wall -O0 -ffunction-sections -fdata-sections -fPIC -gdwarf-2 -fno-omit-frame-pointer --target=arm64-apple-macosx -mmacosx-version-min=26.1 -Wall conftest.c  >&5
configure:7434: $? = 0
configure:7434: ./conftest
configure:7434: $? = 0
configure:7448: result: 8
configure:7476: checking size of int
configure:7481: cc -o conftest -std=gnu11 -Werror=unknown-warning-option -Wall -Wextra -Wshorten-64-to-32 -Wsign-compare -Wundef -Wno-format-zero-length -Wpointer-arith -Wno-missing-braces -Wno-missing-field-initializers -pipe -g3 -O0 -ffunction-sections -fdata-sections -fPIC -gdwarf-2 -fno-omit-frame-pointer --target=arm64-apple-macosx -mmacosx-version-min=26.1 -Wall -O0 -ffunction-sections -fdata-sections -fPIC -gdwarf-2 -fno-omit-frame-pointer --target=arm64-apple-macosx -mmacosx-version-min=26.1 -Wall -O0 -ffunction-sections -fdata-sections -fPIC -gdwarf-2 -fno-omit-frame-pointer --target=arm64-apple-macosx -mmacosx-version-min=26.1 -Wall conftest.c  >&5
configure:7481: $? = 0
configure:7481: ./conftest
configure:7481: $? = 0
configure:7495: result: 4
configure:7522: checking size of long
configure:7527: cc -o conftest -std=gnu11 -Werror=unknown-warning-option -Wall -Wextra -Wshorten-64-to-32 -Wsign-compare -Wundef -Wno-format-zero-length -Wpointer-arith -Wno-missing-braces -Wno-missing-field-initializers -pipe -g3 -O0 -ffunction-sections -fdata-sections -fPIC -gdwarf-2 -fno-omit-frame-pointer --target=arm64-apple-macosx -mmacosx-version-min=26.1 -Wall -O0 -ffunction-sections -fdata-sections -fPIC -gdwarf-2 -fno-omit-frame-pointer --target=arm64-apple-macosx -mmacosx-version-min=26.1 -Wall -O0 -ffunction-sections -fdata-sections -fPIC -gdwarf-2 -fno-omit-frame-pointer --target=arm64-apple-macosx -mmacosx-version-min=26.1 -Wall conftest.c  >&5
configure:7527: $? = 0
configure:7527: ./conftest
configure:7527: $? = 0
configure:7541: result: 8
configure:7568: checking size of long long
configure:7573: cc -o conftest -std=gnu11 -Werror=unknown-warning-option -Wall -Wextra -Wshorten-64-to-32 -Wsign-compare -Wundef -Wno-format-zero-length -Wpointer-arith -Wno-missing-braces -Wno-missing-field-initializers -pipe -g3 -O0 -ffunction-sections -fdata-sections -fPIC -gdwarf-2 -fno-omit-frame-pointer --target=arm64-apple-macosx -mmacosx-version-min=26.1 -Wall -O0 -ffunction-sections -fdata-sections -fPIC -gdwarf-2 -fno-omit-frame-pointer --target=arm64-apple-macosx -mmacosx-version-min=26.1 -Wall -O0 -ffunction-sections -fdata-sections -fPIC -gdwarf-2 -fno-omit-frame-pointer --target=arm64-apple-macosx -mmacosx-version-min=26.1 -Wall conftest.c  >&5
configure:7573: $? = 0
configure:7573: ./conftest
configure:7573: $? = 0
configure:7587: result: 8
configure:7614: checking size of intmax_t
configure:7619: cc -o conftest -std=gnu11 -Werror=unknown-warning-option -Wall -Wextra -Wshorten-64-to-32 -Wsign-compare -Wundef -Wno-format-zero-length -Wpointer-arith -Wno-missing-braces -Wno-missing-field-initializers -pipe -g3 -O0 -ffunction-sections -fdata-sections -fPIC -gdwarf-2 -fno-omit-frame-pointer --target=arm64-apple-macosx -mmacosx-version-min=26.1 -Wall -O0 -ffunction-sections -fdata-sections -fPIC -gdwarf-2 -fno-omit-frame-pointer --target=arm64-apple-macosx -mmacosx-version-min=26.1 -Wall -O0 -ffunction-sections -fdata-sections -fPIC -gdwarf-2 -fno-omit-frame-pointer --target=arm64-apple-macosx -mmacosx-version-min=26.1 -Wall conftest.c  >&5
configure:7619: $? = 0
configure:7619: ./conftest
configure:7619: $? = 0
configure:7633: result: 8
configure:7662: checking build system type
configure:7676: result: aarch64-apple-darwin
configure:7696: checking host system type
configure:7709: result: aarch64-apple-darwin
configure:7815: checking whether isb instruction is compilable
configure:7831: cc -o conftest -std=gnu11 -Werror=unknown-warning-option -Wall -Wextra -Wshorten-64-to-32 -Wsign-compare -Wundef -Wno-format-zero-length -Wpointer-arith -Wno-missing-braces -Wno-missing-field-initializers -pipe -g3 -O0 -ffunction-sections -fdata-sections -fPIC -gdwarf-2 -fno-omit-frame-pointer --target=arm64-apple-macosx -mmacosx-version-min=26.1 -Wall -O0 -ffunction-sections -fdata-sections -fPIC -gdwarf-2 -fno-omit-frame-pointer --target=arm64-apple-macosx -mmacosx-version-min=26.1 -Wall -O0 -ffunction-sections -fdata-sections -fPIC -gdwarf-2 -fno-omit-frame-pointer --target=arm64-apple-macosx -mmacosx-version-min=26.1 -Wall conftest.c  >&5
configure:7831: $? = 0
configure:7839: result: yes
configure:7875: checking number of significant virtual address bits
configure:7884: result: 48
configure:8025: checking for aarch64-apple-darwin-ar
configure:8055: result: no
configure:8065: checking for ar
configure:8081: found /usr/bin/ar
configure:8092: result: ar
configure:8121: checking for aarch64-apple-darwin-nm
configure:8151: result: no
configure:8161: checking for nm
configure:8177: found /usr/bin/nm
configure:8188: result: nm
configure:8215: checking for gawk
configure:8245: result: no
configure:8215: checking for mawk
configure:8245: result: no
configure:8215: checking for nawk
configure:8245: result: no
configure:8215: checking for awk
configure:8231: found /usr/bin/awk
configure:8242: result: awk
configure:8550: checking malloc.h usability
configure:8550: cc -c -std=gnu11 -Werror=unknown-warning-option -Wall -Wextra -Wshorten-64-to-32 -Wsign-compare -Wundef -Wno-format-zero-length -Wpointer-arith -Wno-missing-braces -Wno-missing-field-initializers -pipe -g3 -O0 -ffunction-sections -fdata-sections -fPIC -gdwarf-2 -fno-omit-frame-pointer --target=arm64-apple-macosx -mmacosx-version-min=26.1 -Wall -O0 -ffunction-sections -fdata-sections -fPIC -gdwarf-2 -fno-omit-frame-pointer --target=arm64-apple-macosx -mmacosx-version-min=26.1 -Wall conftest.c >&5
conftest.c:66:10: fatal error: 'malloc.h' file not found
   66 | #include <malloc.h>
      |          ^~~~~~~~~~
1 error generated.
configure:8550: $? = 1
configure: failed program was:
| /* confdefs.h */
| #define PACKAGE_NAME ""
| #define PACKAGE_TARNAME ""
| #define PACKAGE_VERSION ""
| #define PACKAGE_STRING ""
| #define PACKAGE_BUGREPORT ""
| #define PACKAGE_URL ""
| #define JEMALLOC_HAS_RESTRICT
| #define STDC_HEADERS 1
| #define HAVE_SYS_TYPES_H 1
| #define HAVE_SYS_STAT_H 1
| #define HAVE_STDLIB_H 1
| #define HAVE_STRING_H 1
| #define HAVE_MEMORY_H 1
| #define HAVE_STRINGS_H 1
| #define HAVE_INTTYPES_H 1
| #define HAVE_STDINT_H 1
| #define HAVE_UNISTD_H 1
| #define SIZEOF_VOID_P 8
| #define LG_SIZEOF_PTR 3
| #define SIZEOF_INT 4
| #define LG_SIZEOF_INT 2
| #define SIZEOF_LONG 8
| #define LG_SIZEOF_LONG 3
| #define SIZEOF_LONG_LONG 8
| #define LG_SIZEOF_LONG_LONG 3
| #define SIZEOF_INTMAX_T 8
| #define LG_SIZEOF_INTMAX_T 3
| #define HAVE_CPU_SPINWAIT 1
| #define CPU_SPINWAIT __asm__ volatile("isb")
| #define LG_VADDR 48
| /* end confdefs.h.  */
| #include <stdio.h>
| #ifdef HAVE_SYS_TYPES_H
| # include <sys/types.h>
| #endif
| #ifdef HAVE_SYS_STAT_H
| # include <sys/stat.h>
| #endif
| #ifdef STDC_HEADERS
| # include <stdlib.h>
| # include <stddef.h>
| #else
| # ifdef HAVE_STDLIB_H
| #  include <stdlib.h>
| # endif
| #endif
| #ifdef HAVE_STRING_H
| # if !defined STDC_HEADERS && defined HAVE_MEMORY_H
| #  include <memory.h>
| # endif
| # include <string.h>
| #endif
| #ifdef HAVE_STRINGS_H
| # include <strings.h>
| #endif
| #ifdef HAVE_INTTYPES_H
| # include <inttypes.h>
| #endif
| #ifdef HAVE_STDINT_H
| # include <stdint.h>
| #endif
| #ifdef HAVE_UNISTD_H
| # include <unistd.h>
| #endif
| #include <malloc.h>
configure:8550: result: no
configure:8550: checking malloc.h presence
configure:8550: cc -E -O0 -ffunction-sections -fdata-sections -fPIC -gdwarf-2 -fno-omit-frame-pointer --target=arm64-apple-macosx -mmacosx-version-min=26.1 -Wall conftest.c
conftest.c:33:10: fatal error: 'malloc.h' file not found
   33 | #include <malloc.h>
      |          ^~~~~~~~~~
1 error generated.
configure:8550: $? = 1
configure: failed program was:
| /* confdefs.h */
| #define PACKAGE_NAME ""
| #define PACKAGE_TARNAME ""
| #define PACKAGE_VERSION ""
| #define PACKAGE_STRING ""
| #define PACKAGE_BUGREPORT ""
| #define PACKAGE_URL ""
| #define JEMALLOC_HAS_RESTRICT
| #define STDC_HEADERS 1
| #define HAVE_SYS_TYPES_H 1
| #define HAVE_SYS_STAT_H 1
| #define HAVE_STDLIB_H 1
| #define HAVE_STRING_H 1
| #define HAVE_MEMORY_H 1
| #define HAVE_STRINGS_H 1
| #define HAVE_INTTYPES_H 1
| #define HAVE_STDINT_H 1
| #define HAVE_UNISTD_H 1
| #define SIZEOF_VOID_P 8
| #define LG_SIZEOF_PTR 3
| #define SIZEOF_INT 4
| #define LG_SIZEOF_INT 2
| #define SIZEOF_LONG 8
| #define LG_SIZEOF_LONG 3
| #define SIZEOF_LONG_LONG 8
| #define LG_SIZEOF_LONG_LONG 3
| #define SIZEOF_INTMAX_T 8
| #define LG_SIZEOF_INTMAX_T 3
| #define HAVE_CPU_SPINWAIT 1
| #define CPU_SPINWAIT __asm__ volatile("isb")
| #define LG_VADDR 48
| /* end confdefs.h.  */
| #include <malloc.h>
configure:8550: result: no
configure:8550: checking for malloc.h
configure:8550: result: no
configure:8618: checking for library containing log
configure:8649: cc -o conftest -std=gnu11 -Werror=unknown-warning-option -Wall -Wextra -Wshorten-64-to-32 -Wsign-compare -Wundef -Wno-format-zero-length -Wpointer-arith -Wno-missing-braces -Wno-missing-field-initializers -pipe -g3 -O0 -ffunction-sections -fdata-sections -fPIC -gdwarf-2 -fno-omit-frame-pointer --target=arm64-apple-macosx -mmacosx-version-min=26.1 -Wall -O0 -ffunction-sections -fdata-sections -fPIC -gdwarf-2 -fno-omit-frame-pointer --target=arm64-apple-macosx -mmacosx-version-min=26.1 -Wall -O0 -ffunction-sections -fdata-sections -fPIC -gdwarf-2 -fno-omit-frame-pointer --target=arm64-apple-macosx -mmacosx-version-min=26.1 -Wall conftest.c  >&5
conftest.c:41:6: warning: incompatible redeclaration of library function 'log' [-Wincompatible-library-redeclaration]
   41 | char log ();
      |      ^
conftest.c:41:6: note: 'log' is a builtin with type 'double (double)'
1 warning generated.
configure:8649: $? = 0
configure:8666: result: none required
configure:8684: checking whether __attribute__ syntax is compilable
configure:8700: cc -o conftest -std=gnu11 -Werror=unknown-warning-option -Wall -Wextra -Wshorten-64-to-32 -Wsign-compare -Wundef -Wno-format-zero-length -Wpointer-arith -Wno-missing-braces -Wno-missing-field-initializers -pipe -g3 -O0 -ffunction-sections -fdata-sections -fPIC -gdwarf-2 -fno-omit-frame-pointer --target=arm64-apple-macosx -mmacosx-version-min=26.1 -Wall -O0 -ffunction-sections -fdata-sections -fPIC -gdwarf-2 -fno-omit-frame-pointer --target=arm64-apple-macosx -mmacosx-version-min=26.1 -Wall -O0 -ffunction-sections -fdata-sections -fPIC -gdwarf-2 -fno-omit-frame-pointer --target=arm64-apple-macosx -mmacosx-version-min=26.1 -Wall conftest.c  >&5
configure:8700: $? = 0
configure:8708: result: yes
configure:8835: checking whether compiler supports -Werror
configure:8866: cc -c -std=gnu11 -Werror=unknown-warning-option -Wall -Wextra -Wshorten-64-to-32 -Wsign-compare -Wundef -Wno-format-zero-length -Wpointer-arith -Wno-missing-braces -Wno-missing-field-initializers -pipe -g3 -Werror -O0 -ffunction-sections -fdata-sections -fPIC -gdwarf-2 -fno-omit-frame-pointer --target=arm64-apple-macosx -mmacosx-version-min=26.1 -Wall -O0 -ffunction-sections -fdata-sections -fPIC -gdwarf-2 -fno-omit-frame-pointer --target=arm64-apple-macosx -mmacosx-version-min=26.1 -Wall conftest.c >&5
configure:8866: $? = 0
configure:8868: result: yes
configure:8886: checking whether compiler supports -herror_on_warning
configure:8917: cc -c -std=gnu11 -Werror=unknown-warning-option -Wall -Wextra -Wshorten-64-to-32 -Wsign-compare -Wundef -Wno-format-zero-length -Wpointer-arith -Wno-missing-braces -Wno-missing-field-initializers -pipe -g3 -Werror -herror_on_warning -O0 -ffunction-sections -fdata-sections -fPIC -gdwarf-2 -fno-omit-frame-pointer --target=arm64-apple-macosx -mmacosx-version-min=26.1 -Wall -O0 -ffunction-sections -fdata-sections -fPIC -gdwarf-2 -fno-omit-frame-pointer --target=arm64-apple-macosx -mmacosx-version-min=26.1 -Wall conftest.c >&5
clang: error: unknown argument: '-herror_on_warning'
configure:8917: $? = 1
configure: failed program was:
| /* confdefs.h */
| #define PACKAGE_NAME ""
| #define PACKAGE_TARNAME ""
| #define PACKAGE_VERSION ""
| #define PACKAGE_STRING ""
| #define PACKAGE_BUGREPORT ""
| #define PACKAGE_URL ""
| #define JEMALLOC_HAS_RESTRICT
| #define STDC_HEADERS 1
| #define HAVE_SYS_TYPES_H 1
| #define HAVE_SYS_STAT_H 1
| #define HAVE_STDLIB_H 1
| #define HAVE_STRING_H 1
| #define HAVE_MEMORY_H 1
| #define HAVE_STRINGS_H 1
| #define HAVE_INTTYPES_H 1
| #define HAVE_STDINT_H 1
| #define HAVE_UNISTD_H 1
| #define SIZEOF_VOID_P 8
| #define LG_SIZEOF_PTR 3
| #define SIZEOF_INT 4
| #define LG_SIZEOF_INT 2
| #define SIZEOF_LONG 8
| #define LG_SIZEOF_LONG 3
| #define SIZEOF_LONG_LONG 8
| #define LG_SIZEOF_LONG_LONG 3
| #define SIZEOF_INTMAX_T 8
| #define LG_SIZEOF_INTMAX_T 3
| #define HAVE_CPU_SPINWAIT 1
| #define CPU_SPINWAIT __asm__ volatile("isb")
| #define LG_VADDR 48
| #define JEMALLOC_USABLE_SIZE_CONST const
| #define JEMALLOC_HAVE_ATTR  
| /* end confdefs.h.  */
| 
| 
| int
| main ()
| {
| 
|     return 0;
| 
|   ;
|   return 0;
| }
configure:8923: result: no
configure:8937: checking whether tls_model attribute is compilable
configure:8955: cc -o conftest -std=gnu11 -Werror=unknown-warning-option -Wall -Wextra -Wshorten-64-to-32 -Wsign-compare -Wundef -Wno-format-zero-length -Wpointer-arith -Wno-missing-braces -Wno-missing-field-initializers -pipe -g3 -Werror -O0 -ffunction-sections -fdata-sections -fPIC -gdwarf-2 -fno-omit-frame-pointer --target=arm64-apple-macosx -mmacosx-version-min=26.1 -Wall -O0 -ffunction-sections -fdata-sections -fPIC -gdwarf-2 -fno-omit-frame-pointer --target=arm64-apple-macosx -mmacosx-version-min=26.1 -Wall -O0 -ffunction-sections -fdata-sections -fPIC -gdwarf-2 -fno-omit-frame-pointer --target=arm64-apple-macosx -mmacosx-version-min=26.1 -Wall conftest.c  >&5
configure:8955: $? = 0
configure:8963: result: yes
configure:8978: checking whether compiler supports -Werror
configure:9009: cc -c -std=gnu11 -Werror=unknown-warning-option -Wall -Wextra -Wshorten-64-to-32 -Wsign-compare -Wundef -Wno-format-zero-length -Wpointer-arith -Wno-missing-braces -Wno-missing-field-initializers -pipe -g3 -Werror -O0 -ffunction-sections -fdata-sections -fPIC -gdwarf-2 -fno-omit-frame-pointer --target=arm64-apple-macosx -mmacosx-version-min=26.1 -Wall -O0 -ffunction-sections -fdata-sections -fPIC -gdwarf-2 -fno-omit-frame-pointer --target=arm64-apple-macosx -mmacosx-version-min=26.1 -Wall conftest.c >&5
configure:9009: $? = 0
configure:9011: result: yes
configure:9029: checking whether compiler supports -herror_on_warning
configure:9060: cc -c -std=gnu11 -Werror=unknown-warning-option -Wall -Wextra -Wshorten-64-to-32 -Wsign-compare -Wundef -Wno-format-zero-length -Wpointer-arith -Wno-missing-braces -Wno-missing-field-initializers -pipe -g3 -Werror -herror_on_warning -O0 -ffunction-sections -fdata-sections -fPIC -gdwarf-2 -fno-omit-frame-pointer --target=arm64-apple-macosx -mmacosx-version-min=26.1 -Wall -O0 -ffunction-sections -fdata-sections -fPIC -gdwarf-2 -fno-omit-frame-pointer --target=arm64-apple-macosx -mmacosx-version-min=26.1 -Wall conftest.c >&5
clang: error: unknown argument: '-herror_on_warning'
configure:9060: $? = 1
configure: failed program was:
| /* confdefs.h */
| #define PACKAGE_NAME ""
| #define PACKAGE_TARNAME ""
| #define PACKAGE_VERSION ""
| #define PACKAGE_STRING ""
| #define PACKAGE_BUGREPORT ""
| #define PACKAGE_URL ""
| #define JEMALLOC_HAS_RESTRICT
| #define STDC_HEADERS 1
| #define HAVE_SYS_TYPES_H 1
| #define HAVE_SYS_STAT_H 1
| #define HAVE_STDLIB_H 1
| #define HAVE_STRING_H 1
| #define HAVE_MEMORY_H 1
| #define HAVE_STRINGS_H 1
| #define HAVE_INTTYPES_H 1
| #define HAVE_STDINT_H 1
| #define HAVE_UNISTD_H 1
| #define SIZEOF_VOID_P 8
| #define LG_SIZEOF_PTR 3
| #define SIZEOF_INT 4
| #define LG_SIZEOF_INT 2
| #define SIZEOF_LONG 8
| #define LG_SIZEOF_LONG 3
| #define SIZEOF_LONG_LONG 8
| #define LG_SIZEOF_LONG_LONG 3
| #define SIZEOF_INTMAX_T 8
| #define LG_SIZEOF_INTMAX_T 3
| #define HAVE_CPU_SPINWAIT 1
| #define CPU_SPINWAIT __asm__ volatile("isb")
| #define LG_VADDR 48
| #define JEMALLOC_USABLE_SIZE_CONST const
| #define JEMALLOC_HAVE_ATTR  
| /* end confdefs.h.  */
| 
| 
| int
| main ()
| {
| 
|     return 0;
| 
|   ;
|   return 0;
| }
configure:9066: result: no
configure:9080: checking whether alloc_size attribute is compilable
configure:9096: cc -o conftest -std=gnu11 -Werror=unknown-warning-option -Wall -Wextra -Wshorten-64-to-32 -Wsign-compare -Wundef -Wno-format-zero-length -Wpointer-arith -Wno-missing-braces -Wno-missing-field-initializers -pipe -g3 -Werror -O0 -ffunction-sections -fdata-sections -fPIC -gdwarf-2 -fno-omit-frame-pointer --target=arm64-apple-macosx -mmacosx-version-min=26.1 -Wall -O0 -ffunction-sections -fdata-sections -fPIC -gdwarf-2 -fno-omit-frame-pointer --target=arm64-apple-macosx -mmacosx-version-min=26.1 -Wall -O0 -ffunction-sections -fdata-sections -fPIC -gdwarf-2 -fno-omit-frame-pointer --target=arm64-apple-macosx -mmacosx-version-min=26.1 -Wall conftest.c  >&5
configure:9096: $? = 0
configure:9104: result: yes
configure:9123: checking whether compiler supports -Werror
configure:9154: cc -c -std=gnu11 -Werror=unknown-warning-option -Wall -Wextra -Wshorten-64-to-32 -Wsign-compare -Wundef -Wno-format-zero-length -Wpointer-arith -Wno-missing-braces -Wno-missing-field-initializers -pipe -g3 -Werror -O0 -ffunction-sections -fdata-sections -fPIC -gdwarf-2 -fno-omit-frame-pointer --target=arm64-apple-macosx -mmacosx-version-min=26.1 -Wall -O0 -ffunction-sections -fdata-sections -fPIC -gdwarf-2 -fno-omit-frame-pointer --target=arm64-apple-macosx -mmacosx-version-min=26.1 -Wall conftest.c >&5
configure:9154: $? = 0
configure:9156: result: yes
configure:9174: checking whether compiler supports -herror_on_warning
configure:9205: cc -c -std=gnu11 -Werror=unknown-warning-option -Wall -Wextra -Wshorten-64-to-32 -Wsign-compare -Wundef -Wno-format-zero-length -Wpointer-arith -Wno-missing-braces -Wno-missing-field-initializers -pipe -g3 -Werror -herror_on_warning -O0 -ffunction-sections -fdata-sections -fPIC -gdwarf-2 -fno-omit-frame-pointer --target=arm64-apple-macosx -mmacosx-version-min=26.1 -Wall -O0 -ffunction-sections -fdata-sections -fPIC -gdwarf-2 -fno-omit-frame-pointer --target=arm64-apple-macosx -mmacosx-version-min=26.1 -Wall conftest.c >&5
clang: error: unknown argument: '-herror_on_warning'
configure:9205: $? = 1
configure: failed program was:
| /* confdefs.h */
| #define PACKAGE_NAME ""
| #define PACKAGE_TARNAME ""
| #define PACKAGE_VERSION ""
| #define PACKAGE_STRING ""
| #define PACKAGE_BUGREPORT ""
| #define PACKAGE_URL ""
| #define JEMALLOC_HAS_RESTRICT
| #define STDC_HEADERS 1
| #define HAVE_SYS_TYPES_H 1
| #define HAVE_SYS_STAT_H 1
| #define HAVE_STDLIB_H 1
| #define HAVE_STRING_H 1
| #define HAVE_MEMORY_H 1
| #define HAVE_STRINGS_H 1
| #define HAVE_INTTYPES_H 1
| #define HAVE_STDINT_H 1
| #define HAVE_UNISTD_H 1
| #define SIZEOF_VOID_P 8
| #define LG_SIZEOF_PTR 3
| #define SIZEOF_INT 4
| #define LG_SIZEOF_INT 2
| #define SIZEOF_LONG 8
| #define LG_SIZEOF_LONG 3
| #define SIZEOF_LONG_LONG 8
| #define LG_SIZEOF_LONG_LONG 3
| #define SIZEOF_INTMAX_T 8
| #define LG_SIZEOF_INTMAX_T 3
| #define HAVE_CPU_SPINWAIT 1
| #define CPU_SPINWAIT __asm__ volatile("isb")
| #define LG_VADDR 48
| #define JEMALLOC_USABLE_SIZE_CONST const
| #define JEMALLOC_HAVE_ATTR  
| #define JEMALLOC_HAVE_ATTR_ALLOC_SIZE  
| /* end confdefs.h.  */
| 
| 
| int
| main ()
| {
| 
|     return 0;
| 
|   ;
|   return 0;
| }
configure:9211: result: no
configure:9225: checking whether format(gnu_printf, ...) attribute is compilable
configure:9241: cc -o conftest -std=gnu11 -Werror=unknown-warning-option -Wall -Wextra -Wshorten-64-to-32 -Wsign-compare -Wundef -Wno-format-zero-length -Wpointer-arith -Wno-missing-braces -Wno-missing-field-initializers -pipe -g3 -Werror -O0 -ffunction-sections -fdata-sections -fPIC -gdwarf-2 -fno-omit-frame-pointer --target=arm64-apple-macosx -mmacosx-version-min=26.1 -Wall -O0 -ffunction-sections -fdata-sections -fPIC -gdwarf-2 -fno-omit-frame-pointer --target=arm64-apple-macosx -mmacosx-version-min=26.1 -Wall -O0 -ffunction-sections -fdata-sections -fPIC -gdwarf-2 -fno-omit-frame-pointer --target=arm64-apple-macosx -mmacosx-version-min=26.1 -Wall conftest.c  >&5
conftest.c:40:51: error: 'format' attribute argument not supported: gnu_printf [-Werror,-Wignored-attributes]
   40 | void *foo(const char *format, ...) __attribute__((format(gnu_printf, 1, 2)));
      |                                                   ^
1 error generated.
configure:9241: $? = 1
configure: failed program was:
| /* confdefs.h */
| #define PACKAGE_NAME ""
| #define PACKAGE_TARNAME ""
| #define PACKAGE_VERSION ""
| #define PACKAGE_STRING ""
| #define PACKAGE_BUGREPORT ""
| #define PACKAGE_URL ""
| #define JEMALLOC_HAS_RESTRICT
| #define STDC_HEADERS 1
| #define HAVE_SYS_TYPES_H 1
| #define HAVE_SYS_STAT_H 1
| #define HAVE_STDLIB_H 1
| #define HAVE_STRING_H 1
| #define HAVE_MEMORY_H 1
| #define HAVE_STRINGS_H 1
| #define HAVE_INTTYPES_H 1
| #define HAVE_STDINT_H 1
| #define HAVE_UNISTD_H 1
| #define SIZEOF_VOID_P 8
| #define LG_SIZEOF_PTR 3
| #define SIZEOF_INT 4
| #define LG_SIZEOF_INT 2
| #define SIZEOF_LONG 8
| #define LG_SIZEOF_LONG 3
| #define SIZEOF_LONG_LONG 8
| #define LG_SIZEOF_LONG_LONG 3
| #define SIZEOF_INTMAX_T 8
| #define LG_SIZEOF_INTMAX_T 3
| #define HAVE_CPU_SPINWAIT 1
| #define CPU_SPINWAIT __asm__ volatile("isb")
| #define LG_VADDR 48
| #define JEMALLOC_USABLE_SIZE_CONST const
| #define JEMALLOC_HAVE_ATTR  
| #define JEMALLOC_HAVE_ATTR_ALLOC_SIZE  
| /* end confdefs.h.  */
| #include <stdlib.h>
| int
| main ()
| {
| void *foo(const char *format, ...) __attribute__((format(gnu_printf, 1, 2)));
|   ;
|   return 0;
| }
configure:9249: result: no
configure:9268: checking whether compiler supports -Werror
configure:9299: cc -c -std=gnu11 -Werror=unknown-warning-option -Wall -Wextra -Wshorten-64-to-32 -Wsign-compare -Wundef -Wno-format-zero-length -Wpointer-arith -Wno-missing-braces -Wno-missing-field-initializers -pipe -g3 -Werror -O0 -ffunction-sections -fdata-sections -fPIC -gdwarf-2 -fno-omit-frame-pointer --target=arm64-apple-macosx -mmacosx-version-min=26.1 -Wall -O0 -ffunction-sections -fdata-sections -fPIC -gdwarf-2 -fno-omit-frame-pointer --target=arm64-apple-macosx -mmacosx-version-min=26.1 -Wall conftest.c >&5
configure:9299: $? = 0
configure:9301: result: yes
configure:9319: checking whether compiler supports -herror_on_warning
configure:9350: cc -c -std=gnu11 -Werror=unknown-warning-option -Wall -Wextra -Wshorten-64-to-32 -Wsign-compare -Wundef -Wno-format-zero-length -Wpointer-arith -Wno-missing-braces -Wno-missing-field-initializers -pipe -g3 -Werror -herror_on_warning -O0 -ffunction-sections -fdata-sections -fPIC -gdwarf-2 -fno-omit-frame-pointer --target=arm64-apple-macosx -mmacosx-version-min=26.1 -Wall -O0 -ffunction-sections -fdata-sections -fPIC -gdwarf-2 -fno-omit-frame-pointer --target=arm64-apple-macosx -mmacosx-version-min=26.1 -Wall conftest.c >&5
clang: error: unknown argument: '-herror_on_warning'
configure:9350: $? = 1
configure: failed program was:
| /* confdefs.h */
| #define PACKAGE_NAME ""
| #define PACKAGE_TARNAME ""
| #define PACKAGE_VERSION ""
| #define PACKAGE_STRING ""
| #define PACKAGE_BUGREPORT ""
| #define PACKAGE_URL ""
| #define JEMALLOC_HAS_RESTRICT
| #define STDC_HEADERS 1
| #define HAVE_SYS_TYPES_H 1
| #define HAVE_SYS_STAT_H 1
| #define HAVE_STDLIB_H 1
| #define HAVE_STRING_H 1
| #define HAVE_MEMORY_H 1
| #define HAVE_STRINGS_H 1
| #define HAVE_INTTYPES_H 1
| #define HAVE_STDINT_H 1
| #define HAVE_UNISTD_H 1
| #define SIZEOF_VOID_P 8
| #define LG_SIZEOF_PTR 3
| #define SIZEOF_INT 4
| #define LG_SIZEOF_INT 2
| #define SIZEOF_LONG 8
| #define LG_SIZEOF_LONG 3
| #define SIZEOF_LONG_LONG 8
| #define LG_SIZEOF_LONG_LONG 3
| #define SIZEOF_INTMAX_T 8
| #define LG_SIZEOF_INTMAX_T 3
| #define HAVE_CPU_SPINWAIT 1
| #define CPU_SPINWAIT __asm__ volatile("isb")
| #define LG_VADDR 48
| #define JEMALLOC_USABLE_SIZE_CONST const
| #define JEMALLOC_HAVE_ATTR  
| #define JEMALLOC_HAVE_ATTR_ALLOC_SIZE  
| /* end confdefs.h.  */
| 
| 
| int
| main ()
| {
| 
|     return 0;
| 
|   ;
|   return 0;
| }
configure:9356: result: no
configure:9370: checking whether format(printf, ...) attribute is compilable
configure:9386: cc -o conftest -std=gnu11 -Werror=unknown-warning-option -Wall -Wextra -Wshorten-64-to-32 -Wsign-compare -Wundef -Wno-format-zero-length -Wpointer-arith -Wno-missing-braces -Wno-missing-field-initializers -pipe -g3 -Werror -O0 -ffunction-sections -fdata-sections -fPIC -gdwarf-2 -fno-omit-frame-pointer --target=arm64-apple-macosx -mmacosx-version-min=26.1 -Wall -O0 -ffunction-sections -fdata-sections -fPIC -gdwarf-2 -fno-omit-frame-pointer --target=arm64-apple-macosx -mmacosx-version-min=26.1 -Wall -O0 -ffunction-sections -fdata-sections -fPIC -gdwarf-2 -fno-omit-frame-pointer --target=arm64-apple-macosx -mmacosx-version-min=26.1 -Wall conftest.c  >&5
configure:9386: $? = 0
configure:9394: result: yes
configure:9414: checking whether compiler supports -Werror
configure:9445: cc -c -std=gnu11 -Werror=unknown-warning-option -Wall -Wextra -Wshorten-64-to-32 -Wsign-compare -Wundef -Wno-format-zero-length -Wpointer-arith -Wno-missing-braces -Wno-missing-field-initializers -pipe -g3 -Werror -O0 -ffunction-sections -fdata-sections -fPIC -gdwarf-2 -fno-omit-frame-pointer --target=arm64-apple-macosx -mmacosx-version-min=26.1 -Wall -O0 -ffunction-sections -fdata-sections -fPIC -gdwarf-2 -fno-omit-frame-pointer --target=arm64-apple-macosx -mmacosx-version-min=26.1 -Wall conftest.c >&5
configure:9445: $? = 0
configure:9447: result: yes
configure:9465: checking whether compiler supports -herror_on_warning
configure:9496: cc -c -std=gnu11 -Werror=unknown-warning-option -Wall -Wextra -Wshorten-64-to-32 -Wsign-compare -Wundef -Wno-format-zero-length -Wpointer-arith -Wno-missing-braces -Wno-missing-field-initializers -pipe -g3 -Werror -herror_on_warning -O0 -ffunction-sections -fdata-sections -fPIC -gdwarf-2 -fno-omit-frame-pointer --target=arm64-apple-macosx -mmacosx-version-min=26.1 -Wall -O0 -ffunction-sections -fdata-sections -fPIC -gdwarf-2 -fno-omit-frame-pointer --target=arm64-apple-macosx -mmacosx-version-min=26.1 -Wall conftest.c >&5
clang: error: unknown argument: '-herror_on_warning'
configure:9496: $? = 1
configure: failed program was:
| /* confdefs.h */
| #define PACKAGE_NAME ""
| #define PACKAGE_TARNAME ""
| #define PACKAGE_VERSION ""
| #define PACKAGE_STRING ""
| #define PACKAGE_BUGREPORT ""
| #define PACKAGE_URL ""
| #define JEMALLOC_HAS_RESTRICT
| #define STDC_HEADERS 1
| #define HAVE_SYS_TYPES_H 1
| #define HAVE_SYS_STAT_H 1
| #define HAVE_STDLIB_H 1
| #define HAVE_STRING_H 1
| #define HAVE_MEMORY_H 1
| #define HAVE_STRINGS_H 1
| #define HAVE_INTTYPES_H 1
| #define HAVE_STDINT_H 1
| #define HAVE_UNISTD_H 1
| #define SIZEOF_VOID_P 8
| #define LG_SIZEOF_PTR 3
| #define SIZEOF_INT 4
| #define LG_SIZEOF_INT 2
| #define SIZEOF_LONG 8
| #define LG_SIZEOF_LONG 3
| #define SIZEOF_LONG_LONG 8
| #define LG_SIZEOF_LONG_LONG 3
| #define SIZEOF_INTMAX_T 8
| #define LG_SIZEOF_INTMAX_T 3
| #define HAVE_CPU_SPINWAIT 1
| #define CPU_SPINWAIT __asm__ volatile("isb")
| #define LG_VADDR 48
| #define JEMALLOC_USABLE_SIZE_CONST const
| #define JEMALLOC_HAVE_ATTR  
| #define JEMALLOC_HAVE_ATTR_ALLOC_SIZE  
| #define JEMALLOC_HAVE_ATTR_FORMAT_PRINTF  
| /* end confdefs.h.  */
| 
| 
| int
| main ()
| {
| 
|     return 0;
| 
|   ;
|   return 0;
| }
configure:9502: result: no
configure:9516: checking whether format(printf, ...) attribute is compilable
configure:9532: cc -o conftest -std=gnu11 -Werror=unknown-warning-option -Wall -Wextra -Wshorten-64-to-32 -Wsign-compare -Wundef -Wno-format-zero-length -Wpointer-arith -Wno-missing-braces -Wno-missing-field-initializers -pipe -g3 -Werror -O0 -ffunction-sections -fdata-sections -fPIC -gdwarf-2 -fno-omit-frame-pointer --target=arm64-apple-macosx -mmacosx-version-min=26.1 -Wall -O0 -ffunction-sections -fdata-sections -fPIC -gdwarf-2 -fno-omit-frame-pointer --target=arm64-apple-macosx -mmacosx-version-min=26.1 -Wall -O0 -ffunction-sections -fdata-sections -fPIC -gdwarf-2 -fno-omit-frame-pointer --target=arm64-apple-macosx -mmacosx-version-min=26.1 -Wall conftest.c  >&5
configure:9532: $? = 0
configure:9540: result: yes
configure:9560: checking whether compiler supports -Wimplicit-fallthrough
configure:9591: cc -c -std=gnu11 -Werror=unknown-warning-option -Wall -Wextra -Wshorten-64-to-32 -Wsign-compare -Wundef -Wno-format-zero-length -Wpointer-arith -Wno-missing-braces -Wno-missing-field-initializers -pipe -g3 -Wimplicit-fallthrough -O0 -ffunction-sections -fdata-sections -fPIC -gdwarf-2 -fno-omit-frame-pointer --target=arm64-apple-macosx -mmacosx-version-min=26.1 -Wall -O0 -ffunction-sections -fdata-sections -fPIC -gdwarf-2 -fno-omit-frame-pointer --target=arm64-apple-macosx -mmacosx-version-min=26.1 -Wall conftest.c >&5
configure:9591: $? = 0
configure:9593: result: yes
configure:9611: checking whether fallthrough attribute is compilable
configure:9633: cc -o conftest -std=gnu11 -Werror=unknown-warning-option -Wall -Wextra -Wshorten-64-to-32 -Wsign-compare -Wundef -Wno-format-zero-length -Wpointer-arith -Wno-missing-braces -Wno-missing-field-initializers -pipe -g3 -Wimplicit-fallthrough -O0 -ffunction-sections -fdata-sections -fPIC -gdwarf-2 -fno-omit-frame-pointer --target=arm64-apple-macosx -mmacosx-version-min=26.1 -Wall -O0 -ffunction-sections -fdata-sections -fPIC -gdwarf-2 -fno-omit-frame-pointer --target=arm64-apple-macosx -mmacosx-version-min=26.1 -Wall -O0 -ffunction-sections -fdata-sections -fPIC -gdwarf-2 -fno-omit-frame-pointer --target=arm64-apple-macosx -mmacosx-version-min=26.1 -Wall conftest.c  >&5
configure:9633: $? = 0
configure:9641: result: yes
configure:9657: checking whether compiler supports -Wimplicit-fallthrough
configure:9688: cc -c -std=gnu11 -Werror=unknown-warning-option -Wall -Wextra -Wshorten-64-to-32 -Wsign-compare -Wundef -Wno-format-zero-length -Wpointer-arith -Wno-missing-braces -Wno-missing-field-initializers -pipe -g3 -Wimplicit-fallthrough -O0 -ffunction-sections -fdata-sections -fPIC -gdwarf-2 -fno-omit-frame-pointer --target=arm64-apple-macosx -mmacosx-version-min=26.1 -Wall -O0 -ffunction-sections -fdata-sections -fPIC -gdwarf-2 -fno-omit-frame-pointer --target=arm64-apple-macosx -mmacosx-version-min=26.1 -Wall conftest.c >&5
configure:9688: $? = 0
configure:9690: result: yes
configure:9708: checking whether compiler supports -Wimplicit-fallthrough
configure:9745:  -c -Wimplicit-fallthrough -O0 -ffunction-sections -fdata-sections -fPIC -gdwarf-2 -fno-omit-frame-pointer --target=arm64-apple-macosx -mmacosx-version-min=26.1 -Wall conftest.cpp >&5
/Users/warrenwong/Desktop/DNSProject/DNS/RustProject/fanzhaLogQuery/target/debug/build/tikv-jemalloc-sys-63540218cc279e9a/out/build/configure: line 1694: -c: command not found
configure:9745: $? = 127
configure: failed program was:
| /* confdefs.h */
| #define PACKAGE_NAME ""
| #define PACKAGE_TARNAME ""
| #define PACKAGE_VERSION ""
| #define PACKAGE_STRING ""
| #define PACKAGE_BUGREPORT ""
| #define PACKAGE_URL ""
| #define JEMALLOC_HAS_RESTRICT
| #define STDC_HEADERS 1
| #define HAVE_SYS_TYPES_H 1
| #define HAVE_SYS_STAT_H 1
| #define HAVE_STDLIB_H 1
| #define HAVE_STRING_H 1
| #define HAVE_MEMORY_H 1
| #define HAVE_STRINGS_H 1
| #define HAVE_INTTYPES_H 1
| #define HAVE_STDINT_H 1
| #define HAVE_UNISTD_H 1
| #define SIZEOF_VOID_P 8
| #define LG_SIZEOF_PTR 3
| #define SIZEOF_INT 4
| #define LG_SIZEOF_INT 2
| #define SIZEOF_LONG 8
| #define LG_SIZEOF_LONG 3
| #define SIZEOF_LONG_LONG 8
| #define LG_SIZEOF_LONG_LONG 3
| #define SIZEOF_INTMAX_T 8
| #define LG_SIZEOF_INTMAX_T 3
| #define HAVE_CPU_SPINWAIT 1
| #define CPU_SPINWAIT __asm__ volatile("isb")
| #define LG_VADDR 48
| #define JEMALLOC_USABLE_SIZE_CONST const
| #define JEMALLOC_HAVE_ATTR  
| #define JEMALLOC_HAVE_ATTR_ALLOC_SIZE  
| #define JEMALLOC_HAVE_ATTR_FORMAT_PRINTF  
| #define JEMALLOC_HAVE_ATTR_FORMAT_ARG  
| #define JEMALLOC_HAVE_ATTR_FALLTHROUGH  
| /* end confdefs.h.  */
| 
| 
| int
| main ()
| {
| 
|     return 0;
| 
|   ;
|   return 0;
| }
configure:9751: result: no
configure:9775: checking whether compiler supports -Werror
configure:9806: cc -c -std=gnu11 -Werror=unknown-warning-option -Wall -Wextra -Wshorten-64-to-32 -Wsign-compare -Wundef -Wno-format-zero-length -Wpointer-arith -Wno-missing-braces -Wno-missing-field-initializers -pipe -g3 -Wimplicit-fallthrough -Werror -O0 -ffunction-sections -fdata-sections -fPIC -gdwarf-2 -fno-omit-frame-pointer --target=arm64-apple-macosx -mmacosx-version-min=26.1 -Wall -O0 -ffunction-sections -fdata-sections -fPIC -gdwarf-2 -fno-omit-frame-pointer --target=arm64-apple-macosx -mmacosx-version-min=26.1 -Wall conftest.c >&5
configure:9806: $? = 0
configure:9808: result: yes
configure:9826: checking whether compiler supports -herror_on_warning
configure:9857: cc -c -std=gnu11 -Werror=unknown-warning-option -Wall -Wextra -Wshorten-64-to-32 -Wsign-compare -Wundef -Wno-format-zero-length -Wpointer-arith -Wno-missing-braces -Wno-missing-field-initializers -pipe -g3 -Wimplicit-fallthrough -Werror -herror_on_warning -O0 -ffunction-sections -fdata-sections -fPIC -gdwarf-2 -fno-omit-frame-pointer --target=arm64-apple-macosx -mmacosx-version-min=26.1 -Wall -O0 -ffunction-sections -fdata-sections -fPIC -gdwarf-2 -fno-omit-frame-pointer --target=arm64-apple-macosx -mmacosx-version-min=26.1 -Wall conftest.c >&5
clang: error: unknown argument: '-herror_on_warning'
configure:9857: $? = 1
configure: failed program was:
| /* confdefs.h */
| #define PACKAGE_NAME ""
| #define PACKAGE_TARNAME ""
| #define PACKAGE_VERSION ""
| #define PACKAGE_STRING ""
| #define PACKAGE_BUGREPORT ""
| #define PACKAGE_URL ""
| #define JEMALLOC_HAS_RESTRICT
| #define STDC_HEADERS 1
| #define HAVE_SYS_TYPES_H 1
| #define HAVE_SYS_STAT_H 1
| #define HAVE_STDLIB_H 1
| #define HAVE_STRING_H 1
| #define HAVE_MEMORY_H 1
| #define HAVE_STRINGS_H 1
| #define HAVE_INTTYPES_H 1
| #define HAVE_STDINT_H 1
| #define HAVE_UNISTD_H 1
| #define SIZEOF_VOID_P 8
| #define LG_SIZEOF_PTR 3
| #define SIZEOF_INT 4
| #define LG_SIZEOF_INT 2
| #define SIZEOF_LONG 8
| #define LG_SIZEOF_LONG 3
| #define SIZEOF_LONG_LONG 8
| #define LG_SIZEOF_LONG_LONG 3
| #define SIZEOF_INTMAX_T 8
| #define LG_SIZEOF_INTMAX_T 3
| #define HAVE_CPU_SPINWAIT 1
| #define CPU_SPINWAIT __asm__ volatile("isb")
| #define LG_VADDR 48
| #define JEMALLOC_USABLE_SIZE_CONST const
| #define JEMALLOC_HAVE_ATTR  
| #define JEMALLOC_HAVE_ATTR_ALLOC_SIZE  
| #define JEMALLOC_HAVE_ATTR_FORMAT_PRINTF  
| #define JEMALLOC_HAVE_ATTR_FORMAT_ARG  
| #define JEMALLOC_HAVE_ATTR_FALLTHROUGH  
| /* end confdefs.h.  */
| 
| 
| int
| main ()
| {
| 
|     return 0;
| 
|   ;
|   return 0;
| }
configure:9863: result: no
configure:9877: checking whether cold attribute is compilable
configure:9893: cc -o conftest -std=gnu11 -Werror=unknown-warning-option -Wall -Wextra -Wshorten-64-to-32 -Wsign-compare -Wundef -Wno-format-zero-length -Wpointer-arith -Wno-missing-braces -Wno-missing-field-initializers -pipe -g3 -Wimplicit-fallthrough -Werror -O0 -ffunction-sections -fdata-sections -fPIC -gdwarf-2 -fno-omit-frame-pointer --target=arm64-apple-macosx -mmacosx-version-min=26.1 -Wall -O0 -ffunction-sections -fdata-sections -fPIC -gdwarf-2 -fno-omit-frame-pointer --target=arm64-apple-macosx -mmacosx-version-min=26.1 -Wall -O0 -ffunction-sections -fdata-sections -fPIC -gdwarf-2 -fno-omit-frame-pointer --target=arm64-apple-macosx -mmacosx-version-min=26.1 -Wall conftest.c  >&5
configure:9893: $? = 0
configure:9901: result: yes
configure:9919: checking whether vm_make_tag is compilable
configure:9938: cc -o conftest -std=gnu11 -Werror=unknown-warning-option -Wall -Wextra -Wshorten-64-to-32 -Wsign-compare -Wundef -Wno-format-zero-length -Wpointer-arith -Wno-missing-braces -Wno-missing-field-initializers -pipe -g3 -Wimplicit-fallthrough -O0 -ffunction-sections -fdata-sections -fPIC -gdwarf-2 -fno-omit-frame-pointer --target=arm64-apple-macosx -mmacosx-version-min=26.1 -Wall -O0 -ffunction-sections -fdata-sections -fPIC -gdwarf-2 -fno-omit-frame-pointer --target=arm64-apple-macosx -mmacosx-version-min=26.1 -Wall -O0 -ffunction-sections -fdata-sections -fPIC -gdwarf-2 -fno-omit-frame-pointer --target=arm64-apple-macosx -mmacosx-version-min=26.1 -Wall conftest.c  >&5
configure:9938: $? = 0
configure:9946: result: yes
configure:9999: checking for a BSD-compatible install
configure:10067: result: /usr/bin/install -c
configure:10081: checking for aarch64-apple-darwin-ranlib
configure:10111: result: no
configure:10121: checking for ranlib
configure:10137: found /usr/bin/ranlib
configure:10148: result: ranlib
configure:10172: checking for ld
configure:10190: found /usr/bin/ld
configure:10203: result: /usr/bin/ld
configure:10213: checking for autoconf
configure:10244: result: false
configure:10357: checking for memalign
configure:10357: cc -o conftest -std=gnu11 -Werror=unknown-warning-option -Wall -Wextra -Wshorten-64-to-32 -Wsign-compare -Wundef -Wno-format-zero-length -Wpointer-arith -Wno-missing-braces -Wno-missing-field-initializers -pipe -g3 -Wimplicit-fallthrough -O0 -ffunction-sections -fdata-sections -fPIC -gdwarf-2 -fno-omit-frame-pointer --target=arm64-apple-macosx -mmacosx-version-min=26.1 -Wall -O0 -ffunction-sections -fdata-sections -fPIC -gdwarf-2 -fno-omit-frame-pointer --target=arm64-apple-macosx -mmacosx-version-min=26.1 -Wall -O0 -ffunction-sections -fdata-sections -fPIC -gdwarf-2 -fno-omit-frame-pointer --target=arm64-apple-macosx -mmacosx-version-min=26.1 -Wall conftest.c  >&5
conftest.c:66:6: warning: incompatible redeclaration of library function 'memalign' [-Wincompatible-library-redeclaration]
   66 | char memalign ();
      |      ^
conftest.c:66:6: note: 'memalign' is a builtin with type 'void *(unsigned long, unsigned long)'
1 warning generated.
Undefined symbols for architecture arm64:
  "_memalign", referenced from:
      _main in conftest-f5e4d7.o
ld: symbol(s) not found for architecture arm64
clang: error: linker command failed with exit code 1 (use -v to see invocation)
configure:10357: $? = 1
configure: failed program was:
| /* confdefs.h */
| #define PACKAGE_NAME ""
| #define PACKAGE_TARNAME ""
| #define PACKAGE_VERSION ""
| #define PACKAGE_STRING ""
| #define PACKAGE_BUGREPORT ""
| #define PACKAGE_URL ""
| #define JEMALLOC_HAS_RESTRICT
| #define STDC_HEADERS 1
| #define HAVE_SYS_TYPES_H 1
| #define HAVE_SYS_STAT_H 1
| #define HAVE_STDLIB_H 1
| #define HAVE_STRING_H 1
| #define HAVE_MEMORY_H 1
| #define HAVE_STRINGS_H 1
| #define HAVE_INTTYPES_H 1
| #define HAVE_STDINT_H 1
| #define HAVE_UNISTD_H 1
| #define SIZEOF_VOID_P 8
| #define LG_SIZEOF_PTR 3
| #define SIZEOF_INT 4
| #define LG_SIZEOF_INT 2
| #define SIZEOF_LONG 8
| #define LG_SIZEOF_LONG 3
| #define SIZEOF_LONG_LONG 8
| #define LG_SIZEOF_LONG_LONG 3
| #define SIZEOF_INTMAX_T 8
| #define LG_SIZEOF_INTMAX_T 3
| #define HAVE_CPU_SPINWAIT 1
| #define CPU_SPINWAIT __asm__ volatile("isb")
| #define LG_VADDR 48
| #define JEMALLOC_USABLE_SIZE_CONST const
| #define JEMALLOC_HAVE_ATTR  
| #define JEMALLOC_HAVE_ATTR_ALLOC_SIZE  
| #define JEMALLOC_HAVE_ATTR_FORMAT_PRINTF  
| #define JEMALLOC_HAVE_ATTR_FORMAT_ARG  
| #define JEMALLOC_HAVE_ATTR_FALLTHROUGH  
| #define JEMALLOC_HAVE_ATTR_COLD  
| #define JEMALLOC_HAVE_VM_MAKE_TAG  
| #define JEMALLOC_PREFIX "_rjem_"
| #define JEMALLOC_CPREFIX "_RJEM_"
| /* end confdefs.h.  */
| /* Define memalign to an innocuous variant, in case <limits.h> declares memalign.
|    For example, HP-UX 11i <limits.h> declares gettimeofday.  */
| #define memalign innocuous_memalign
| 
| /* System header to define __stub macros and hopefully few prototypes,
|     which can conflict with char memalign (); below.
|     Prefer <limits.h> to <assert.h> if __STDC__ is defined, since
|     <limits.h> exists even on freestanding compilers.  */
| 
| #ifdef __STDC__
| # include <limits.h>
| #else
| # include <assert.h>
| #endif
| 
| #undef memalign
| 
| /* Override any GCC internal prototype to avoid an error.
|    Use char because int might match the return type of a GCC
|    builtin and then its argument prototype would still apply.  */
| #ifdef __cplusplus
| extern "C"
| #endif
| char memalign ();
| /* The GNU C library defines this for functions which it implements
|     to always fail with ENOSYS.  Some functions are actually named
|     something starting with __ and the normal name is an alias.  */
| #if defined __stub_memalign || defined __stub___memalign
| choke me
| #endif
| 
| int
| main ()
| {
| return memalign ();
|   ;
|   return 0;
| }
configure:10357: result: no
configure:10365: checking for valloc
configure:10365: cc -o conftest -std=gnu11 -Werror=unknown-warning-option -Wall -Wextra -Wshorten-64-to-32 -Wsign-compare -Wundef -Wno-format-zero-length -Wpointer-arith -Wno-missing-braces -Wno-missing-field-initializers -pipe -g3 -Wimplicit-fallthrough -O0 -ffunction-sections -fdata-sections -fPIC -gdwarf-2 -fno-omit-frame-pointer --target=arm64-apple-macosx -mmacosx-version-min=26.1 -Wall -O0 -ffunction-sections -fdata-sections -fPIC -gdwarf-2 -fno-omit-frame-pointer --target=arm64-apple-macosx -mmacosx-version-min=26.1 -Wall -O0 -ffunction-sections -fdata-sections -fPIC -gdwarf-2 -fno-omit-frame-pointer --target=arm64-apple-macosx -mmacosx-version-min=26.1 -Wall conftest.c  >&5
configure:10365: $? = 0
configure:10365: result: yes
configure:10373: checking for malloc_size
configure:10373: cc -o conftest -std=gnu11 -Werror=unknown-warning-option -Wall -Wextra -Wshorten-64-to-32 -Wsign-compare -Wundef -Wno-format-zero-length -Wpointer-arith -Wno-missing-braces -Wno-missing-field-initializers -pipe -g3 -Wimplicit-fallthrough -O0 -ffunction-sections -fdata-sections -fPIC -gdwarf-2 -fno-omit-frame-pointer --target=arm64-apple-macosx -mmacosx-version-min=26.1 -Wall -O0 -ffunction-sections -fdata-sections -fPIC -gdwarf-2 -fno-omit-frame-pointer --target=arm64-apple-macosx -mmacosx-version-min=26.1 -Wall -O0 -ffunction-sections -fdata-sections -fPIC -gdwarf-2 -fno-omit-frame-pointer --target=arm64-apple-macosx -mmacosx-version-min=26.1 -Wall conftest.c  >&5
configure:10373: $? = 0
configure:10373: result: yes
configure:10590: checking whether compiler supports -O3
configure:10621: cc -c -std=gnu11 -Werror=unknown-warning-option -Wall -Wextra -Wshorten-64-to-32 -Wsign-compare -Wundef -Wno-format-zero-length -Wpointer-arith -Wno-missing-braces -Wno-missing-field-initializers -pipe -g3 -Wimplicit-fallthrough -O3 -O0 -ffunction-sections -fdata-sections -fPIC -gdwarf-2 -fno-omit-frame-pointer --target=arm64-apple-macosx -mmacosx-version-min=26.1 -Wall -O0 -ffunction-sections -fdata-sections -fPIC -gdwarf-2 -fno-omit-frame-pointer --target=arm64-apple-macosx -mmacosx-version-min=26.1 -Wall conftest.c >&5
configure:10621: $? = 0
configure:10623: result: yes
configure:10641: checking whether compiler supports -O3
configure:10678:  -c -O3 -O0 -ffunction-sections -fdata-sections -fPIC -gdwarf-2 -fno-omit-frame-pointer --target=arm64-apple-macosx -mmacosx-version-min=26.1 -Wall conftest.cpp >&5
/Users/warrenwong/Desktop/DNSProject/DNS/RustProject/fanzhaLogQuery/target/debug/build/tikv-jemalloc-sys-63540218cc279e9a/out/build/configure: line 1694: -c: command not found
configure:10678: $? = 127
configure: failed program was:
| /* confdefs.h */
| #define PACKAGE_NAME ""
| #define PACKAGE_TARNAME ""
| #define PACKAGE_VERSION ""
| #define PACKAGE_STRING ""
| #define PACKAGE_BUGREPORT ""
| #define PACKAGE_URL ""
| #define JEMALLOC_HAS_RESTRICT
| #define STDC_HEADERS 1
| #define HAVE_SYS_TYPES_H 1
| #define HAVE_SYS_STAT_H 1
| #define HAVE_STDLIB_H 1
| #define HAVE_STRING_H 1
| #define HAVE_MEMORY_H 1
| #define HAVE_STRINGS_H 1
| #define HAVE_INTTYPES_H 1
| #define HAVE_STDINT_H 1
| #define HAVE_UNISTD_H 1
| #define SIZEOF_VOID_P 8
| #define LG_SIZEOF_PTR 3
| #define SIZEOF_INT 4
| #define LG_SIZEOF_INT 2
| #define SIZEOF_LONG 8
| #define LG_SIZEOF_LONG 3
| #define SIZEOF_LONG_LONG 8
| #define LG_SIZEOF_LONG_LONG 3
| #define SIZEOF_INTMAX_T 8
| #define LG_SIZEOF_INTMAX_T 3
| #define HAVE_CPU_SPINWAIT 1
| #define CPU_SPINWAIT __asm__ volatile("isb")
| #define LG_VADDR 48
| #define JEMALLOC_USABLE_SIZE_CONST const
| #define JEMALLOC_HAVE_ATTR  
| #define JEMALLOC_HAVE_ATTR_ALLOC_SIZE  
| #define JEMALLOC_HAVE_ATTR_FORMAT_PRINTF  
| #define JEMALLOC_HAVE_ATTR_FORMAT_ARG  
| #define JEMALLOC_HAVE_ATTR_FALLTHROUGH  
| #define JEMALLOC_HAVE_ATTR_COLD  
| #define JEMALLOC_HAVE_VM_MAKE_TAG  
| #define JEMALLOC_PREFIX "_rjem_"
| #define JEMALLOC_CPREFIX "_RJEM_"
| #define JEMALLOC_OVERRIDE_VALLOC  
| #define JEMALLOC_HAVE_MALLOC_SIZE  
| #define JEMALLOC_PRIVATE_NAMESPACE _rjem_je_
| #define JEMALLOC_CONFIG_MALLOC_CONF ""
| /* end confdefs.h.  */
| 
| 
| int
| main ()
| {
| 
|     return 0;
| 
|   ;
|   return 0;
| }
configure:10684: result: no
configure:10704: checking whether compiler supports -funroll-loops
configure:10735: cc -c -std=gnu11 -Werror=unknown-warning-option -Wall -Wextra -Wshorten-64-to-32 -Wsign-compare -Wundef -Wno-format-zero-length -Wpointer-arith -Wno-missing-braces -Wno-missing-field-initializers -pipe -g3 -Wimplicit-fallthrough -O3 -funroll-loops -O0 -ffunction-sections -fdata-sections -fPIC -gdwarf-2 -fno-omit-frame-pointer --target=arm64-apple-macosx -mmacosx-version-min=26.1 -Wall -O0 -ffunction-sections -fdata-sections -fPIC -gdwarf-2 -fno-omit-frame-pointer --target=arm64-apple-macosx -mmacosx-version-min=26.1 -Wall conftest.c >&5
configure:10735: $? = 0
configure:10737: result: yes
configure:11329: checking configured backtracing method
configure:11331: result: N/A
configure:11368: checking for sbrk
configure:11368: cc -o conftest -std=gnu11 -Werror=unknown-warning-option -Wall -Wextra -Wshorten-64-to-32 -Wsign-compare -Wundef -Wno-format-zero-length -Wpointer-arith -Wno-missing-braces -Wno-missing-field-initializers -pipe -g3 -Wimplicit-fallthrough -O3 -funroll-loops -O0 -ffunction-sections -fdata-sections -fPIC -gdwarf-2 -fno-omit-frame-pointer --target=arm64-apple-macosx -mmacosx-version-min=26.1 -Wall -O0 -ffunction-sections -fdata-sections -fPIC -gdwarf-2 -fno-omit-frame-pointer --target=arm64-apple-macosx -mmacosx-version-min=26.1 -Wall -O0 -ffunction-sections -fdata-sections -fPIC -gdwarf-2 -fno-omit-frame-pointer --target=arm64-apple-macosx -mmacosx-version-min=26.1 -Wall conftest.c  >&5
configure:11368: $? = 0
configure:11368: result: yes
configure:11377: result: Disabling dss allocation because sbrk is deprecated
configure:11425: checking whether utrace(2) is compilable
configure:11449: cc -o conftest -std=gnu11 -Werror=unknown-warning-option -Wall -Wextra -Wshorten-64-to-32 -Wsign-compare -Wundef -Wno-format-zero-length -Wpointer-arith -Wno-missing-braces -Wno-missing-field-initializers -pipe -g3 -Wimplicit-fallthrough -O3 -funroll-loops -O0 -ffunction-sections -fdata-sections -fPIC -gdwarf-2 -fno-omit-frame-pointer --target=arm64-apple-macosx -mmacosx-version-min=26.1 -Wall -O0 -ffunction-sections -fdata-sections -fPIC -gdwarf-2 -fno-omit-frame-pointer --target=arm64-apple-macosx -mmacosx-version-min=26.1 -Wall -O0 -ffunction-sections -fdata-sections -fPIC -gdwarf-2 -fno-omit-frame-pointer --target=arm64-apple-macosx -mmacosx-version-min=26.1 -Wall conftest.c  >&5
conftest.c:55:10: fatal error: 'sys/ktrace.h' file not found
   55 | #include <sys/ktrace.h>
      |          ^~~~~~~~~~~~~~
1 error generated.
configure:11449: $? = 1
configure: failed program was:
| /* confdefs.h */
| #define PACKAGE_NAME ""
| #define PACKAGE_TARNAME ""
| #define PACKAGE_VERSION ""
| #define PACKAGE_STRING ""
| #define PACKAGE_BUGREPORT ""
| #define PACKAGE_URL ""
| #define JEMALLOC_HAS_RESTRICT
| #define STDC_HEADERS 1
| #define HAVE_SYS_TYPES_H 1
| #define HAVE_SYS_STAT_H 1
| #define HAVE_STDLIB_H 1
| #define HAVE_STRING_H 1
| #define HAVE_MEMORY_H 1
| #define HAVE_STRINGS_H 1
| #define HAVE_INTTYPES_H 1
| #define HAVE_STDINT_H 1
| #define HAVE_UNISTD_H 1
| #define SIZEOF_VOID_P 8
| #define LG_SIZEOF_PTR 3
| #define SIZEOF_INT 4
| #define LG_SIZEOF_INT 2
| #define SIZEOF_LONG 8
| #define LG_SIZEOF_LONG 3
| #define SIZEOF_LONG_LONG 8
| #define LG_SIZEOF_LONG_LONG 3
| #define SIZEOF_INTMAX_T 8
| #define LG_SIZEOF_INTMAX_T 3
| #define HAVE_CPU_SPINWAIT 1
| #define CPU_SPINWAIT __asm__ volatile("isb")
| #define LG_VADDR 48
| #define JEMALLOC_USABLE_SIZE_CONST const
| #define JEMALLOC_HAVE_ATTR  
| #define JEMALLOC_HAVE_ATTR_ALLOC_SIZE  
| #define JEMALLOC_HAVE_ATTR_FORMAT_PRINTF  
| #define JEMALLOC_HAVE_ATTR_FORMAT_ARG  
| #define JEMALLOC_HAVE_ATTR_FALLTHROUGH  
| #define JEMALLOC_HAVE_ATTR_COLD  
| #define JEMALLOC_HAVE_VM_MAKE_TAG  
| #define JEMALLOC_PREFIX "_rjem_"
| #define JEMALLOC_CPREFIX "_RJEM_"
| #define JEMALLOC_OVERRIDE_VALLOC  
| #define JEMALLOC_HAVE_MALLOC_SIZE  
| #define JEMALLOC_PRIVATE_NAMESPACE _rjem_je_
| #define JEMALLOC_CONFIG_MALLOC_CONF ""
| #define JEMALLOC_STATS  
| #define JEMALLOC_MAPS_COALESCE  
| #define JEMALLOC_FILL  
| /* end confdefs.h.  */
| 
| #include <sys/types.h>
| #include <sys/param.h>
| #include <sys/time.h>
| #include <sys/uio.h>
| #include <sys/ktrace.h>
| 
| int
| main ()
| {
| 
| 	utrace((void *)0, 0);
| 
|   ;
|   return 0;
| }
configure:11457: result: no
configure:11462: checking whether utrace(2) with label is compilable
configure:11486: cc -o conftest -std=gnu11 -Werror=unknown-warning-option -Wall -Wextra -Wshorten-64-to-32 -Wsign-compare -Wundef -Wno-format-zero-length -Wpointer-arith -Wno-missing-braces -Wno-missing-field-initializers -pipe -g3 -Wimplicit-fallthrough -O3 -funroll-loops -O0 -ffunction-sections -fdata-sections -fPIC -gdwarf-2 -fno-omit-frame-pointer --target=arm64-apple-macosx -mmacosx-version-min=26.1 -Wall -O0 -ffunction-sections -fdata-sections -fPIC -gdwarf-2 -fno-omit-frame-pointer --target=arm64-apple-macosx -mmacosx-version-min=26.1 -Wall -O0 -ffunction-sections -fdata-sections -fPIC -gdwarf-2 -fno-omit-frame-pointer --target=arm64-apple-macosx -mmacosx-version-min=26.1 -Wall conftest.c  >&5
conftest.c:55:12: fatal error: 'sys/ktrace.h' file not found
   55 |   #include <sys/ktrace.h>
      |            ^~~~~~~~~~~~~~
1 error generated.
configure:11486: $? = 1
configure: failed program was:
| /* confdefs.h */
| #define PACKAGE_NAME ""
| #define PACKAGE_TARNAME ""
| #define PACKAGE_VERSION ""
| #define PACKAGE_STRING ""
| #define PACKAGE_BUGREPORT ""
| #define PACKAGE_URL ""
| #define JEMALLOC_HAS_RESTRICT
| #define STDC_HEADERS 1
| #define HAVE_SYS_TYPES_H 1
| #define HAVE_SYS_STAT_H 1
| #define HAVE_STDLIB_H 1
| #define HAVE_STRING_H 1
| #define HAVE_MEMORY_H 1
| #define HAVE_STRINGS_H 1
| #define HAVE_INTTYPES_H 1
| #define HAVE_STDINT_H 1
| #define HAVE_UNISTD_H 1
| #define SIZEOF_VOID_P 8
| #define LG_SIZEOF_PTR 3
| #define SIZEOF_INT 4
| #define LG_SIZEOF_INT 2
| #define SIZEOF_LONG 8
| #define LG_SIZEOF_LONG 3
| #define SIZEOF_LONG_LONG 8
| #define LG_SIZEOF_LONG_LONG 3
| #define SIZEOF_INTMAX_T 8
| #define LG_SIZEOF_INTMAX_T 3
| #define HAVE_CPU_SPINWAIT 1
| #define CPU_SPINWAIT __asm__ volatile("isb")
| #define LG_VADDR 48
| #define JEMALLOC_USABLE_SIZE_CONST const
| #define JEMALLOC_HAVE_ATTR  
| #define JEMALLOC_HAVE_ATTR_ALLOC_SIZE  
| #define JEMALLOC_HAVE_ATTR_FORMAT_PRINTF  
| #define JEMALLOC_HAVE_ATTR_FORMAT_ARG  
| #define JEMALLOC_HAVE_ATTR_FALLTHROUGH  
| #define JEMALLOC_HAVE_ATTR_COLD  
| #define JEMALLOC_HAVE_VM_MAKE_TAG  
| #define JEMALLOC_PREFIX "_rjem_"
| #define JEMALLOC_CPREFIX "_RJEM_"
| #define JEMALLOC_OVERRIDE_VALLOC  
| #define JEMALLOC_HAVE_MALLOC_SIZE  
| #define JEMALLOC_PRIVATE_NAMESPACE _rjem_je_
| #define JEMALLOC_CONFIG_MALLOC_CONF ""
| #define JEMALLOC_STATS  
| #define JEMALLOC_MAPS_COALESCE  
| #define JEMALLOC_FILL  
| /* end confdefs.h.  */
| 
|   #include <sys/types.h>
|   #include <sys/param.h>
|   #include <sys/time.h>
|   #include <sys/uio.h>
|   #include <sys/ktrace.h>
| 
| int
| main ()
| {
| 
| 	  utrace((void *)0, (void *)0, 0);
| 
|   ;
|   return 0;
| }
configure:11494: result: no
configure:11654: checking whether a program using __builtin_unreachable is compilable
configure:11678: cc -o conftest -std=gnu11 -Werror=unknown-warning-option -Wall -Wextra -Wshorten-64-to-32 -Wsign-compare -Wundef -Wno-format-zero-length -Wpointer-arith -Wno-missing-braces -Wno-missing-field-initializers -pipe -g3 -Wimplicit-fallthrough -O3 -funroll-loops -O0 -ffunction-sections -fdata-sections -fPIC -gdwarf-2 -fno-omit-frame-pointer --target=arm64-apple-macosx -mmacosx-version-min=26.1 -Wall -O0 -ffunction-sections -fdata-sections -fPIC -gdwarf-2 -fno-omit-frame-pointer --target=arm64-apple-macosx -mmacosx-version-min=26.1 -Wall -O0 -ffunction-sections -fdata-sections -fPIC -gdwarf-2 -fno-omit-frame-pointer --target=arm64-apple-macosx -mmacosx-version-min=26.1 -Wall conftest.c  >&5
configure:11678: $? = 0
configure:11686: result: yes
configure:11700: checking whether a program using __builtin_ffsl is compilable
configure:11725: cc -o conftest -std=gnu11 -Werror=unknown-warning-option -Wall -Wextra -Wshorten-64-to-32 -Wsign-compare -Wundef -Wno-format-zero-length -Wpointer-arith -Wno-missing-braces -Wno-missing-field-initializers -pipe -g3 -Wimplicit-fallthrough -O3 -funroll-loops -O0 -ffunction-sections -fdata-sections -fPIC -gdwarf-2 -fno-omit-frame-pointer --target=arm64-apple-macosx -mmacosx-version-min=26.1 -Wall -O0 -ffunction-sections -fdata-sections -fPIC -gdwarf-2 -fno-omit-frame-pointer --target=arm64-apple-macosx -mmacosx-version-min=26.1 -Wall -O0 -ffunction-sections -fdata-sections -fPIC -gdwarf-2 -fno-omit-frame-pointer --target=arm64-apple-macosx -mmacosx-version-min=26.1 -Wall conftest.c  >&5
configure:11725: $? = 0
configure:11733: result: yes
configure:11800: checking whether a program using __builtin_popcountl is compilable
configure:11825: cc -o conftest -std=gnu11 -Werror=unknown-warning-option -Wall -Wextra -Wshorten-64-to-32 -Wsign-compare -Wundef -Wno-format-zero-length -Wpointer-arith -Wno-missing-braces -Wno-missing-field-initializers -pipe -g3 -Wimplicit-fallthrough -O3 -funroll-loops -O0 -ffunction-sections -fdata-sections -fPIC -gdwarf-2 -fno-omit-frame-pointer --target=arm64-apple-macosx -mmacosx-version-min=26.1 -Wall -O0 -ffunction-sections -fdata-sections -fPIC -gdwarf-2 -fno-omit-frame-pointer --target=arm64-apple-macosx -mmacosx-version-min=26.1 -Wall -O0 -ffunction-sections -fdata-sections -fPIC -gdwarf-2 -fno-omit-frame-pointer --target=arm64-apple-macosx -mmacosx-version-min=26.1 -Wall conftest.c  >&5
configure:11825: $? = 0
configure:11833: result: yes
configure:11894: checking LG_PAGE
configure:11945: cc -o conftest -std=gnu11 -Werror=unknown-warning-option -Wall -Wextra -Wshorten-64-to-32 -Wsign-compare -Wundef -Wno-format-zero-length -Wpointer-arith -Wno-missing-braces -Wno-missing-field-initializers -pipe -g3 -Wimplicit-fallthrough -O3 -funroll-loops -O0 -ffunction-sections -fdata-sections -fPIC -gdwarf-2 -fno-omit-frame-pointer --target=arm64-apple-macosx -mmacosx-version-min=26.1 -Wall -O0 -ffunction-sections -fdata-sections -fPIC -gdwarf-2 -fno-omit-frame-pointer --target=arm64-apple-macosx -mmacosx-version-min=26.1 -Wall -O0 -ffunction-sections -fdata-sections -fPIC -gdwarf-2 -fno-omit-frame-pointer --target=arm64-apple-macosx -mmacosx-version-min=26.1 -Wall conftest.c  >&5
conftest.c:79:14: warning: implicit conversion loses integer precision: 'long' to 'int' [-Wshorten-64-to-32]
   79 |     result = sysconf(_SC_PAGESIZE);
      |            ~ ^~~~~~~~~~~~~~~~~~~~~
1 warning generated.
configure:11945: $? = 0
configure:11945: ./conftest
configure:11945: $? = 0
configure:11955: result: 14
configure:12029: checking pthread.h usability
configure:12029: cc -c -std=gnu11 -Werror=unknown-warning-option -Wall -Wextra -Wshorten-64-to-32 -Wsign-compare -Wundef -Wno-format-zero-length -Wpointer-arith -Wno-missing-braces -Wno-missing-field-initializers -pipe -g3 -Wimplicit-fallthrough -O3 -funroll-loops -O0 -ffunction-sections -fdata-sections -fPIC -gdwarf-2 -fno-omit-frame-pointer --target=arm64-apple-macosx -mmacosx-version-min=26.1 -Wall -O0 -ffunction-sections -fdata-sections -fPIC -gdwarf-2 -fno-omit-frame-pointer --target=arm64-apple-macosx -mmacosx-version-min=26.1 -Wall conftest.c >&5
configure:12029: $? = 0
configure:12029: result: yes
configure:12029: checking pthread.h presence
configure:12029: cc -E -O0 -ffunction-sections -fdata-sections -fPIC -gdwarf-2 -fno-omit-frame-pointer --target=arm64-apple-macosx -mmacosx-version-min=26.1 -Wall conftest.c
configure:12029: $? = 0
configure:12029: result: yes
configure:12029: checking for pthread.h
configure:12029: result: yes
configure:12041: checking for pthread_create in -lpthread
configure:12066: cc -o conftest -std=gnu11 -Werror=unknown-warning-option -Wall -Wextra -Wshorten-64-to-32 -Wsign-compare -Wundef -Wno-format-zero-length -Wpointer-arith -Wno-missing-braces -Wno-missing-field-initializers -pipe -g3 -Wimplicit-fallthrough -O3 -funroll-loops -O0 -ffunction-sections -fdata-sections -fPIC -gdwarf-2 -fno-omit-frame-pointer --target=arm64-apple-macosx -mmacosx-version-min=26.1 -Wall -O0 -ffunction-sections -fdata-sections -fPIC -gdwarf-2 -fno-omit-frame-pointer --target=arm64-apple-macosx -mmacosx-version-min=26.1 -Wall -O0 -ffunction-sections -fdata-sections -fPIC -gdwarf-2 -fno-omit-frame-pointer --target=arm64-apple-macosx -mmacosx-version-min=26.1 -Wall conftest.c -lpthread   >&5
configure:12066: $? = 0
configure:12075: result: yes
configure:12154: checking dlfcn.h usability
configure:12154: cc -c -std=gnu11 -Werror=unknown-warning-option -Wall -Wextra -Wshorten-64-to-32 -Wsign-compare -Wundef -Wno-format-zero-length -Wpointer-arith -Wno-missing-braces -Wno-missing-field-initializers -pipe -g3 -Wimplicit-fallthrough -O3 -funroll-loops -O0 -ffunction-sections -fdata-sections -fPIC -gdwarf-2 -fno-omit-frame-pointer --target=arm64-apple-macosx -mmacosx-version-min=26.1 -Wall -O0 -ffunction-sections -fdata-sections -fPIC -gdwarf-2 -fno-omit-frame-pointer --target=arm64-apple-macosx -mmacosx-version-min=26.1 -Wall conftest.c >&5
configure:12154: $? = 0
configure:12154: result: yes
configure:12154: checking dlfcn.h presence
configure:12154: cc -E -O0 -ffunction-sections -fdata-sections -fPIC -gdwarf-2 -fno-omit-frame-pointer --target=arm64-apple-macosx -mmacosx-version-min=26.1 -Wall conftest.c
configure:12154: $? = 0
configure:12154: result: yes
configure:12154: checking for dlfcn.h
configure:12154: result: yes
configure:12159: checking for dlsym
configure:12159: cc -o conftest -std=gnu11 -Werror=unknown-warning-option -Wall -Wextra -Wshorten-64-to-32 -Wsign-compare -Wundef -Wno-format-zero-length -Wpointer-arith -Wno-missing-braces -Wno-missing-field-initializers -pipe -g3 -Wimplicit-fallthrough -O3 -funroll-loops -O0 -ffunction-sections -fdata-sections -fPIC -gdwarf-2 -fno-omit-frame-pointer --target=arm64-apple-macosx -mmacosx-version-min=26.1 -Wall -O0 -ffunction-sections -fdata-sections -fPIC -gdwarf-2 -fno-omit-frame-pointer --target=arm64-apple-macosx -mmacosx-version-min=26.1 -Wall -O0 -ffunction-sections -fdata-sections -fPIC -gdwarf-2 -fno-omit-frame-pointer --target=arm64-apple-macosx -mmacosx-version-min=26.1 -Wall conftest.c -pthread >&5
configure:12159: $? = 0
configure:12159: result: yes
configure:12223: checking whether pthread_atfork(3) is compilable
configure:12243: cc -o conftest -std=gnu11 -Werror=unknown-warning-option -Wall -Wextra -Wshorten-64-to-32 -Wsign-compare -Wundef -Wno-format-zero-length -Wpointer-arith -Wno-missing-braces -Wno-missing-field-initializers -pipe -g3 -Wimplicit-fallthrough -O3 -funroll-loops -O0 -ffunction-sections -fdata-sections -fPIC -gdwarf-2 -fno-omit-frame-pointer --target=arm64-apple-macosx -mmacosx-version-min=26.1 -Wall -O0 -ffunction-sections -fdata-sections -fPIC -gdwarf-2 -fno-omit-frame-pointer --target=arm64-apple-macosx -mmacosx-version-min=26.1 -Wall -O0 -ffunction-sections -fdata-sections -fPIC -gdwarf-2 -fno-omit-frame-pointer --target=arm64-apple-macosx -mmacosx-version-min=26.1 -Wall conftest.c -pthread >&5
configure:12243: $? = 0
configure:12251: result: yes
configure:12260: checking whether pthread_setname_np(3) is compilable
configure:12280: cc -o conftest -std=gnu11 -Werror=unknown-warning-option -Wall -Wextra -Wshorten-64-to-32 -Wsign-compare -Wundef -Wno-format-zero-length -Wpointer-arith -Wno-missing-braces -Wno-missing-field-initializers -pipe -g3 -Wimplicit-fallthrough -O3 -funroll-loops -O0 -ffunction-sections -fdata-sections -fPIC -gdwarf-2 -fno-omit-frame-pointer --target=arm64-apple-macosx -mmacosx-version-min=26.1 -Wall -O0 -ffunction-sections -fdata-sections -fPIC -gdwarf-2 -fno-omit-frame-pointer --target=arm64-apple-macosx -mmacosx-version-min=26.1 -Wall -O0 -ffunction-sections -fdata-sections -fPIC -gdwarf-2 -fno-omit-frame-pointer --target=arm64-apple-macosx -mmacosx-version-min=26.1 -Wall conftest.c -pthread >&5
conftest.c:72:38: error: too many arguments to function call, expected 1, have 2
   72 |   pthread_setname_np(pthread_self(), "setname_test");
      |   ~~~~~~~~~~~~~~~~~~                 ^~~~~~~~~~~~~~
/Library/Developer/CommandLineTools/SDKs/MacOSX.sdk/usr/include/pthread.h:535:5: note: 'pthread_setname_np' declared here
  535 | int     pthread_setname_np(const char*);
      |         ^                  ~~~~~~~~~~~
1 error generated.
configure:12280: $? = 1
configure: failed program was:
| /* confdefs.h */
| #define PACKAGE_NAME ""
| #define PACKAGE_TARNAME ""
| #define PACKAGE_VERSION ""
| #define PACKAGE_STRING ""
| #define PACKAGE_BUGREPORT ""
| #define PACKAGE_URL ""
| #define JEMALLOC_HAS_RESTRICT
| #define STDC_HEADERS 1
| #define HAVE_SYS_TYPES_H 1
| #define HAVE_SYS_STAT_H 1
| #define HAVE_STDLIB_H 1
| #define HAVE_STRING_H 1
| #define HAVE_MEMORY_H 1
| #define HAVE_STRINGS_H 1
| #define HAVE_INTTYPES_H 1
| #define HAVE_STDINT_H 1
| #define HAVE_UNISTD_H 1
| #define SIZEOF_VOID_P 8
| #define LG_SIZEOF_PTR 3
| #define SIZEOF_INT 4
| #define LG_SIZEOF_INT 2
| #define SIZEOF_LONG 8
| #define LG_SIZEOF_LONG 3
| #define SIZEOF_LONG_LONG 8
| #define LG_SIZEOF_LONG_LONG 3
| #define SIZEOF_INTMAX_T 8
| #define LG_SIZEOF_INTMAX_T 3
| #define HAVE_CPU_SPINWAIT 1
| #define CPU_SPINWAIT __asm__ volatile("isb")
| #define LG_VADDR 48
| #define JEMALLOC_USABLE_SIZE_CONST const
| #define JEMALLOC_HAVE_ATTR  
| #define JEMALLOC_HAVE_ATTR_ALLOC_SIZE  
| #define JEMALLOC_HAVE_ATTR_FORMAT_PRINTF  
| #define JEMALLOC_HAVE_ATTR_FORMAT_ARG  
| #define JEMALLOC_HAVE_ATTR_FALLTHROUGH  
| #define JEMALLOC_HAVE_ATTR_COLD  
| #define JEMALLOC_HAVE_VM_MAKE_TAG  
| #define JEMALLOC_PREFIX "_rjem_"
| #define JEMALLOC_CPREFIX "_RJEM_"
| #define JEMALLOC_OVERRIDE_VALLOC  
| #define JEMALLOC_HAVE_MALLOC_SIZE  
| #define JEMALLOC_PRIVATE_NAMESPACE _rjem_je_
| #define JEMALLOC_CONFIG_MALLOC_CONF ""
| #define JEMALLOC_STATS  
| #define JEMALLOC_MAPS_COALESCE  
| #define JEMALLOC_FILL  
| #define JEMALLOC_CACHE_OBLIVIOUS  
| #define JEMALLOC_INTERNAL_UNREACHABLE __builtin_unreachable
| #define JEMALLOC_INTERNAL_FFSLL __builtin_ffsll
| #define JEMALLOC_INTERNAL_FFSL __builtin_ffsl
| #define JEMALLOC_INTERNAL_FFS __builtin_ffs
| #define JEMALLOC_INTERNAL_POPCOUNT __builtin_popcount
| #define JEMALLOC_INTERNAL_POPCOUNTL __builtin_popcountl
| #define JEMALLOC_INTERNAL_POPCOUNTLL __builtin_popcountll
| #define LG_PAGE 14
| #define LG_HUGEPAGE 21
| #define JEMALLOC_HAVE_PTHREAD  
| #define HAVE_PTHREAD_H 1
| #define HAVE_DLFCN_H 1
| #define JEMALLOC_HAVE_DLSYM  
| #define JEMALLOC_HAVE_PTHREAD_ATFORK  
| /* end confdefs.h.  */
| 
| #include <pthread.h>
| 
| int
| main ()
| {
| 
|   pthread_setname_np(pthread_self(), "setname_test");
| 
|   ;
|   return 0;
| }
configure:12288: result: no
configure:12297: checking whether pthread_getname_np(3) is compilable
configure:12322: cc -o conftest -std=gnu11 -Werror=unknown-warning-option -Wall -Wextra -Wshorten-64-to-32 -Wsign-compare -Wundef -Wno-format-zero-length -Wpointer-arith -Wno-missing-braces -Wno-missing-field-initializers -pipe -g3 -Wimplicit-fallthrough -O3 -funroll-loops -O0 -ffunction-sections -fdata-sections -fPIC -gdwarf-2 -fno-omit-frame-pointer --target=arm64-apple-macosx -mmacosx-version-min=26.1 -Wall -O0 -ffunction-sections -fdata-sections -fPIC -gdwarf-2 -fno-omit-frame-pointer --target=arm64-apple-macosx -mmacosx-version-min=26.1 -Wall -O0 -ffunction-sections -fdata-sections -fPIC -gdwarf-2 -fno-omit-frame-pointer --target=arm64-apple-macosx -mmacosx-version-min=26.1 -Wall conftest.c -pthread >&5
configure:12322: $? = 0
configure:12330: result: yes
configure:12339: checking whether pthread_get_name_np(3) is compilable
configure:12365: cc -o conftest -std=gnu11 -Werror=unknown-warning-option -Wall -Wextra -Wshorten-64-to-32 -Wsign-compare -Wundef -Wno-format-zero-length -Wpointer-arith -Wno-missing-braces -Wno-missing-field-initializers -pipe -g3 -Wimplicit-fallthrough -O3 -funroll-loops -O0 -ffunction-sections -fdata-sections -fPIC -gdwarf-2 -fno-omit-frame-pointer --target=arm64-apple-macosx -mmacosx-version-min=26.1 -Wall -O0 -ffunction-sections -fdata-sections -fPIC -gdwarf-2 -fno-omit-frame-pointer --target=arm64-apple-macosx -mmacosx-version-min=26.1 -Wall -O0 -ffunction-sections -fdata-sections -fPIC -gdwarf-2 -fno-omit-frame-pointer --target=arm64-apple-macosx -mmacosx-version-min=26.1 -Wall conftest.c -pthread >&5
conftest.c:68:10: fatal error: 'pthread_np.h' file not found
   68 | #include <pthread_np.h>
      |          ^~~~~~~~~~~~~~
1 error generated.
configure:12365: $? = 1
configure: failed program was:
| /* confdefs.h */
| #define PACKAGE_NAME ""
| #define PACKAGE_TARNAME ""
| #define PACKAGE_VERSION ""
| #define PACKAGE_STRING ""
| #define PACKAGE_BUGREPORT ""
| #define PACKAGE_URL ""
| #define JEMALLOC_HAS_RESTRICT
| #define STDC_HEADERS 1
| #define HAVE_SYS_TYPES_H 1
| #define HAVE_SYS_STAT_H 1
| #define HAVE_STDLIB_H 1
| #define HAVE_STRING_H 1
| #define HAVE_MEMORY_H 1
| #define HAVE_STRINGS_H 1
| #define HAVE_INTTYPES_H 1
| #define HAVE_STDINT_H 1
| #define HAVE_UNISTD_H 1
| #define SIZEOF_VOID_P 8
| #define LG_SIZEOF_PTR 3
| #define SIZEOF_INT 4
| #define LG_SIZEOF_INT 2
| #define SIZEOF_LONG 8
| #define LG_SIZEOF_LONG 3
| #define SIZEOF_LONG_LONG 8
| #define LG_SIZEOF_LONG_LONG 3
| #define SIZEOF_INTMAX_T 8
| #define LG_SIZEOF_INTMAX_T 3
| #define HAVE_CPU_SPINWAIT 1
| #define CPU_SPINWAIT __asm__ volatile("isb")
| #define LG_VADDR 48
| #define JEMALLOC_USABLE_SIZE_CONST const
| #define JEMALLOC_HAVE_ATTR  
| #define JEMALLOC_HAVE_ATTR_ALLOC_SIZE  
| #define JEMALLOC_HAVE_ATTR_FORMAT_PRINTF  
| #define JEMALLOC_HAVE_ATTR_FORMAT_ARG  
| #define JEMALLOC_HAVE_ATTR_FALLTHROUGH  
| #define JEMALLOC_HAVE_ATTR_COLD  
| #define JEMALLOC_HAVE_VM_MAKE_TAG  
| #define JEMALLOC_PREFIX "_rjem_"
| #define JEMALLOC_CPREFIX "_RJEM_"
| #define JEMALLOC_OVERRIDE_VALLOC  
| #define JEMALLOC_HAVE_MALLOC_SIZE  
| #define JEMALLOC_PRIVATE_NAMESPACE _rjem_je_
| #define JEMALLOC_CONFIG_MALLOC_CONF ""
| #define JEMALLOC_STATS  
| #define JEMALLOC_MAPS_COALESCE  
| #define JEMALLOC_FILL  
| #define JEMALLOC_CACHE_OBLIVIOUS  
| #define JEMALLOC_INTERNAL_UNREACHABLE __builtin_unreachable
| #define JEMALLOC_INTERNAL_FFSLL __builtin_ffsll
| #define JEMALLOC_INTERNAL_FFSL __builtin_ffsl
| #define JEMALLOC_INTERNAL_FFS __builtin_ffs
| #define JEMALLOC_INTERNAL_POPCOUNT __builtin_popcount
| #define JEMALLOC_INTERNAL_POPCOUNTL __builtin_popcountl
| #define JEMALLOC_INTERNAL_POPCOUNTLL __builtin_popcountll
| #define LG_PAGE 14
| #define LG_HUGEPAGE 21
| #define JEMALLOC_HAVE_PTHREAD  
| #define HAVE_PTHREAD_H 1
| #define HAVE_DLFCN_H 1
| #define JEMALLOC_HAVE_DLSYM  
| #define JEMALLOC_HAVE_PTHREAD_ATFORK  
| #define JEMALLOC_HAVE_PTHREAD_GETNAME_NP  
| /* end confdefs.h.  */
| 
| #include <pthread.h>
| #include <pthread_np.h>
| #include <stdlib.h>
| 
| int
| main ()
| {
| 
|   {
|   	char *name = malloc(16);
|   	pthread_get_name_np(pthread_self(), name, 16);
| 	free(name);
|   }
| 
|   ;
|   return 0;
| }
configure:12373: result: no
configure:12392: checking for library containing clock_gettime
configure:12423: cc -o conftest -std=gnu11 -Werror=unknown-warning-option -Wall -Wextra -Wshorten-64-to-32 -Wsign-compare -Wundef -Wno-format-zero-length -Wpointer-arith -Wno-missing-braces -Wno-missing-field-initializers -pipe -g3 -Wimplicit-fallthrough -O3 -funroll-loops -O0 -ffunction-sections -fdata-sections -fPIC -gdwarf-2 -fno-omit-frame-pointer --target=arm64-apple-macosx -mmacosx-version-min=26.1 -Wall -O0 -ffunction-sections -fdata-sections -fPIC -gdwarf-2 -fno-omit-frame-pointer --target=arm64-apple-macosx -mmacosx-version-min=26.1 -Wall -D_REENTRANT -O0 -ffunction-sections -fdata-sections -fPIC -gdwarf-2 -fno-omit-frame-pointer --target=arm64-apple-macosx -mmacosx-version-min=26.1 -Wall conftest.c -pthread >&5
configure:12423: $? = 0
configure:12440: result: none required
configure:12575: checking whether clock_gettime(CLOCK_MONOTONIC_COARSE, ...) is compilable
configure:12597: cc -o conftest -std=gnu11 -Werror=unknown-warning-option -Wall -Wextra -Wshorten-64-to-32 -Wsign-compare -Wundef -Wno-format-zero-length -Wpointer-arith -Wno-missing-braces -Wno-missing-field-initializers -pipe -g3 -Wimplicit-fallthrough -O3 -funroll-loops -O0 -ffunction-sections -fdata-sections -fPIC -gdwarf-2 -fno-omit-frame-pointer --target=arm64-apple-macosx -mmacosx-version-min=26.1 -Wall -O0 -ffunction-sections -fdata-sections -fPIC -gdwarf-2 -fno-omit-frame-pointer --target=arm64-apple-macosx -mmacosx-version-min=26.1 -Wall -D_REENTRANT -O0 -ffunction-sections -fdata-sections -fPIC -gdwarf-2 -fno-omit-frame-pointer --target=arm64-apple-macosx -mmacosx-version-min=26.1 -Wall conftest.c -pthread >&5
conftest.c:75:16: error: use of undeclared identifier 'CLOCK_MONOTONIC_COARSE'; did you mean '_CLOCK_MONOTONIC_RAW'?
   75 |         clock_gettime(CLOCK_MONOTONIC_COARSE, &ts);
      |                       ^~~~~~~~~~~~~~~~~~~~~~
      |                       _CLOCK_MONOTONIC_RAW
/Library/Developer/CommandLineTools/SDKs/MacOSX.sdk/usr/include/_time.h:162:1: note: '_CLOCK_MONOTONIC_RAW' declared here
  162 | _CLOCK_MONOTONIC_RAW __CLOCK_AVAILABILITY = 4,
      | ^
1 error generated.
configure:12597: $? = 1
configure: failed program was:
| /* confdefs.h */
| #define PACKAGE_NAME ""
| #define PACKAGE_TARNAME ""
| #define PACKAGE_VERSION ""
| #define PACKAGE_STRING ""
| #define PACKAGE_BUGREPORT ""
| #define PACKAGE_URL ""
| #define JEMALLOC_HAS_RESTRICT
| #define STDC_HEADERS 1
| #define HAVE_SYS_TYPES_H 1
| #define HAVE_SYS_STAT_H 1
| #define HAVE_STDLIB_H 1
| #define HAVE_STRING_H 1
| #define HAVE_MEMORY_H 1
| #define HAVE_STRINGS_H 1
| #define HAVE_INTTYPES_H 1
| #define HAVE_STDINT_H 1
| #define HAVE_UNISTD_H 1
| #define SIZEOF_VOID_P 8
| #define LG_SIZEOF_PTR 3
| #define SIZEOF_INT 4
| #define LG_SIZEOF_INT 2
| #define SIZEOF_LONG 8
| #define LG_SIZEOF_LONG 3
| #define SIZEOF_LONG_LONG 8
| #define LG_SIZEOF_LONG_LONG 3
| #define SIZEOF_INTMAX_T 8
| #define LG_SIZEOF_INTMAX_T 3
| #define HAVE_CPU_SPINWAIT 1
| #define CPU_SPINWAIT __asm__ volatile("isb")
| #define LG_VADDR 48
| #define JEMALLOC_USABLE_SIZE_CONST const
| #define JEMALLOC_HAVE_ATTR  
| #define JEMALLOC_HAVE_ATTR_ALLOC_SIZE  
| #define JEMALLOC_HAVE_ATTR_FORMAT_PRINTF  
| #define JEMALLOC_HAVE_ATTR_FORMAT_ARG  
| #define JEMALLOC_HAVE_ATTR_FALLTHROUGH  
| #define JEMALLOC_HAVE_ATTR_COLD  
| #define JEMALLOC_HAVE_VM_MAKE_TAG  
| #define JEMALLOC_PREFIX "_rjem_"
| #define JEMALLOC_CPREFIX "_RJEM_"
| #define JEMALLOC_OVERRIDE_VALLOC  
| #define JEMALLOC_HAVE_MALLOC_SIZE  
| #define JEMALLOC_PRIVATE_NAMESPACE _rjem_je_
| #define JEMALLOC_CONFIG_MALLOC_CONF ""
| #define JEMALLOC_STATS  
| #define JEMALLOC_MAPS_COALESCE  
| #define JEMALLOC_FILL  
| #define JEMALLOC_CACHE_OBLIVIOUS  
| #define JEMALLOC_INTERNAL_UNREACHABLE __builtin_unreachable
| #define JEMALLOC_INTERNAL_FFSLL __builtin_ffsll
| #define JEMALLOC_INTERNAL_FFSL __builtin_ffsl
| #define JEMALLOC_INTERNAL_FFS __builtin_ffs
| #define JEMALLOC_INTERNAL_POPCOUNT __builtin_popcount
| #define JEMALLOC_INTERNAL_POPCOUNTL __builtin_popcountl
| #define JEMALLOC_INTERNAL_POPCOUNTLL __builtin_popcountll
| #define LG_PAGE 14
| #define LG_HUGEPAGE 21
| #define JEMALLOC_HAVE_PTHREAD  
| #define HAVE_PTHREAD_H 1
| #define HAVE_DLFCN_H 1
| #define JEMALLOC_HAVE_DLSYM  
| #define JEMALLOC_HAVE_PTHREAD_ATFORK  
| #define JEMALLOC_HAVE_PTHREAD_GETNAME_NP  
| /* end confdefs.h.  */
| 
| #include <time.h>
| 
| int
| main ()
| {
| 
| 	struct timespec ts;
| 
| 	clock_gettime(CLOCK_MONOTONIC_COARSE, &ts);
| 
|   ;
|   return 0;
| }
configure:12605: result: no
configure:12615: checking whether clock_gettime(CLOCK_MONOTONIC, ...) is compilable
configure:12641: cc -o conftest -std=gnu11 -Werror=unknown-warning-option -Wall -Wextra -Wshorten-64-to-32 -Wsign-compare -Wundef -Wno-format-zero-length -Wpointer-arith -Wno-missing-braces -Wno-missing-field-initializers -pipe -g3 -Wimplicit-fallthrough -O3 -funroll-loops -O0 -ffunction-sections -fdata-sections -fPIC -gdwarf-2 -fno-omit-frame-pointer --target=arm64-apple-macosx -mmacosx-version-min=26.1 -Wall -O0 -ffunction-sections -fdata-sections -fPIC -gdwarf-2 -fno-omit-frame-pointer --target=arm64-apple-macosx -mmacosx-version-min=26.1 -Wall -D_REENTRANT -O0 -ffunction-sections -fdata-sections -fPIC -gdwarf-2 -fno-omit-frame-pointer --target=arm64-apple-macosx -mmacosx-version-min=26.1 -Wall conftest.c -pthread >&5
conftest.c:78:4: error: _POSIX_MONOTONIC_CLOCK missing/invalid
   78 | #  error _POSIX_MONOTONIC_CLOCK missing/invalid
      |    ^
1 error generated.
configure:12641: $? = 1
configure: failed program was:
| /* confdefs.h */
| #define PACKAGE_NAME ""
| #define PACKAGE_TARNAME ""
| #define PACKAGE_VERSION ""
| #define PACKAGE_STRING ""
| #define PACKAGE_BUGREPORT ""
| #define PACKAGE_URL ""
| #define JEMALLOC_HAS_RESTRICT
| #define STDC_HEADERS 1
| #define HAVE_SYS_TYPES_H 1
| #define HAVE_SYS_STAT_H 1
| #define HAVE_STDLIB_H 1
| #define HAVE_STRING_H 1
| #define HAVE_MEMORY_H 1
| #define HAVE_STRINGS_H 1
| #define HAVE_INTTYPES_H 1
| #define HAVE_STDINT_H 1
| #define HAVE_UNISTD_H 1
| #define SIZEOF_VOID_P 8
| #define LG_SIZEOF_PTR 3
| #define SIZEOF_INT 4
| #define LG_SIZEOF_INT 2
| #define SIZEOF_LONG 8
| #define LG_SIZEOF_LONG 3
| #define SIZEOF_LONG_LONG 8
| #define LG_SIZEOF_LONG_LONG 3
| #define SIZEOF_INTMAX_T 8
| #define LG_SIZEOF_INTMAX_T 3
| #define HAVE_CPU_SPINWAIT 1
| #define CPU_SPINWAIT __asm__ volatile("isb")
| #define LG_VADDR 48
| #define JEMALLOC_USABLE_SIZE_CONST const
| #define JEMALLOC_HAVE_ATTR  
| #define JEMALLOC_HAVE_ATTR_ALLOC_SIZE  
| #define JEMALLOC_HAVE_ATTR_FORMAT_PRINTF  
| #define JEMALLOC_HAVE_ATTR_FORMAT_ARG  
| #define JEMALLOC_HAVE_ATTR_FALLTHROUGH  
| #define JEMALLOC_HAVE_ATTR_COLD  
| #define JEMALLOC_HAVE_VM_MAKE_TAG  
| #define JEMALLOC_PREFIX "_rjem_"
| #define JEMALLOC_CPREFIX "_RJEM_"
| #define JEMALLOC_OVERRIDE_VALLOC  
| #define JEMALLOC_HAVE_MALLOC_SIZE  
| #define JEMALLOC_PRIVATE_NAMESPACE _rjem_je_
| #define JEMALLOC_CONFIG_MALLOC_CONF ""
| #define JEMALLOC_STATS  
| #define JEMALLOC_MAPS_COALESCE  
| #define JEMALLOC_FILL  
| #define JEMALLOC_CACHE_OBLIVIOUS  
| #define JEMALLOC_INTERNAL_UNREACHABLE __builtin_unreachable
| #define JEMALLOC_INTERNAL_FFSLL __builtin_ffsll
| #define JEMALLOC_INTERNAL_FFSL __builtin_ffsl
| #define JEMALLOC_INTERNAL_FFS __builtin_ffs
| #define JEMALLOC_INTERNAL_POPCOUNT __builtin_popcount
| #define JEMALLOC_INTERNAL_POPCOUNTL __builtin_popcountl
| #define JEMALLOC_INTERNAL_POPCOUNTLL __builtin_popcountll
| #define LG_PAGE 14
| #define LG_HUGEPAGE 21
| #define JEMALLOC_HAVE_PTHREAD  
| #define HAVE_PTHREAD_H 1
| #define HAVE_DLFCN_H 1
| #define JEMALLOC_HAVE_DLSYM  
| #define JEMALLOC_HAVE_PTHREAD_ATFORK  
| #define JEMALLOC_HAVE_PTHREAD_GETNAME_NP  
| /* end confdefs.h.  */
| 
| #include <unistd.h>
| #include <time.h>
| 
| int
| main ()
| {
| 
| 	struct timespec ts;
| 
| 	clock_gettime(CLOCK_MONOTONIC, &ts);
| #if !defined(_POSIX_MONOTONIC_CLOCK) || _POSIX_MONOTONIC_CLOCK < 0
| #  error _POSIX_MONOTONIC_CLOCK missing/invalid
| #endif
| 
|   ;
|   return 0;
| }
configure:12649: result: no
configure:12659: checking whether mach_absolute_time() is compilable
configure:12679: cc -o conftest -std=gnu11 -Werror=unknown-warning-option -Wall -Wextra -Wshorten-64-to-32 -Wsign-compare -Wundef -Wno-format-zero-length -Wpointer-arith -Wno-missing-braces -Wno-missing-field-initializers -pipe -g3 -Wimplicit-fallthrough -O3 -funroll-loops -O0 -ffunction-sections -fdata-sections -fPIC -gdwarf-2 -fno-omit-frame-pointer --target=arm64-apple-macosx -mmacosx-version-min=26.1 -Wall -O0 -ffunction-sections -fdata-sections -fPIC -gdwarf-2 -fno-omit-frame-pointer --target=arm64-apple-macosx -mmacosx-version-min=26.1 -Wall -D_REENTRANT -O0 -ffunction-sections -fdata-sections -fPIC -gdwarf-2 -fno-omit-frame-pointer --target=arm64-apple-macosx -mmacosx-version-min=26.1 -Wall conftest.c -pthread >&5
configure:12679: $? = 0
configure:12687: result: yes
configure:12697: checking whether clock_gettime(CLOCK_REALTIME, ...) is compilable
configure:12719: cc -o conftest -std=gnu11 -Werror=unknown-warning-option -Wall -Wextra -Wshorten-64-to-32 -Wsign-compare -Wundef -Wno-format-zero-length -Wpointer-arith -Wno-missing-braces -Wno-missing-field-initializers -pipe -g3 -Wimplicit-fallthrough -O3 -funroll-loops -O0 -ffunction-sections -fdata-sections -fPIC -gdwarf-2 -fno-omit-frame-pointer --target=arm64-apple-macosx -mmacosx-version-min=26.1 -Wall -O0 -ffunction-sections -fdata-sections -fPIC -gdwarf-2 -fno-omit-frame-pointer --target=arm64-apple-macosx -mmacosx-version-min=26.1 -Wall -D_REENTRANT -O0 -ffunction-sections -fdata-sections -fPIC -gdwarf-2 -fno-omit-frame-pointer --target=arm64-apple-macosx -mmacosx-version-min=26.1 -Wall conftest.c -pthread >&5
configure:12719: $? = 0
configure:12727: result: yes
configure:12753: checking whether compiler supports -Werror
configure:12784: cc -c -std=gnu11 -Werror=unknown-warning-option -Wall -Wextra -Wshorten-64-to-32 -Wsign-compare -Wundef -Wno-format-zero-length -Wpointer-arith -Wno-missing-braces -Wno-missing-field-initializers -pipe -g3 -Wimplicit-fallthrough -O3 -funroll-loops -Werror -O0 -ffunction-sections -fdata-sections -fPIC -gdwarf-2 -fno-omit-frame-pointer --target=arm64-apple-macosx -mmacosx-version-min=26.1 -Wall -O0 -ffunction-sections -fdata-sections -fPIC -gdwarf-2 -fno-omit-frame-pointer --target=arm64-apple-macosx -mmacosx-version-min=26.1 -Wall -D_REENTRANT conftest.c >&5
configure:12784: $? = 0
configure:12786: result: yes
configure:12804: checking whether syscall(2) is compilable
configure:12825: cc -o conftest -std=gnu11 -Werror=unknown-warning-option -Wall -Wextra -Wshorten-64-to-32 -Wsign-compare -Wundef -Wno-format-zero-length -Wpointer-arith -Wno-missing-braces -Wno-missing-field-initializers -pipe -g3 -Wimplicit-fallthrough -O3 -funroll-loops -Werror -O0 -ffunction-sections -fdata-sections -fPIC -gdwarf-2 -fno-omit-frame-pointer --target=arm64-apple-macosx -mmacosx-version-min=26.1 -Wall -O0 -ffunction-sections -fdata-sections -fPIC -gdwarf-2 -fno-omit-frame-pointer --target=arm64-apple-macosx -mmacosx-version-min=26.1 -Wall -D_REENTRANT -O0 -ffunction-sections -fdata-sections -fPIC -gdwarf-2 -fno-omit-frame-pointer --target=arm64-apple-macosx -mmacosx-version-min=26.1 -Wall conftest.c -pthread >&5
conftest.c:76:2: error: 'syscall' is deprecated: first deprecated in macOS 10.12 - syscall(2) is unsupported; please switch to a supported interface. For SYS_kdebug_trace use kdebug_signpost(). [-Werror,-Wdeprecated-declarations]
   76 |         syscall(SYS_write, 2, "hello", 5);
      |         ^
/Library/Developer/CommandLineTools/SDKs/MacOSX.sdk/usr/include/unistd.h:754:6: note: 'syscall' has been explicitly marked deprecated here
  754 | int      syscall(int, ...);
      |          ^
1 error generated.
configure:12825: $? = 1
configure: failed program was:
| /* confdefs.h */
| #define PACKAGE_NAME ""
| #define PACKAGE_TARNAME ""
| #define PACKAGE_VERSION ""
| #define PACKAGE_STRING ""
| #define PACKAGE_BUGREPORT ""
| #define PACKAGE_URL ""
| #define JEMALLOC_HAS_RESTRICT
| #define STDC_HEADERS 1
| #define HAVE_SYS_TYPES_H 1
| #define HAVE_SYS_STAT_H 1
| #define HAVE_STDLIB_H 1
| #define HAVE_STRING_H 1
| #define HAVE_MEMORY_H 1
| #define HAVE_STRINGS_H 1
| #define HAVE_INTTYPES_H 1
| #define HAVE_STDINT_H 1
| #define HAVE_UNISTD_H 1
| #define SIZEOF_VOID_P 8
| #define LG_SIZEOF_PTR 3
| #define SIZEOF_INT 4
| #define LG_SIZEOF_INT 2
| #define SIZEOF_LONG 8
| #define LG_SIZEOF_LONG 3
| #define SIZEOF_LONG_LONG 8
| #define LG_SIZEOF_LONG_LONG 3
| #define SIZEOF_INTMAX_T 8
| #define LG_SIZEOF_INTMAX_T 3
| #define HAVE_CPU_SPINWAIT 1
| #define CPU_SPINWAIT __asm__ volatile("isb")
| #define LG_VADDR 48
| #define JEMALLOC_USABLE_SIZE_CONST const
| #define JEMALLOC_HAVE_ATTR  
| #define JEMALLOC_HAVE_ATTR_ALLOC_SIZE  
| #define JEMALLOC_HAVE_ATTR_FORMAT_PRINTF  
| #define JEMALLOC_HAVE_ATTR_FORMAT_ARG  
| #define JEMALLOC_HAVE_ATTR_FALLTHROUGH  
| #define JEMALLOC_HAVE_ATTR_COLD  
| #define JEMALLOC_HAVE_VM_MAKE_TAG  
| #define JEMALLOC_PREFIX "_rjem_"
| #define JEMALLOC_CPREFIX "_RJEM_"
| #define JEMALLOC_OVERRIDE_VALLOC  
| #define JEMALLOC_HAVE_MALLOC_SIZE  
| #define JEMALLOC_PRIVATE_NAMESPACE _rjem_je_
| #define JEMALLOC_CONFIG_MALLOC_CONF ""
| #define JEMALLOC_STATS  
| #define JEMALLOC_MAPS_COALESCE  
| #define JEMALLOC_FILL  
| #define JEMALLOC_CACHE_OBLIVIOUS  
| #define JEMALLOC_INTERNAL_UNREACHABLE __builtin_unreachable
| #define JEMALLOC_INTERNAL_FFSLL __builtin_ffsll
| #define JEMALLOC_INTERNAL_FFSL __builtin_ffsl
| #define JEMALLOC_INTERNAL_FFS __builtin_ffs
| #define JEMALLOC_INTERNAL_POPCOUNT __builtin_popcount
| #define JEMALLOC_INTERNAL_POPCOUNTL __builtin_popcountl
| #define JEMALLOC_INTERNAL_POPCOUNTLL __builtin_popcountll
| #define LG_PAGE 14
| #define LG_HUGEPAGE 21
| #define JEMALLOC_HAVE_PTHREAD  
| #define HAVE_PTHREAD_H 1
| #define HAVE_DLFCN_H 1
| #define JEMALLOC_HAVE_DLSYM  
| #define JEMALLOC_HAVE_PTHREAD_ATFORK  
| #define JEMALLOC_HAVE_PTHREAD_GETNAME_NP  
| #define JEMALLOC_HAVE_MACH_ABSOLUTE_TIME  
| #define JEMALLOC_HAVE_CLOCK_REALTIME  
| /* end confdefs.h.  */
| 
| #include <sys/syscall.h>
| #include <unistd.h>
| 
| int
| main ()
| {
| 
| 	syscall(SYS_write, 2, "hello", 5);
| 
|   ;
|   return 0;
| }
configure:12833: result: no
configure:12851: checking for secure_getenv
configure:12851: cc -o conftest -std=gnu11 -Werror=unknown-warning-option -Wall -Wextra -Wshorten-64-to-32 -Wsign-compare -Wundef -Wno-format-zero-length -Wpointer-arith -Wno-missing-braces -Wno-missing-field-initializers -pipe -g3 -Wimplicit-fallthrough -O3 -funroll-loops -O0 -ffunction-sections -fdata-sections -fPIC -gdwarf-2 -fno-omit-frame-pointer --target=arm64-apple-macosx -mmacosx-version-min=26.1 -Wall -O0 -ffunction-sections -fdata-sections -fPIC -gdwarf-2 -fno-omit-frame-pointer --target=arm64-apple-macosx -mmacosx-version-min=26.1 -Wall -D_REENTRANT -O0 -ffunction-sections -fdata-sections -fPIC -gdwarf-2 -fno-omit-frame-pointer --target=arm64-apple-macosx -mmacosx-version-min=26.1 -Wall conftest.c -pthread >&5
Undefined symbols for architecture arm64:
  "_secure_getenv", referenced from:
      _main in conftest-262f7d.o
ld: symbol(s) not found for architecture arm64
clang: error: linker command failed with exit code 1 (use -v to see invocation)
configure:12851: $? = 1
configure: failed program was:
| /* confdefs.h */
| #define PACKAGE_NAME ""
| #define PACKAGE_TARNAME ""
| #define PACKAGE_VERSION ""
| #define PACKAGE_STRING ""
| #define PACKAGE_BUGREPORT ""
| #define PACKAGE_URL ""
| #define JEMALLOC_HAS_RESTRICT
| #define STDC_HEADERS 1
| #define HAVE_SYS_TYPES_H 1
| #define HAVE_SYS_STAT_H 1
| #define HAVE_STDLIB_H 1
| #define HAVE_STRING_H 1
| #define HAVE_MEMORY_H 1
| #define HAVE_STRINGS_H 1
| #define HAVE_INTTYPES_H 1
| #define HAVE_STDINT_H 1
| #define HAVE_UNISTD_H 1
| #define SIZEOF_VOID_P 8
| #define LG_SIZEOF_PTR 3
| #define SIZEOF_INT 4
| #define LG_SIZEOF_INT 2
| #define SIZEOF_LONG 8
| #define LG_SIZEOF_LONG 3
| #define SIZEOF_LONG_LONG 8
| #define LG_SIZEOF_LONG_LONG 3
| #define SIZEOF_INTMAX_T 8
| #define LG_SIZEOF_INTMAX_T 3
| #define HAVE_CPU_SPINWAIT 1
| #define CPU_SPINWAIT __asm__ volatile("isb")
| #define LG_VADDR 48
| #define JEMALLOC_USABLE_SIZE_CONST const
| #define JEMALLOC_HAVE_ATTR  
| #define JEMALLOC_HAVE_ATTR_ALLOC_SIZE  
| #define JEMALLOC_HAVE_ATTR_FORMAT_PRINTF  
| #define JEMALLOC_HAVE_ATTR_FORMAT_ARG  
| #define JEMALLOC_HAVE_ATTR_FALLTHROUGH  
| #define JEMALLOC_HAVE_ATTR_COLD  
| #define JEMALLOC_HAVE_VM_MAKE_TAG  
| #define JEMALLOC_PREFIX "_rjem_"
| #define JEMALLOC_CPREFIX "_RJEM_"
| #define JEMALLOC_OVERRIDE_VALLOC  
| #define JEMALLOC_HAVE_MALLOC_SIZE  
| #define JEMALLOC_PRIVATE_NAMESPACE _rjem_je_
| #define JEMALLOC_CONFIG_MALLOC_CONF ""
| #define JEMALLOC_STATS  
| #define JEMALLOC_MAPS_COALESCE  
| #define JEMALLOC_FILL  
| #define JEMALLOC_CACHE_OBLIVIOUS  
| #define JEMALLOC_INTERNAL_UNREACHABLE __builtin_unreachable
| #define JEMALLOC_INTERNAL_FFSLL __builtin_ffsll
| #define JEMALLOC_INTERNAL_FFSL __builtin_ffsl
| #define JEMALLOC_INTERNAL_FFS __builtin_ffs
| #define JEMALLOC_INTERNAL_POPCOUNT __builtin_popcount
| #define JEMALLOC_INTERNAL_POPCOUNTL __builtin_popcountl
| #define JEMALLOC_INTERNAL_POPCOUNTLL __builtin_popcountll
| #define LG_PAGE 14
| #define LG_HUGEPAGE 21
| #define JEMALLOC_HAVE_PTHREAD  
| #define HAVE_PTHREAD_H 1
| #define HAVE_DLFCN_H 1
| #define JEMALLOC_HAVE_DLSYM  
| #define JEMALLOC_HAVE_PTHREAD_ATFORK  
| #define JEMALLOC_HAVE_PTHREAD_GETNAME_NP  
| #define JEMALLOC_HAVE_MACH_ABSOLUTE_TIME  
| #define JEMALLOC_HAVE_CLOCK_REALTIME  
| /* end confdefs.h.  */
| /* Define secure_getenv to an innocuous variant, in case <limits.h> declares secure_getenv.
|    For example, HP-UX 11i <limits.h> declares gettimeofday.  */
| #define secure_getenv innocuous_secure_getenv
| 
| /* System header to define __stub macros and hopefully few prototypes,
|     which can conflict with char secure_getenv (); below.
|     Prefer <limits.h> to <assert.h> if __STDC__ is defined, since
|     <limits.h> exists even on freestanding compilers.  */
| 
| #ifdef __STDC__
| # include <limits.h>
| #else
| # include <assert.h>
| #endif
| 
| #undef secure_getenv
| 
| /* Override any GCC internal prototype to avoid an error.
|    Use char because int might match the return type of a GCC
|    builtin and then its argument prototype would still apply.  */
| #ifdef __cplusplus
| extern "C"
| #endif
| char secure_getenv ();
| /* The GNU C library defines this for functions which it implements
|     to always fail with ENOSYS.  Some functions are actually named
|     something starting with __ and the normal name is an alias.  */
| #if defined __stub_secure_getenv || defined __stub___secure_getenv
| choke me
| #endif
| 
| int
| main ()
| {
| return secure_getenv ();
|   ;
|   return 0;
| }
configure:12851: result: no
configure:12865: checking for sched_getcpu
configure:12865: cc -o conftest -std=gnu11 -Werror=unknown-warning-option -Wall -Wextra -Wshorten-64-to-32 -Wsign-compare -Wundef -Wno-format-zero-length -Wpointer-arith -Wno-missing-braces -Wno-missing-field-initializers -pipe -g3 -Wimplicit-fallthrough -O3 -funroll-loops -O0 -ffunction-sections -fdata-sections -fPIC -gdwarf-2 -fno-omit-frame-pointer --target=arm64-apple-macosx -mmacosx-version-min=26.1 -Wall -O0 -ffunction-sections -fdata-sections -fPIC -gdwarf-2 -fno-omit-frame-pointer --target=arm64-apple-macosx -mmacosx-version-min=26.1 -Wall -D_REENTRANT -O0 -ffunction-sections -fdata-sections -fPIC -gdwarf-2 -fno-omit-frame-pointer --target=arm64-apple-macosx -mmacosx-version-min=26.1 -Wall conftest.c -pthread >&5
Undefined symbols for architecture arm64:
  "_sched_getcpu", referenced from:
      _main in conftest-825ede.o
ld: symbol(s) not found for architecture arm64
clang: error: linker command failed with exit code 1 (use -v to see invocation)
configure:12865: $? = 1
configure: failed program was:
| /* confdefs.h */
| #define PACKAGE_NAME ""
| #define PACKAGE_TARNAME ""
| #define PACKAGE_VERSION ""
| #define PACKAGE_STRING ""
| #define PACKAGE_BUGREPORT ""
| #define PACKAGE_URL ""
| #define JEMALLOC_HAS_RESTRICT
| #define STDC_HEADERS 1
| #define HAVE_SYS_TYPES_H 1
| #define HAVE_SYS_STAT_H 1
| #define HAVE_STDLIB_H 1
| #define HAVE_STRING_H 1
| #define HAVE_MEMORY_H 1
| #define HAVE_STRINGS_H 1
| #define HAVE_INTTYPES_H 1
| #define HAVE_STDINT_H 1
| #define HAVE_UNISTD_H 1
| #define SIZEOF_VOID_P 8
| #define LG_SIZEOF_PTR 3
| #define SIZEOF_INT 4
| #define LG_SIZEOF_INT 2
| #define SIZEOF_LONG 8
| #define LG_SIZEOF_LONG 3
| #define SIZEOF_LONG_LONG 8
| #define LG_SIZEOF_LONG_LONG 3
| #define SIZEOF_INTMAX_T 8
| #define LG_SIZEOF_INTMAX_T 3
| #define HAVE_CPU_SPINWAIT 1
| #define CPU_SPINWAIT __asm__ volatile("isb")
| #define LG_VADDR 48
| #define JEMALLOC_USABLE_SIZE_CONST const
| #define JEMALLOC_HAVE_ATTR  
| #define JEMALLOC_HAVE_ATTR_ALLOC_SIZE  
| #define JEMALLOC_HAVE_ATTR_FORMAT_PRINTF  
| #define JEMALLOC_HAVE_ATTR_FORMAT_ARG  
| #define JEMALLOC_HAVE_ATTR_FALLTHROUGH  
| #define JEMALLOC_HAVE_ATTR_COLD  
| #define JEMALLOC_HAVE_VM_MAKE_TAG  
| #define JEMALLOC_PREFIX "_rjem_"
| #define JEMALLOC_CPREFIX "_RJEM_"
| #define JEMALLOC_OVERRIDE_VALLOC  
| #define JEMALLOC_HAVE_MALLOC_SIZE  
| #define JEMALLOC_PRIVATE_NAMESPACE _rjem_je_
| #define JEMALLOC_CONFIG_MALLOC_CONF ""
| #define JEMALLOC_STATS  
| #define JEMALLOC_MAPS_COALESCE  
| #define JEMALLOC_FILL  
| #define JEMALLOC_CACHE_OBLIVIOUS  
| #define JEMALLOC_INTERNAL_UNREACHABLE __builtin_unreachable
| #define JEMALLOC_INTERNAL_FFSLL __builtin_ffsll
| #define JEMALLOC_INTERNAL_FFSL __builtin_ffsl
| #define JEMALLOC_INTERNAL_FFS __builtin_ffs
| #define JEMALLOC_INTERNAL_POPCOUNT __builtin_popcount
| #define JEMALLOC_INTERNAL_POPCOUNTL __builtin_popcountl
| #define JEMALLOC_INTERNAL_POPCOUNTLL __builtin_popcountll
| #define LG_PAGE 14
| #define LG_HUGEPAGE 21
| #define JEMALLOC_HAVE_PTHREAD  
| #define HAVE_PTHREAD_H 1
| #define HAVE_DLFCN_H 1
| #define JEMALLOC_HAVE_DLSYM  
| #define JEMALLOC_HAVE_PTHREAD_ATFORK  
| #define JEMALLOC_HAVE_PTHREAD_GETNAME_NP  
| #define JEMALLOC_HAVE_MACH_ABSOLUTE_TIME  
| #define JEMALLOC_HAVE_CLOCK_REALTIME  
| /* end confdefs.h.  */
| /* Define sched_getcpu to an innocuous variant, in case <limits.h> declares sched_getcpu.
|    For example, HP-UX 11i <limits.h> declares gettimeofday.  */
| #define sched_getcpu innocuous_sched_getcpu
| 
| /* System header to define __stub macros and hopefully few prototypes,
|     which can conflict with char sched_getcpu (); below.
|     Prefer <limits.h> to <assert.h> if __STDC__ is defined, since
|     <limits.h> exists even on freestanding compilers.  */
| 
| #ifdef __STDC__
| # include <limits.h>
| #else
| # include <assert.h>
| #endif
| 
| #undef sched_getcpu
| 
| /* Override any GCC internal prototype to avoid an error.
|    Use char because int might match the return type of a GCC
|    builtin and then its argument prototype would still apply.  */
| #ifdef __cplusplus
| extern "C"
| #endif
| char sched_getcpu ();
| /* The GNU C library defines this for functions which it implements
|     to always fail with ENOSYS.  Some functions are actually named
|     something starting with __ and the normal name is an alias.  */
| #if defined __stub_sched_getcpu || defined __stub___sched_getcpu
| choke me
| #endif
| 
| int
| main ()
| {
| return sched_getcpu ();
|   ;
|   return 0;
| }
configure:12865: result: no
configure:12879: checking for sched_setaffinity
configure:12879: cc -o conftest -std=gnu11 -Werror=unknown-warning-option -Wall -Wextra -Wshorten-64-to-32 -Wsign-compare -Wundef -Wno-format-zero-length -Wpointer-arith -Wno-missing-braces -Wno-missing-field-initializers -pipe -g3 -Wimplicit-fallthrough -O3 -funroll-loops -O0 -ffunction-sections -fdata-sections -fPIC -gdwarf-2 -fno-omit-frame-pointer --target=arm64-apple-macosx -mmacosx-version-min=26.1 -Wall -O0 -ffunction-sections -fdata-sections -fPIC -gdwarf-2 -fno-omit-frame-pointer --target=arm64-apple-macosx -mmacosx-version-min=26.1 -Wall -D_REENTRANT -O0 -ffunction-sections -fdata-sections -fPIC -gdwarf-2 -fno-omit-frame-pointer --target=arm64-apple-macosx -mmacosx-version-min=26.1 -Wall conftest.c -pthread >&5
Undefined symbols for architecture arm64:
  "_sched_setaffinity", referenced from:
      _main in conftest-113174.o
ld: symbol(s) not found for architecture arm64
clang: error: linker command failed with exit code 1 (use -v to see invocation)
configure:12879: $? = 1
configure: failed program was:
| /* confdefs.h */
| #define PACKAGE_NAME ""
| #define PACKAGE_TARNAME ""
| #define PACKAGE_VERSION ""
| #define PACKAGE_STRING ""
| #define PACKAGE_BUGREPORT ""
| #define PACKAGE_URL ""
| #define JEMALLOC_HAS_RESTRICT
| #define STDC_HEADERS 1
| #define HAVE_SYS_TYPES_H 1
| #define HAVE_SYS_STAT_H 1
| #define HAVE_STDLIB_H 1
| #define HAVE_STRING_H 1
| #define HAVE_MEMORY_H 1
| #define HAVE_STRINGS_H 1
| #define HAVE_INTTYPES_H 1
| #define HAVE_STDINT_H 1
| #define HAVE_UNISTD_H 1
| #define SIZEOF_VOID_P 8
| #define LG_SIZEOF_PTR 3
| #define SIZEOF_INT 4
| #define LG_SIZEOF_INT 2
| #define SIZEOF_LONG 8
| #define LG_SIZEOF_LONG 3
| #define SIZEOF_LONG_LONG 8
| #define LG_SIZEOF_LONG_LONG 3
| #define SIZEOF_INTMAX_T 8
| #define LG_SIZEOF_INTMAX_T 3
| #define HAVE_CPU_SPINWAIT 1
| #define CPU_SPINWAIT __asm__ volatile("isb")
| #define LG_VADDR 48
| #define JEMALLOC_USABLE_SIZE_CONST const
| #define JEMALLOC_HAVE_ATTR  
| #define JEMALLOC_HAVE_ATTR_ALLOC_SIZE  
| #define JEMALLOC_HAVE_ATTR_FORMAT_PRINTF  
| #define JEMALLOC_HAVE_ATTR_FORMAT_ARG  
| #define JEMALLOC_HAVE_ATTR_FALLTHROUGH  
| #define JEMALLOC_HAVE_ATTR_COLD  
| #define JEMALLOC_HAVE_VM_MAKE_TAG  
| #define JEMALLOC_PREFIX "_rjem_"
| #define JEMALLOC_CPREFIX "_RJEM_"
| #define JEMALLOC_OVERRIDE_VALLOC  
| #define JEMALLOC_HAVE_MALLOC_SIZE  
| #define JEMALLOC_PRIVATE_NAMESPACE _rjem_je_
| #define JEMALLOC_CONFIG_MALLOC_CONF ""
| #define JEMALLOC_STATS  
| #define JEMALLOC_MAPS_COALESCE  
| #define JEMALLOC_FILL  
| #define JEMALLOC_CACHE_OBLIVIOUS  
| #define JEMALLOC_INTERNAL_UNREACHABLE __builtin_unreachable
| #define JEMALLOC_INTERNAL_FFSLL __builtin_ffsll
| #define JEMALLOC_INTERNAL_FFSL __builtin_ffsl
| #define JEMALLOC_INTERNAL_FFS __builtin_ffs
| #define JEMALLOC_INTERNAL_POPCOUNT __builtin_popcount
| #define JEMALLOC_INTERNAL_POPCOUNTL __builtin_popcountl
| #define JEMALLOC_INTERNAL_POPCOUNTLL __builtin_popcountll
| #define LG_PAGE 14
| #define LG_HUGEPAGE 21
| #define JEMALLOC_HAVE_PTHREAD  
| #define HAVE_PTHREAD_H 1
| #define HAVE_DLFCN_H 1
| #define JEMALLOC_HAVE_DLSYM  
| #define JEMALLOC_HAVE_PTHREAD_ATFORK  
| #define JEMALLOC_HAVE_PTHREAD_GETNAME_NP  
| #define JEMALLOC_HAVE_MACH_ABSOLUTE_TIME  
| #define JEMALLOC_HAVE_CLOCK_REALTIME  
| /* end confdefs.h.  */
| /* Define sched_setaffinity to an innocuous variant, in case <limits.h> declares sched_setaffinity.
|    For example, HP-UX 11i <limits.h> declares gettimeofday.  */
| #define sched_setaffinity innocuous_sched_setaffinity
| 
| /* System header to define __stub macros and hopefully few prototypes,
|     which can conflict with char sched_setaffinity (); below.
|     Prefer <limits.h> to <assert.h> if __STDC__ is defined, since
|     <limits.h> exists even on freestanding compilers.  */
| 
| #ifdef __STDC__
| # include <limits.h>
| #else
| # include <assert.h>
| #endif
| 
| #undef sched_setaffinity
| 
| /* Override any GCC internal prototype to avoid an error.
|    Use char because int might match the return type of a GCC
|    builtin and then its argument prototype would still apply.  */
| #ifdef __cplusplus
| extern "C"
| #endif
| char sched_setaffinity ();
| /* The GNU C library defines this for functions which it implements
|     to always fail with ENOSYS.  Some functions are actually named
|     something starting with __ and the normal name is an alias.  */
| #if defined __stub_sched_setaffinity || defined __stub___sched_setaffinity
| choke me
| #endif
| 
| int
| main ()
| {
| return sched_setaffinity ();
|   ;
|   return 0;
| }
configure:12879: result: no
configure:12893: checking for issetugid
configure:12893: cc -o conftest -std=gnu11 -Werror=unknown-warning-option -Wall -Wextra -Wshorten-64-to-32 -Wsign-compare -Wundef -Wno-format-zero-length -Wpointer-arith -Wno-missing-braces -Wno-missing-field-initializers -pipe -g3 -Wimplicit-fallthrough -O3 -funroll-loops -O0 -ffunction-sections -fdata-sections -fPIC -gdwarf-2 -fno-omit-frame-pointer --target=arm64-apple-macosx -mmacosx-version-min=26.1 -Wall -O0 -ffunction-sections -fdata-sections -fPIC -gdwarf-2 -fno-omit-frame-pointer --target=arm64-apple-macosx -mmacosx-version-min=26.1 -Wall -D_REENTRANT -O0 -ffunction-sections -fdata-sections -fPIC -gdwarf-2 -fno-omit-frame-pointer --target=arm64-apple-macosx -mmacosx-version-min=26.1 -Wall conftest.c -pthread >&5
configure:12893: $? = 0
configure:12893: result: yes
configure:12907: checking for _malloc_thread_cleanup
configure:12907: cc -o conftest -std=gnu11 -Werror=unknown-warning-option -Wall -Wextra -Wshorten-64-to-32 -Wsign-compare -Wundef -Wno-format-zero-length -Wpointer-arith -Wno-missing-braces -Wno-missing-field-initializers -pipe -g3 -Wimplicit-fallthrough -O3 -funroll-loops -O0 -ffunction-sections -fdata-sections -fPIC -gdwarf-2 -fno-omit-frame-pointer --target=arm64-apple-macosx -mmacosx-version-min=26.1 -Wall -O0 -ffunction-sections -fdata-sections -fPIC -gdwarf-2 -fno-omit-frame-pointer --target=arm64-apple-macosx -mmacosx-version-min=26.1 -Wall -D_REENTRANT -O0 -ffunction-sections -fdata-sections -fPIC -gdwarf-2 -fno-omit-frame-pointer --target=arm64-apple-macosx -mmacosx-version-min=26.1 -Wall conftest.c -pthread >&5
Undefined symbols for architecture arm64:
  "__malloc_thread_cleanup", referenced from:
      _main in conftest-eee02a.o
ld: symbol(s) not found for architecture arm64
clang: error: linker command failed with exit code 1 (use -v to see invocation)
configure:12907: $? = 1
configure: failed program was:
| /* confdefs.h */
| #define PACKAGE_NAME ""
| #define PACKAGE_TARNAME ""
| #define PACKAGE_VERSION ""
| #define PACKAGE_STRING ""
| #define PACKAGE_BUGREPORT ""
| #define PACKAGE_URL ""
| #define JEMALLOC_HAS_RESTRICT
| #define STDC_HEADERS 1
| #define HAVE_SYS_TYPES_H 1
| #define HAVE_SYS_STAT_H 1
| #define HAVE_STDLIB_H 1
| #define HAVE_STRING_H 1
| #define HAVE_MEMORY_H 1
| #define HAVE_STRINGS_H 1
| #define HAVE_INTTYPES_H 1
| #define HAVE_STDINT_H 1
| #define HAVE_UNISTD_H 1
| #define SIZEOF_VOID_P 8
| #define LG_SIZEOF_PTR 3
| #define SIZEOF_INT 4
| #define LG_SIZEOF_INT 2
| #define SIZEOF_LONG 8
| #define LG_SIZEOF_LONG 3
| #define SIZEOF_LONG_LONG 8
| #define LG_SIZEOF_LONG_LONG 3
| #define SIZEOF_INTMAX_T 8
| #define LG_SIZEOF_INTMAX_T 3
| #define HAVE_CPU_SPINWAIT 1
| #define CPU_SPINWAIT __asm__ volatile("isb")
| #define LG_VADDR 48
| #define JEMALLOC_USABLE_SIZE_CONST const
| #define JEMALLOC_HAVE_ATTR  
| #define JEMALLOC_HAVE_ATTR_ALLOC_SIZE  
| #define JEMALLOC_HAVE_ATTR_FORMAT_PRINTF  
| #define JEMALLOC_HAVE_ATTR_FORMAT_ARG  
| #define JEMALLOC_HAVE_ATTR_FALLTHROUGH  
| #define JEMALLOC_HAVE_ATTR_COLD  
| #define JEMALLOC_HAVE_VM_MAKE_TAG  
| #define JEMALLOC_PREFIX "_rjem_"
| #define JEMALLOC_CPREFIX "_RJEM_"
| #define JEMALLOC_OVERRIDE_VALLOC  
| #define JEMALLOC_HAVE_MALLOC_SIZE  
| #define JEMALLOC_PRIVATE_NAMESPACE _rjem_je_
| #define JEMALLOC_CONFIG_MALLOC_CONF ""
| #define JEMALLOC_STATS  
| #define JEMALLOC_MAPS_COALESCE  
| #define JEMALLOC_FILL  
| #define JEMALLOC_CACHE_OBLIVIOUS  
| #define JEMALLOC_INTERNAL_UNREACHABLE __builtin_unreachable
| #define JEMALLOC_INTERNAL_FFSLL __builtin_ffsll
| #define JEMALLOC_INTERNAL_FFSL __builtin_ffsl
| #define JEMALLOC_INTERNAL_FFS __builtin_ffs
| #define JEMALLOC_INTERNAL_POPCOUNT __builtin_popcount
| #define JEMALLOC_INTERNAL_POPCOUNTL __builtin_popcountl
| #define JEMALLOC_INTERNAL_POPCOUNTLL __builtin_popcountll
| #define LG_PAGE 14
| #define LG_HUGEPAGE 21
| #define JEMALLOC_HAVE_PTHREAD  
| #define HAVE_PTHREAD_H 1
| #define HAVE_DLFCN_H 1
| #define JEMALLOC_HAVE_DLSYM  
| #define JEMALLOC_HAVE_PTHREAD_ATFORK  
| #define JEMALLOC_HAVE_PTHREAD_GETNAME_NP  
| #define JEMALLOC_HAVE_MACH_ABSOLUTE_TIME  
| #define JEMALLOC_HAVE_CLOCK_REALTIME  
| #define JEMALLOC_HAVE_ISSETUGID  
| /* end confdefs.h.  */
| /* Define _malloc_thread_cleanup to an innocuous variant, in case <limits.h> declares _malloc_thread_cleanup.
|    For example, HP-UX 11i <limits.h> declares gettimeofday.  */
| #define _malloc_thread_cleanup innocuous__malloc_thread_cleanup
| 
| /* System header to define __stub macros and hopefully few prototypes,
|     which can conflict with char _malloc_thread_cleanup (); below.
|     Prefer <limits.h> to <assert.h> if __STDC__ is defined, since
|     <limits.h> exists even on freestanding compilers.  */
| 
| #ifdef __STDC__
| # include <limits.h>
| #else
| # include <assert.h>
| #endif
| 
| #undef _malloc_thread_cleanup
| 
| /* Override any GCC internal prototype to avoid an error.
|    Use char because int might match the return type of a GCC
|    builtin and then its argument prototype would still apply.  */
| #ifdef __cplusplus
| extern "C"
| #endif
| char _malloc_thread_cleanup ();
| /* The GNU C library defines this for functions which it implements
|     to always fail with ENOSYS.  Some functions are actually named
|     something starting with __ and the normal name is an alias.  */
| #if defined __stub__malloc_thread_cleanup || defined __stub____malloc_thread_cleanup
| choke me
| #endif
| 
| int
| main ()
| {
| return _malloc_thread_cleanup ();
|   ;
|   return 0;
| }
configure:12907: result: no
configure:12923: checking for _pthread_mutex_init_calloc_cb
configure:12923: cc -o conftest -std=gnu11 -Werror=unknown-warning-option -Wall -Wextra -Wshorten-64-to-32 -Wsign-compare -Wundef -Wno-format-zero-length -Wpointer-arith -Wno-missing-braces -Wno-missing-field-initializers -pipe -g3 -Wimplicit-fallthrough -O3 -funroll-loops -O0 -ffunction-sections -fdata-sections -fPIC -gdwarf-2 -fno-omit-frame-pointer --target=arm64-apple-macosx -mmacosx-version-min=26.1 -Wall -O0 -ffunction-sections -fdata-sections -fPIC -gdwarf-2 -fno-omit-frame-pointer --target=arm64-apple-macosx -mmacosx-version-min=26.1 -Wall -D_REENTRANT -O0 -ffunction-sections -fdata-sections -fPIC -gdwarf-2 -fno-omit-frame-pointer --target=arm64-apple-macosx -mmacosx-version-min=26.1 -Wall conftest.c -pthread >&5
Undefined symbols for architecture arm64:
  "__pthread_mutex_init_calloc_cb", referenced from:
      _main in conftest-6cd5cb.o
ld: symbol(s) not found for architecture arm64
clang: error: linker command failed with exit code 1 (use -v to see invocation)
configure:12923: $? = 1
configure: failed program was:
| /* confdefs.h */
| #define PACKAGE_NAME ""
| #define PACKAGE_TARNAME ""
| #define PACKAGE_VERSION ""
| #define PACKAGE_STRING ""
| #define PACKAGE_BUGREPORT ""
| #define PACKAGE_URL ""
| #define JEMALLOC_HAS_RESTRICT
| #define STDC_HEADERS 1
| #define HAVE_SYS_TYPES_H 1
| #define HAVE_SYS_STAT_H 1
| #define HAVE_STDLIB_H 1
| #define HAVE_STRING_H 1
| #define HAVE_MEMORY_H 1
| #define HAVE_STRINGS_H 1
| #define HAVE_INTTYPES_H 1
| #define HAVE_STDINT_H 1
| #define HAVE_UNISTD_H 1
| #define SIZEOF_VOID_P 8
| #define LG_SIZEOF_PTR 3
| #define SIZEOF_INT 4
| #define LG_SIZEOF_INT 2
| #define SIZEOF_LONG 8
| #define LG_SIZEOF_LONG 3
| #define SIZEOF_LONG_LONG 8
| #define LG_SIZEOF_LONG_LONG 3
| #define SIZEOF_INTMAX_T 8
| #define LG_SIZEOF_INTMAX_T 3
| #define HAVE_CPU_SPINWAIT 1
| #define CPU_SPINWAIT __asm__ volatile("isb")
| #define LG_VADDR 48
| #define JEMALLOC_USABLE_SIZE_CONST const
| #define JEMALLOC_HAVE_ATTR  
| #define JEMALLOC_HAVE_ATTR_ALLOC_SIZE  
| #define JEMALLOC_HAVE_ATTR_FORMAT_PRINTF  
| #define JEMALLOC_HAVE_ATTR_FORMAT_ARG  
| #define JEMALLOC_HAVE_ATTR_FALLTHROUGH  
| #define JEMALLOC_HAVE_ATTR_COLD  
| #define JEMALLOC_HAVE_VM_MAKE_TAG  
| #define JEMALLOC_PREFIX "_rjem_"
| #define JEMALLOC_CPREFIX "_RJEM_"
| #define JEMALLOC_OVERRIDE_VALLOC  
| #define JEMALLOC_HAVE_MALLOC_SIZE  
| #define JEMALLOC_PRIVATE_NAMESPACE _rjem_je_
| #define JEMALLOC_CONFIG_MALLOC_CONF ""
| #define JEMALLOC_STATS  
| #define JEMALLOC_MAPS_COALESCE  
| #define JEMALLOC_FILL  
| #define JEMALLOC_CACHE_OBLIVIOUS  
| #define JEMALLOC_INTERNAL_UNREACHABLE __builtin_unreachable
| #define JEMALLOC_INTERNAL_FFSLL __builtin_ffsll
| #define JEMALLOC_INTERNAL_FFSL __builtin_ffsl
| #define JEMALLOC_INTERNAL_FFS __builtin_ffs
| #define JEMALLOC_INTERNAL_POPCOUNT __builtin_popcount
| #define JEMALLOC_INTERNAL_POPCOUNTL __builtin_popcountl
| #define JEMALLOC_INTERNAL_POPCOUNTLL __builtin_popcountll
| #define LG_PAGE 14
| #define LG_HUGEPAGE 21
| #define JEMALLOC_HAVE_PTHREAD  
| #define HAVE_PTHREAD_H 1
| #define HAVE_DLFCN_H 1
| #define JEMALLOC_HAVE_DLSYM  
| #define JEMALLOC_HAVE_PTHREAD_ATFORK  
| #define JEMALLOC_HAVE_PTHREAD_GETNAME_NP  
| #define JEMALLOC_HAVE_MACH_ABSOLUTE_TIME  
| #define JEMALLOC_HAVE_CLOCK_REALTIME  
| #define JEMALLOC_HAVE_ISSETUGID  
| /* end confdefs.h.  */
| /* Define _pthread_mutex_init_calloc_cb to an innocuous variant, in case <limits.h> declares _pthread_mutex_init_calloc_cb.
|    For example, HP-UX 11i <limits.h> declares gettimeofday.  */
| #define _pthread_mutex_init_calloc_cb innocuous__pthread_mutex_init_calloc_cb
| 
| /* System header to define __stub macros and hopefully few prototypes,
|     which can conflict with char _pthread_mutex_init_calloc_cb (); below.
|     Prefer <limits.h> to <assert.h> if __STDC__ is defined, since
|     <limits.h> exists even on freestanding compilers.  */
| 
| #ifdef __STDC__
| # include <limits.h>
| #else
| # include <assert.h>
| #endif
| 
| #undef _pthread_mutex_init_calloc_cb
| 
| /* Override any GCC internal prototype to avoid an error.
|    Use char because int might match the return type of a GCC
|    builtin and then its argument prototype would still apply.  */
| #ifdef __cplusplus
| extern "C"
| #endif
| char _pthread_mutex_init_calloc_cb ();
| /* The GNU C library defines this for functions which it implements
|     to always fail with ENOSYS.  Some functions are actually named
|     something starting with __ and the normal name is an alias.  */
| #if defined __stub__pthread_mutex_init_calloc_cb || defined __stub____pthread_mutex_init_calloc_cb
| choke me
| #endif
| 
| int
| main ()
| {
| return _pthread_mutex_init_calloc_cb ();
|   ;
|   return 0;
| }
configure:12923: result: no
configure:12938: checking for memcntl
configure:12938: cc -o conftest -std=gnu11 -Werror=unknown-warning-option -Wall -Wextra -Wshorten-64-to-32 -Wsign-compare -Wundef -Wno-format-zero-length -Wpointer-arith -Wno-missing-braces -Wno-missing-field-initializers -pipe -g3 -Wimplicit-fallthrough -O3 -funroll-loops -O0 -ffunction-sections -fdata-sections -fPIC -gdwarf-2 -fno-omit-frame-pointer --target=arm64-apple-macosx -mmacosx-version-min=26.1 -Wall -O0 -ffunction-sections -fdata-sections -fPIC -gdwarf-2 -fno-omit-frame-pointer --target=arm64-apple-macosx -mmacosx-version-min=26.1 -Wall -D_REENTRANT -O0 -ffunction-sections -fdata-sections -fPIC -gdwarf-2 -fno-omit-frame-pointer --target=arm64-apple-macosx -mmacosx-version-min=26.1 -Wall conftest.c -pthread >&5
Undefined symbols for architecture arm64:
  "_memcntl", referenced from:
      _main in conftest-e305d1.o
ld: symbol(s) not found for architecture arm64
clang: error: linker command failed with exit code 1 (use -v to see invocation)
configure:12938: $? = 1
configure: failed program was:
| /* confdefs.h */
| #define PACKAGE_NAME ""
| #define PACKAGE_TARNAME ""
| #define PACKAGE_VERSION ""
| #define PACKAGE_STRING ""
| #define PACKAGE_BUGREPORT ""
| #define PACKAGE_URL ""
| #define JEMALLOC_HAS_RESTRICT
| #define STDC_HEADERS 1
| #define HAVE_SYS_TYPES_H 1
| #define HAVE_SYS_STAT_H 1
| #define HAVE_STDLIB_H 1
| #define HAVE_STRING_H 1
| #define HAVE_MEMORY_H 1
| #define HAVE_STRINGS_H 1
| #define HAVE_INTTYPES_H 1
| #define HAVE_STDINT_H 1
| #define HAVE_UNISTD_H 1
| #define SIZEOF_VOID_P 8
| #define LG_SIZEOF_PTR 3
| #define SIZEOF_INT 4
| #define LG_SIZEOF_INT 2
| #define SIZEOF_LONG 8
| #define LG_SIZEOF_LONG 3
| #define SIZEOF_LONG_LONG 8
| #define LG_SIZEOF_LONG_LONG 3
| #define SIZEOF_INTMAX_T 8
| #define LG_SIZEOF_INTMAX_T 3
| #define HAVE_CPU_SPINWAIT 1
| #define CPU_SPINWAIT __asm__ volatile("isb")
| #define LG_VADDR 48
| #define JEMALLOC_USABLE_SIZE_CONST const
| #define JEMALLOC_HAVE_ATTR  
| #define JEMALLOC_HAVE_ATTR_ALLOC_SIZE  
| #define JEMALLOC_HAVE_ATTR_FORMAT_PRINTF  
| #define JEMALLOC_HAVE_ATTR_FORMAT_ARG  
| #define JEMALLOC_HAVE_ATTR_FALLTHROUGH  
| #define JEMALLOC_HAVE_ATTR_COLD  
| #define JEMALLOC_HAVE_VM_MAKE_TAG  
| #define JEMALLOC_PREFIX "_rjem_"
| #define JEMALLOC_CPREFIX "_RJEM_"
| #define JEMALLOC_OVERRIDE_VALLOC  
| #define JEMALLOC_HAVE_MALLOC_SIZE  
| #define JEMALLOC_PRIVATE_NAMESPACE _rjem_je_
| #define JEMALLOC_CONFIG_MALLOC_CONF ""
| #define JEMALLOC_STATS  
| #define JEMALLOC_MAPS_COALESCE  
| #define JEMALLOC_FILL  
| #define JEMALLOC_CACHE_OBLIVIOUS  
| #define JEMALLOC_INTERNAL_UNREACHABLE __builtin_unreachable
| #define JEMALLOC_INTERNAL_FFSLL __builtin_ffsll
| #define JEMALLOC_INTERNAL_FFSL __builtin_ffsl
| #define JEMALLOC_INTERNAL_FFS __builtin_ffs
| #define JEMALLOC_INTERNAL_POPCOUNT __builtin_popcount
| #define JEMALLOC_INTERNAL_POPCOUNTL __builtin_popcountl
| #define JEMALLOC_INTERNAL_POPCOUNTLL __builtin_popcountll
| #define LG_PAGE 14
| #define LG_HUGEPAGE 21
| #define JEMALLOC_HAVE_PTHREAD  
| #define HAVE_PTHREAD_H 1
| #define HAVE_DLFCN_H 1
| #define JEMALLOC_HAVE_DLSYM  
| #define JEMALLOC_HAVE_PTHREAD_ATFORK  
| #define JEMALLOC_HAVE_PTHREAD_GETNAME_NP  
| #define JEMALLOC_HAVE_MACH_ABSOLUTE_TIME  
| #define JEMALLOC_HAVE_CLOCK_REALTIME  
| #define JEMALLOC_HAVE_ISSETUGID  
| /* end confdefs.h.  */
| /* Define memcntl to an innocuous variant, in case <limits.h> declares memcntl.
|    For example, HP-UX 11i <limits.h> declares gettimeofday.  */
| #define memcntl innocuous_memcntl
| 
| /* System header to define __stub macros and hopefully few prototypes,
|     which can conflict with char memcntl (); below.
|     Prefer <limits.h> to <assert.h> if __STDC__ is defined, since
|     <limits.h> exists even on freestanding compilers.  */
| 
| #ifdef __STDC__
| # include <limits.h>
| #else
| # include <assert.h>
| #endif
| 
| #undef memcntl
| 
| /* Override any GCC internal prototype to avoid an error.
|    Use char because int might match the return type of a GCC
|    builtin and then its argument prototype would still apply.  */
| #ifdef __cplusplus
| extern "C"
| #endif
| char memcntl ();
| /* The GNU C library defines this for functions which it implements
|     to always fail with ENOSYS.  Some functions are actually named
|     something starting with __ and the normal name is an alias.  */
| #if defined __stub_memcntl || defined __stub___memcntl
| choke me
| #endif
| 
| int
| main ()
| {
| return memcntl ();
|   ;
|   return 0;
| }
configure:12938: result: no
configure:13039: checking whether C11 atomics is compilable
configure:13068: cc -o conftest -std=gnu11 -Werror=unknown-warning-option -Wall -Wextra -Wshorten-64-to-32 -Wsign-compare -Wundef -Wno-format-zero-length -Wpointer-arith -Wno-missing-braces -Wno-missing-field-initializers -pipe -g3 -Wimplicit-fallthrough -O3 -funroll-loops -O0 -ffunction-sections -fdata-sections -fPIC -gdwarf-2 -fno-omit-frame-pointer --target=arm64-apple-macosx -mmacosx-version-min=26.1 -Wall -O0 -ffunction-sections -fdata-sections -fPIC -gdwarf-2 -fno-omit-frame-pointer --target=arm64-apple-macosx -mmacosx-version-min=26.1 -Wall -D_REENTRANT -O0 -ffunction-sections -fdata-sections -fPIC -gdwarf-2 -fno-omit-frame-pointer --target=arm64-apple-macosx -mmacosx-version-min=26.1 -Wall conftest.c -pthread >&5
configure:13068: $? = 0
configure:13076: result: yes
configure:13087: checking whether GCC __atomic atomics is compilable
configure:13110: cc -o conftest -std=gnu11 -Werror=unknown-warning-option -Wall -Wextra -Wshorten-64-to-32 -Wsign-compare -Wundef -Wno-format-zero-length -Wpointer-arith -Wno-missing-braces -Wno-missing-field-initializers -pipe -g3 -Wimplicit-fallthrough -O3 -funroll-loops -O0 -ffunction-sections -fdata-sections -fPIC -gdwarf-2 -fno-omit-frame-pointer --target=arm64-apple-macosx -mmacosx-version-min=26.1 -Wall -O0 -ffunction-sections -fdata-sections -fPIC -gdwarf-2 -fno-omit-frame-pointer --target=arm64-apple-macosx -mmacosx-version-min=26.1 -Wall -D_REENTRANT -O0 -ffunction-sections -fdata-sections -fPIC -gdwarf-2 -fno-omit-frame-pointer --target=arm64-apple-macosx -mmacosx-version-min=26.1 -Wall conftest.c -pthread >&5
conftest.c:78:9: warning: unused variable 'y' [-Wunused-variable]
   78 |     int y = __atomic_fetch_add(&x, val, __ATOMIC_RELAXED);
      |         ^
1 warning generated.
configure:13110: $? = 0
configure:13118: result: yes
configure:13127: checking whether GCC 8-bit __atomic atomics is compilable
configure:13150: cc -o conftest -std=gnu11 -Werror=unknown-warning-option -Wall -Wextra -Wshorten-64-to-32 -Wsign-compare -Wundef -Wno-format-zero-length -Wpointer-arith -Wno-missing-braces -Wno-missing-field-initializers -pipe -g3 -Wimplicit-fallthrough -O3 -funroll-loops -O0 -ffunction-sections -fdata-sections -fPIC -gdwarf-2 -fno-omit-frame-pointer --target=arm64-apple-macosx -mmacosx-version-min=26.1 -Wall -O0 -ffunction-sections -fdata-sections -fPIC -gdwarf-2 -fno-omit-frame-pointer --target=arm64-apple-macosx -mmacosx-version-min=26.1 -Wall -D_REENTRANT -O0 -ffunction-sections -fdata-sections -fPIC -gdwarf-2 -fno-omit-frame-pointer --target=arm64-apple-macosx -mmacosx-version-min=26.1 -Wall conftest.c -pthread >&5
conftest.c:79:11: warning: unused variable 'y' [-Wunused-variable]
   79 |       int y = __atomic_fetch_add(&x, val, __ATOMIC_RELAXED);
      |           ^
1 warning generated.
configure:13150: $? = 0
configure:13158: result: yes
configure:13170: checking whether GCC __sync atomics is compilable
configure:13192: cc -o conftest -std=gnu11 -Werror=unknown-warning-option -Wall -Wextra -Wshorten-64-to-32 -Wsign-compare -Wundef -Wno-format-zero-length -Wpointer-arith -Wno-missing-braces -Wno-missing-field-initializers -pipe -g3 -Wimplicit-fallthrough -O3 -funroll-loops -O0 -ffunction-sections -fdata-sections -fPIC -gdwarf-2 -fno-omit-frame-pointer --target=arm64-apple-macosx -mmacosx-version-min=26.1 -Wall -O0 -ffunction-sections -fdata-sections -fPIC -gdwarf-2 -fno-omit-frame-pointer --target=arm64-apple-macosx -mmacosx-version-min=26.1 -Wall -D_REENTRANT -O0 -ffunction-sections -fdata-sections -fPIC -gdwarf-2 -fno-omit-frame-pointer --target=arm64-apple-macosx -mmacosx-version-min=26.1 -Wall conftest.c -pthread >&5
configure:13192: $? = 0
configure:13200: result: yes
configure:13209: checking whether GCC 8-bit __sync atomics is compilable
configure:13231: cc -o conftest -std=gnu11 -Werror=unknown-warning-option -Wall -Wextra -Wshorten-64-to-32 -Wsign-compare -Wundef -Wno-format-zero-length -Wpointer-arith -Wno-missing-braces -Wno-missing-field-initializers -pipe -g3 -Wimplicit-fallthrough -O3 -funroll-loops -O0 -ffunction-sections -fdata-sections -fPIC -gdwarf-2 -fno-omit-frame-pointer --target=arm64-apple-macosx -mmacosx-version-min=26.1 -Wall -O0 -ffunction-sections -fdata-sections -fPIC -gdwarf-2 -fno-omit-frame-pointer --target=arm64-apple-macosx -mmacosx-version-min=26.1 -Wall -D_REENTRANT -O0 -ffunction-sections -fdata-sections -fPIC -gdwarf-2 -fno-omit-frame-pointer --target=arm64-apple-macosx -mmacosx-version-min=26.1 -Wall conftest.c -pthread >&5
configure:13231: $? = 0
configure:13239: result: yes
configure:13251: checking whether Darwin OSAtomic*() is compilable
configure:13281: cc -o conftest -std=gnu11 -Werror=unknown-warning-option -Wall -Wextra -Wshorten-64-to-32 -Wsign-compare -Wundef -Wno-format-zero-length -Wpointer-arith -Wno-missing-braces -Wno-missing-field-initializers -pipe -g3 -Wimplicit-fallthrough -O3 -funroll-loops -O0 -ffunction-sections -fdata-sections -fPIC -gdwarf-2 -fno-omit-frame-pointer --target=arm64-apple-macosx -mmacosx-version-min=26.1 -Wall -O0 -ffunction-sections -fdata-sections -fPIC -gdwarf-2 -fno-omit-frame-pointer --target=arm64-apple-macosx -mmacosx-version-min=26.1 -Wall -D_REENTRANT -O0 -ffunction-sections -fdata-sections -fPIC -gdwarf-2 -fno-omit-frame-pointer --target=arm64-apple-macosx -mmacosx-version-min=26.1 -Wall conftest.c -pthread >&5
conftest.c:85:3: warning: 'OSAtomicAdd32' is deprecated: first deprecated in macOS 10.12 - Use atomic_fetch_add_explicit(memory_order_relaxed) from <stdatomic.h> instead [-Wdeprecated-declarations]
   85 |                 OSAtomicAdd32(1, x32p);
      |                 ^
/Library/Developer/CommandLineTools/SDKs/MacOSX.sdk/usr/include/libkern/OSAtomicDeprecated.h:148:9: note: 'OSAtomicAdd32' has been explicitly marked deprecated here
  148 | int32_t OSAtomicAdd32( int32_t __theAmount, volatile int32_t *__theValue );
      |         ^
conftest.c:90:3: warning: 'OSAtomicAdd64' is deprecated: first deprecated in macOS 10.12 - Use atomic_fetch_add_explicit(memory_order_relaxed) from <stdatomic.h> instead [-Wdeprecated-declarations]
   90 |                 OSAtomicAdd64(1, x64p);
      |                 ^
/Library/Developer/CommandLineTools/SDKs/MacOSX.sdk/usr/include/libkern/OSAtomicDeprecated.h:233:9: note: 'OSAtomicAdd64' has been explicitly marked deprecated here
  233 | int64_t OSAtomicAdd64( int64_t __theAmount,
      |         ^
2 warnings generated.
configure:13281: $? = 0
configure:13289: result: yes
configure:13300: checking whether madvise(2) is compilable
configure:13320: cc -o conftest -std=gnu11 -Werror=unknown-warning-option -Wall -Wextra -Wshorten-64-to-32 -Wsign-compare -Wundef -Wno-format-zero-length -Wpointer-arith -Wno-missing-braces -Wno-missing-field-initializers -pipe -g3 -Wimplicit-fallthrough -O3 -funroll-loops -O0 -ffunction-sections -fdata-sections -fPIC -gdwarf-2 -fno-omit-frame-pointer --target=arm64-apple-macosx -mmacosx-version-min=26.1 -Wall -O0 -ffunction-sections -fdata-sections -fPIC -gdwarf-2 -fno-omit-frame-pointer --target=arm64-apple-macosx -mmacosx-version-min=26.1 -Wall -D_REENTRANT -O0 -ffunction-sections -fdata-sections -fPIC -gdwarf-2 -fno-omit-frame-pointer --target=arm64-apple-macosx -mmacosx-version-min=26.1 -Wall conftest.c -pthread >&5
configure:13320: $? = 0
configure:13328: result: yes
configure:13337: checking whether madvise(..., MADV_FREE) is compilable
configure:13357: cc -o conftest -std=gnu11 -Werror=unknown-warning-option -Wall -Wextra -Wshorten-64-to-32 -Wsign-compare -Wundef -Wno-format-zero-length -Wpointer-arith -Wno-missing-braces -Wno-missing-field-initializers -pipe -g3 -Wimplicit-fallthrough -O3 -funroll-loops -O0 -ffunction-sections -fdata-sections -fPIC -gdwarf-2 -fno-omit-frame-pointer --target=arm64-apple-macosx -mmacosx-version-min=26.1 -Wall -O0 -ffunction-sections -fdata-sections -fPIC -gdwarf-2 -fno-omit-frame-pointer --target=arm64-apple-macosx -mmacosx-version-min=26.1 -Wall -D_REENTRANT -O0 -ffunction-sections -fdata-sections -fPIC -gdwarf-2 -fno-omit-frame-pointer --target=arm64-apple-macosx -mmacosx-version-min=26.1 -Wall conftest.c -pthread >&5
configure:13357: $? = 0
configure:13365: result: yes
configure:13388: checking whether madvise(..., MADV_DONTNEED) is compilable
configure:13408: cc -o conftest -std=gnu11 -Werror=unknown-warning-option -Wall -Wextra -Wshorten-64-to-32 -Wsign-compare -Wundef -Wno-format-zero-length -Wpointer-arith -Wno-missing-braces -Wno-missing-field-initializers -pipe -g3 -Wimplicit-fallthrough -O3 -funroll-loops -O0 -ffunction-sections -fdata-sections -fPIC -gdwarf-2 -fno-omit-frame-pointer --target=arm64-apple-macosx -mmacosx-version-min=26.1 -Wall -O0 -ffunction-sections -fdata-sections -fPIC -gdwarf-2 -fno-omit-frame-pointer --target=arm64-apple-macosx -mmacosx-version-min=26.1 -Wall -D_REENTRANT -O0 -ffunction-sections -fdata-sections -fPIC -gdwarf-2 -fno-omit-frame-pointer --target=arm64-apple-macosx -mmacosx-version-min=26.1 -Wall conftest.c -pthread >&5
configure:13408: $? = 0
configure:13416: result: yes
configure:13426: checking whether madvise(..., MADV_DO[NT]DUMP) is compilable
configure:13447: cc -o conftest -std=gnu11 -Werror=unknown-warning-option -Wall -Wextra -Wshorten-64-to-32 -Wsign-compare -Wundef -Wno-format-zero-length -Wpointer-arith -Wno-missing-braces -Wno-missing-field-initializers -pipe -g3 -Wimplicit-fallthrough -O3 -funroll-loops -O0 -ffunction-sections -fdata-sections -fPIC -gdwarf-2 -fno-omit-frame-pointer --target=arm64-apple-macosx -mmacosx-version-min=26.1 -Wall -O0 -ffunction-sections -fdata-sections -fPIC -gdwarf-2 -fno-omit-frame-pointer --target=arm64-apple-macosx -mmacosx-version-min=26.1 -Wall -D_REENTRANT -O0 -ffunction-sections -fdata-sections -fPIC -gdwarf-2 -fno-omit-frame-pointer --target=arm64-apple-macosx -mmacosx-version-min=26.1 -Wall conftest.c -pthread >&5
conftest.c:85:24: error: use of undeclared identifier 'MADV_DONTDUMP'
   85 |         madvise((void *)0, 0, MADV_DONTDUMP);
      |                               ^
conftest.c:86:24: error: use of undeclared identifier 'MADV_DODUMP'
   86 |         madvise((void *)0, 0, MADV_DODUMP);
      |                               ^
2 errors generated.
configure:13447: $? = 1
configure: failed program was:
| /* confdefs.h */
| #define PACKAGE_NAME ""
| #define PACKAGE_TARNAME ""
| #define PACKAGE_VERSION ""
| #define PACKAGE_STRING ""
| #define PACKAGE_BUGREPORT ""
| #define PACKAGE_URL ""
| #define JEMALLOC_HAS_RESTRICT
| #define STDC_HEADERS 1
| #define HAVE_SYS_TYPES_H 1
| #define HAVE_SYS_STAT_H 1
| #define HAVE_STDLIB_H 1
| #define HAVE_STRING_H 1
| #define HAVE_MEMORY_H 1
| #define HAVE_STRINGS_H 1
| #define HAVE_INTTYPES_H 1
| #define HAVE_STDINT_H 1
| #define HAVE_UNISTD_H 1
| #define SIZEOF_VOID_P 8
| #define LG_SIZEOF_PTR 3
| #define SIZEOF_INT 4
| #define LG_SIZEOF_INT 2
| #define SIZEOF_LONG 8
| #define LG_SIZEOF_LONG 3
| #define SIZEOF_LONG_LONG 8
| #define LG_SIZEOF_LONG_LONG 3
| #define SIZEOF_INTMAX_T 8
| #define LG_SIZEOF_INTMAX_T 3
| #define HAVE_CPU_SPINWAIT 1
| #define CPU_SPINWAIT __asm__ volatile("isb")
| #define LG_VADDR 48
| #define JEMALLOC_USABLE_SIZE_CONST const
| #define JEMALLOC_HAVE_ATTR  
| #define JEMALLOC_HAVE_ATTR_ALLOC_SIZE  
| #define JEMALLOC_HAVE_ATTR_FORMAT_PRINTF  
| #define JEMALLOC_HAVE_ATTR_FORMAT_ARG  
| #define JEMALLOC_HAVE_ATTR_FALLTHROUGH  
| #define JEMALLOC_HAVE_ATTR_COLD  
| #define JEMALLOC_HAVE_VM_MAKE_TAG  
| #define JEMALLOC_PREFIX "_rjem_"
| #define JEMALLOC_CPREFIX "_RJEM_"
| #define JEMALLOC_OVERRIDE_VALLOC  
| #define JEMALLOC_HAVE_MALLOC_SIZE  
| #define JEMALLOC_PRIVATE_NAMESPACE _rjem_je_
| #define JEMALLOC_CONFIG_MALLOC_CONF ""
| #define JEMALLOC_STATS  
| #define JEMALLOC_MAPS_COALESCE  
| #define JEMALLOC_FILL  
| #define JEMALLOC_CACHE_OBLIVIOUS  
| #define JEMALLOC_INTERNAL_UNREACHABLE __builtin_unreachable
| #define JEMALLOC_INTERNAL_FFSLL __builtin_ffsll
| #define JEMALLOC_INTERNAL_FFSL __builtin_ffsl
| #define JEMALLOC_INTERNAL_FFS __builtin_ffs
| #define JEMALLOC_INTERNAL_POPCOUNT __builtin_popcount
| #define JEMALLOC_INTERNAL_POPCOUNTL __builtin_popcountl
| #define JEMALLOC_INTERNAL_POPCOUNTLL __builtin_popcountll
| #define LG_PAGE 14
| #define LG_HUGEPAGE 21
| #define JEMALLOC_HAVE_PTHREAD  
| #define HAVE_PTHREAD_H 1
| #define HAVE_DLFCN_H 1
| #define JEMALLOC_HAVE_DLSYM  
| #define JEMALLOC_HAVE_PTHREAD_ATFORK  
| #define JEMALLOC_HAVE_PTHREAD_GETNAME_NP  
| #define JEMALLOC_HAVE_MACH_ABSOLUTE_TIME  
| #define JEMALLOC_HAVE_CLOCK_REALTIME  
| #define JEMALLOC_HAVE_ISSETUGID  
| #define JEMALLOC_C11_ATOMICS  
| #define JEMALLOC_GCC_ATOMIC_ATOMICS  
| #define JEMALLOC_GCC_U8_ATOMIC_ATOMICS  
| #define JEMALLOC_GCC_SYNC_ATOMICS  
| #define JEMALLOC_GCC_U8_SYNC_ATOMICS  
| #define JEMALLOC_OSATOMIC  
| #define JEMALLOC_HAVE_MADVISE  
| #define JEMALLOC_PURGE_MADVISE_FREE  
| #define JEMALLOC_PURGE_MADVISE_DONTNEED  
| /* end confdefs.h.  */
| 
| #include <sys/mman.h>
| 
| int
| main ()
| {
| 
| 	madvise((void *)0, 0, MADV_DONTDUMP);
| 	madvise((void *)0, 0, MADV_DODUMP);
| 
|   ;
|   return 0;
| }
configure:13455: result: no
configure:13465: checking whether madvise(..., MADV_[NO]HUGEPAGE) is compilable
configure:13486: cc -o conftest -std=gnu11 -Werror=unknown-warning-option -Wall -Wextra -Wshorten-64-to-32 -Wsign-compare -Wundef -Wno-format-zero-length -Wpointer-arith -Wno-missing-braces -Wno-missing-field-initializers -pipe -g3 -Wimplicit-fallthrough -O3 -funroll-loops -O0 -ffunction-sections -fdata-sections -fPIC -gdwarf-2 -fno-omit-frame-pointer --target=arm64-apple-macosx -mmacosx-version-min=26.1 -Wall -O0 -ffunction-sections -fdata-sections -fPIC -gdwarf-2 -fno-omit-frame-pointer --target=arm64-apple-macosx -mmacosx-version-min=26.1 -Wall -D_REENTRANT -O0 -ffunction-sections -fdata-sections -fPIC -gdwarf-2 -fno-omit-frame-pointer --target=arm64-apple-macosx -mmacosx-version-min=26.1 -Wall conftest.c -pthread >&5
conftest.c:85:24: error: use of undeclared identifier 'MADV_HUGEPAGE'
   85 |         madvise((void *)0, 0, MADV_HUGEPAGE);
      |                               ^
conftest.c:86:24: error: use of undeclared identifier 'MADV_NOHUGEPAGE'
   86 |         madvise((void *)0, 0, MADV_NOHUGEPAGE);
      |                               ^
2 errors generated.
configure:13486: $? = 1
configure: failed program was:
| /* confdefs.h */
| #define PACKAGE_NAME ""
| #define PACKAGE_TARNAME ""
| #define PACKAGE_VERSION ""
| #define PACKAGE_STRING ""
| #define PACKAGE_BUGREPORT ""
| #define PACKAGE_URL ""
| #define JEMALLOC_HAS_RESTRICT
| #define STDC_HEADERS 1
| #define HAVE_SYS_TYPES_H 1
| #define HAVE_SYS_STAT_H 1
| #define HAVE_STDLIB_H 1
| #define HAVE_STRING_H 1
| #define HAVE_MEMORY_H 1
| #define HAVE_STRINGS_H 1
| #define HAVE_INTTYPES_H 1
| #define HAVE_STDINT_H 1
| #define HAVE_UNISTD_H 1
| #define SIZEOF_VOID_P 8
| #define LG_SIZEOF_PTR 3
| #define SIZEOF_INT 4
| #define LG_SIZEOF_INT 2
| #define SIZEOF_LONG 8
| #define LG_SIZEOF_LONG 3
| #define SIZEOF_LONG_LONG 8
| #define LG_SIZEOF_LONG_LONG 3
| #define SIZEOF_INTMAX_T 8
| #define LG_SIZEOF_INTMAX_T 3
| #define HAVE_CPU_SPINWAIT 1
| #define CPU_SPINWAIT __asm__ volatile("isb")
| #define LG_VADDR 48
| #define JEMALLOC_USABLE_SIZE_CONST const
| #define JEMALLOC_HAVE_ATTR  
| #define JEMALLOC_HAVE_ATTR_ALLOC_SIZE  
| #define JEMALLOC_HAVE_ATTR_FORMAT_PRINTF  
| #define JEMALLOC_HAVE_ATTR_FORMAT_ARG  
| #define JEMALLOC_HAVE_ATTR_FALLTHROUGH  
| #define JEMALLOC_HAVE_ATTR_COLD  
| #define JEMALLOC_HAVE_VM_MAKE_TAG  
| #define JEMALLOC_PREFIX "_rjem_"
| #define JEMALLOC_CPREFIX "_RJEM_"
| #define JEMALLOC_OVERRIDE_VALLOC  
| #define JEMALLOC_HAVE_MALLOC_SIZE  
| #define JEMALLOC_PRIVATE_NAMESPACE _rjem_je_
| #define JEMALLOC_CONFIG_MALLOC_CONF ""
| #define JEMALLOC_STATS  
| #define JEMALLOC_MAPS_COALESCE  
| #define JEMALLOC_FILL  
| #define JEMALLOC_CACHE_OBLIVIOUS  
| #define JEMALLOC_INTERNAL_UNREACHABLE __builtin_unreachable
| #define JEMALLOC_INTERNAL_FFSLL __builtin_ffsll
| #define JEMALLOC_INTERNAL_FFSL __builtin_ffsl
| #define JEMALLOC_INTERNAL_FFS __builtin_ffs
| #define JEMALLOC_INTERNAL_POPCOUNT __builtin_popcount
| #define JEMALLOC_INTERNAL_POPCOUNTL __builtin_popcountl
| #define JEMALLOC_INTERNAL_POPCOUNTLL __builtin_popcountll
| #define LG_PAGE 14
| #define LG_HUGEPAGE 21
| #define JEMALLOC_HAVE_PTHREAD  
| #define HAVE_PTHREAD_H 1
| #define HAVE_DLFCN_H 1
| #define JEMALLOC_HAVE_DLSYM  
| #define JEMALLOC_HAVE_PTHREAD_ATFORK  
| #define JEMALLOC_HAVE_PTHREAD_GETNAME_NP  
| #define JEMALLOC_HAVE_MACH_ABSOLUTE_TIME  
| #define JEMALLOC_HAVE_CLOCK_REALTIME  
| #define JEMALLOC_HAVE_ISSETUGID  
| #define JEMALLOC_C11_ATOMICS  
| #define JEMALLOC_GCC_ATOMIC_ATOMICS  
| #define JEMALLOC_GCC_U8_ATOMIC_ATOMICS  
| #define JEMALLOC_GCC_SYNC_ATOMICS  
| #define JEMALLOC_GCC_U8_SYNC_ATOMICS  
| #define JEMALLOC_OSATOMIC  
| #define JEMALLOC_HAVE_MADVISE  
| #define JEMALLOC_PURGE_MADVISE_FREE  
| #define JEMALLOC_PURGE_MADVISE_DONTNEED  
| /* end confdefs.h.  */
| 
| #include <sys/mman.h>
| 
| int
| main ()
| {
| 
| 	madvise((void *)0, 0, MADV_HUGEPAGE);
| 	madvise((void *)0, 0, MADV_NOHUGEPAGE);
| 
|   ;
|   return 0;
| }
configure:13494: result: no
configure:13498: checking whether madvise(..., MADV_[NO]CORE) is compilable
configure:13519: cc -o conftest -std=gnu11 -Werror=unknown-warning-option -Wall -Wextra -Wshorten-64-to-32 -Wsign-compare -Wundef -Wno-format-zero-length -Wpointer-arith -Wno-missing-braces -Wno-missing-field-initializers -pipe -g3 -Wimplicit-fallthrough -O3 -funroll-loops -O0 -ffunction-sections -fdata-sections -fPIC -gdwarf-2 -fno-omit-frame-pointer --target=arm64-apple-macosx -mmacosx-version-min=26.1 -Wall -O0 -ffunction-sections -fdata-sections -fPIC -gdwarf-2 -fno-omit-frame-pointer --target=arm64-apple-macosx -mmacosx-version-min=26.1 -Wall -D_REENTRANT -O0 -ffunction-sections -fdata-sections -fPIC -gdwarf-2 -fno-omit-frame-pointer --target=arm64-apple-macosx -mmacosx-version-min=26.1 -Wall conftest.c -pthread >&5
conftest.c:85:24: error: use of undeclared identifier 'MADV_NOCORE'
   85 |         madvise((void *)0, 0, MADV_NOCORE);
      |                               ^
conftest.c:86:24: error: use of undeclared identifier 'MADV_CORE'
   86 |         madvise((void *)0, 0, MADV_CORE);
      |                               ^
2 errors generated.
configure:13519: $? = 1
configure: failed program was:
| /* confdefs.h */
| #define PACKAGE_NAME ""
| #define PACKAGE_TARNAME ""
| #define PACKAGE_VERSION ""
| #define PACKAGE_STRING ""
| #define PACKAGE_BUGREPORT ""
| #define PACKAGE_URL ""
| #define JEMALLOC_HAS_RESTRICT
| #define STDC_HEADERS 1
| #define HAVE_SYS_TYPES_H 1
| #define HAVE_SYS_STAT_H 1
| #define HAVE_STDLIB_H 1
| #define HAVE_STRING_H 1
| #define HAVE_MEMORY_H 1
| #define HAVE_STRINGS_H 1
| #define HAVE_INTTYPES_H 1
| #define HAVE_STDINT_H 1
| #define HAVE_UNISTD_H 1
| #define SIZEOF_VOID_P 8
| #define LG_SIZEOF_PTR 3
| #define SIZEOF_INT 4
| #define LG_SIZEOF_INT 2
| #define SIZEOF_LONG 8
| #define LG_SIZEOF_LONG 3
| #define SIZEOF_LONG_LONG 8
| #define LG_SIZEOF_LONG_LONG 3
| #define SIZEOF_INTMAX_T 8
| #define LG_SIZEOF_INTMAX_T 3
| #define HAVE_CPU_SPINWAIT 1
| #define CPU_SPINWAIT __asm__ volatile("isb")
| #define LG_VADDR 48
| #define JEMALLOC_USABLE_SIZE_CONST const
| #define JEMALLOC_HAVE_ATTR  
| #define JEMALLOC_HAVE_ATTR_ALLOC_SIZE  
| #define JEMALLOC_HAVE_ATTR_FORMAT_PRINTF  
| #define JEMALLOC_HAVE_ATTR_FORMAT_ARG  
| #define JEMALLOC_HAVE_ATTR_FALLTHROUGH  
| #define JEMALLOC_HAVE_ATTR_COLD  
| #define JEMALLOC_HAVE_VM_MAKE_TAG  
| #define JEMALLOC_PREFIX "_rjem_"
| #define JEMALLOC_CPREFIX "_RJEM_"
| #define JEMALLOC_OVERRIDE_VALLOC  
| #define JEMALLOC_HAVE_MALLOC_SIZE  
| #define JEMALLOC_PRIVATE_NAMESPACE _rjem_je_
| #define JEMALLOC_CONFIG_MALLOC_CONF ""
| #define JEMALLOC_STATS  
| #define JEMALLOC_MAPS_COALESCE  
| #define JEMALLOC_FILL  
| #define JEMALLOC_CACHE_OBLIVIOUS  
| #define JEMALLOC_INTERNAL_UNREACHABLE __builtin_unreachable
| #define JEMALLOC_INTERNAL_FFSLL __builtin_ffsll
| #define JEMALLOC_INTERNAL_FFSL __builtin_ffsl
| #define JEMALLOC_INTERNAL_FFS __builtin_ffs
| #define JEMALLOC_INTERNAL_POPCOUNT __builtin_popcount
| #define JEMALLOC_INTERNAL_POPCOUNTL __builtin_popcountl
| #define JEMALLOC_INTERNAL_POPCOUNTLL __builtin_popcountll
| #define LG_PAGE 14
| #define LG_HUGEPAGE 21
| #define JEMALLOC_HAVE_PTHREAD  
| #define HAVE_PTHREAD_H 1
| #define HAVE_DLFCN_H 1
| #define JEMALLOC_HAVE_DLSYM  
| #define JEMALLOC_HAVE_PTHREAD_ATFORK  
| #define JEMALLOC_HAVE_PTHREAD_GETNAME_NP  
| #define JEMALLOC_HAVE_MACH_ABSOLUTE_TIME  
| #define JEMALLOC_HAVE_CLOCK_REALTIME  
| #define JEMALLOC_HAVE_ISSETUGID  
| #define JEMALLOC_C11_ATOMICS  
| #define JEMALLOC_GCC_ATOMIC_ATOMICS  
| #define JEMALLOC_GCC_U8_ATOMIC_ATOMICS  
| #define JEMALLOC_GCC_SYNC_ATOMICS  
| #define JEMALLOC_GCC_U8_SYNC_ATOMICS  
| #define JEMALLOC_OSATOMIC  
| #define JEMALLOC_HAVE_MADVISE  
| #define JEMALLOC_PURGE_MADVISE_FREE  
| #define JEMALLOC_PURGE_MADVISE_DONTNEED  
| /* end confdefs.h.  */
| 
| #include <sys/mman.h>
| 
| int
| main ()
| {
| 
| 	madvise((void *)0, 0, MADV_NOCORE);
| 	madvise((void *)0, 0, MADV_CORE);
| 
|   ;
|   return 0;
| }
configure:13527: result: no
configure:13626: checking whether mprotect(2) is compilable
configure:13646: cc -o conftest -std=gnu11 -Werror=unknown-warning-option -Wall -Wextra -Wshorten-64-to-32 -Wsign-compare -Wundef -Wno-format-zero-length -Wpointer-arith -Wno-missing-braces -Wno-missing-field-initializers -pipe -g3 -Wimplicit-fallthrough -O3 -funroll-loops -O0 -ffunction-sections -fdata-sections -fPIC -gdwarf-2 -fno-omit-frame-pointer --target=arm64-apple-macosx -mmacosx-version-min=26.1 -Wall -O0 -ffunction-sections -fdata-sections -fPIC -gdwarf-2 -fno-omit-frame-pointer --target=arm64-apple-macosx -mmacosx-version-min=26.1 -Wall -D_REENTRANT -O0 -ffunction-sections -fdata-sections -fPIC -gdwarf-2 -fno-omit-frame-pointer --target=arm64-apple-macosx -mmacosx-version-min=26.1 -Wall conftest.c -pthread >&5
configure:13646: $? = 0
configure:13654: result: yes
configure:13664: checking for __builtin_clz
configure:13693: cc -o conftest -std=gnu11 -Werror=unknown-warning-option -Wall -Wextra -Wshorten-64-to-32 -Wsign-compare -Wundef -Wno-format-zero-length -Wpointer-arith -Wno-missing-braces -Wno-missing-field-initializers -pipe -g3 -Wimplicit-fallthrough -O3 -funroll-loops -O0 -ffunction-sections -fdata-sections -fPIC -gdwarf-2 -fno-omit-frame-pointer --target=arm64-apple-macosx -mmacosx-version-min=26.1 -Wall -O0 -ffunction-sections -fdata-sections -fPIC -gdwarf-2 -fno-omit-frame-pointer --target=arm64-apple-macosx -mmacosx-version-min=26.1 -Wall -D_REENTRANT -O0 -ffunction-sections -fdata-sections -fPIC -gdwarf-2 -fno-omit-frame-pointer --target=arm64-apple-macosx -mmacosx-version-min=26.1 -Wall conftest.c -pthread >&5
conftest.c:86:61: warning: unused variable 'y' [-Wunused-variable]
   86 |                                                         int y = __builtin_clz(x);
      |                                                             ^
conftest.c:90:61: warning: unused variable 'y' [-Wunused-variable]
   90 |                                                         int y = __builtin_clzl(x);
      |                                                             ^
conftest.c:94:61: warning: unused variable 'y' [-Wunused-variable]
   94 |                                                         int y = __builtin_clzll(x);
      |                                                             ^
3 warnings generated.
configure:13693: $? = 0
configure:13701: result: yes
configure:13712: checking whether Darwin os_unfair_lock_*() is compilable
configure:13739: cc -o conftest -std=gnu11 -Werror=unknown-warning-option -Wall -Wextra -Wshorten-64-to-32 -Wsign-compare -Wundef -Wno-format-zero-length -Wpointer-arith -Wno-missing-braces -Wno-missing-field-initializers -pipe -g3 -Wimplicit-fallthrough -O3 -funroll-loops -O0 -ffunction-sections -fdata-sections -fPIC -gdwarf-2 -fno-omit-frame-pointer --target=arm64-apple-macosx -mmacosx-version-min=26.1 -Wall -O0 -ffunction-sections -fdata-sections -fPIC -gdwarf-2 -fno-omit-frame-pointer --target=arm64-apple-macosx -mmacosx-version-min=26.1 -Wall -D_REENTRANT -O0 -ffunction-sections -fdata-sections -fPIC -gdwarf-2 -fno-omit-frame-pointer --target=arm64-apple-macosx -mmacosx-version-min=26.1 -Wall conftest.c -pthread >&5
configure:13739: $? = 0
configure:13747: result: yes
configure:13914: checking whether pthreads adaptive mutexes is compilable
configure:13937: cc -o conftest -std=gnu11 -Werror=unknown-warning-option -Wall -Wextra -Wshorten-64-to-32 -Wsign-compare -Wundef -Wno-format-zero-length -Wpointer-arith -Wno-missing-braces -Wno-missing-field-initializers -pipe -g3 -Wimplicit-fallthrough -O3 -funroll-loops -O0 -ffunction-sections -fdata-sections -fPIC -gdwarf-2 -fno-omit-frame-pointer --target=arm64-apple-macosx -mmacosx-version-min=26.1 -Wall -O0 -ffunction-sections -fdata-sections -fPIC -gdwarf-2 -fno-omit-frame-pointer --target=arm64-apple-macosx -mmacosx-version-min=26.1 -Wall -D_REENTRANT -O0 -ffunction-sections -fdata-sections -fPIC -gdwarf-2 -fno-omit-frame-pointer --target=arm64-apple-macosx -mmacosx-version-min=26.1 -Wall conftest.c -pthread >&5
conftest.c:92:36: error: use of undeclared identifier 'PTHREAD_MUTEX_ADAPTIVE_NP'
   92 |   pthread_mutexattr_settype(&attr, PTHREAD_MUTEX_ADAPTIVE_NP);
      |                                    ^
1 error generated.
configure:13937: $? = 1
configure: failed program was:
| /* confdefs.h */
| #define PACKAGE_NAME ""
| #define PACKAGE_TARNAME ""
| #define PACKAGE_VERSION ""
| #define PACKAGE_STRING ""
| #define PACKAGE_BUGREPORT ""
| #define PACKAGE_URL ""
| #define JEMALLOC_HAS_RESTRICT
| #define STDC_HEADERS 1
| #define HAVE_SYS_TYPES_H 1
| #define HAVE_SYS_STAT_H 1
| #define HAVE_STDLIB_H 1
| #define HAVE_STRING_H 1
| #define HAVE_MEMORY_H 1
| #define HAVE_STRINGS_H 1
| #define HAVE_INTTYPES_H 1
| #define HAVE_STDINT_H 1
| #define HAVE_UNISTD_H 1
| #define SIZEOF_VOID_P 8
| #define LG_SIZEOF_PTR 3
| #define SIZEOF_INT 4
| #define LG_SIZEOF_INT 2
| #define SIZEOF_LONG 8
| #define LG_SIZEOF_LONG 3
| #define SIZEOF_LONG_LONG 8
| #define LG_SIZEOF_LONG_LONG 3
| #define SIZEOF_INTMAX_T 8
| #define LG_SIZEOF_INTMAX_T 3
| #define HAVE_CPU_SPINWAIT 1
| #define CPU_SPINWAIT __asm__ volatile("isb")
| #define LG_VADDR 48
| #define JEMALLOC_USABLE_SIZE_CONST const
| #define JEMALLOC_HAVE_ATTR  
| #define JEMALLOC_HAVE_ATTR_ALLOC_SIZE  
| #define JEMALLOC_HAVE_ATTR_FORMAT_PRINTF  
| #define JEMALLOC_HAVE_ATTR_FORMAT_ARG  
| #define JEMALLOC_HAVE_ATTR_FALLTHROUGH  
| #define JEMALLOC_HAVE_ATTR_COLD  
| #define JEMALLOC_HAVE_VM_MAKE_TAG  
| #define JEMALLOC_PREFIX "_rjem_"
| #define JEMALLOC_CPREFIX "_RJEM_"
| #define JEMALLOC_OVERRIDE_VALLOC  
| #define JEMALLOC_HAVE_MALLOC_SIZE  
| #define JEMALLOC_PRIVATE_NAMESPACE _rjem_je_
| #define JEMALLOC_CONFIG_MALLOC_CONF ""
| #define JEMALLOC_STATS  
| #define JEMALLOC_MAPS_COALESCE  
| #define JEMALLOC_FILL  
| #define JEMALLOC_CACHE_OBLIVIOUS  
| #define JEMALLOC_INTERNAL_UNREACHABLE __builtin_unreachable
| #define JEMALLOC_INTERNAL_FFSLL __builtin_ffsll
| #define JEMALLOC_INTERNAL_FFSL __builtin_ffsl
| #define JEMALLOC_INTERNAL_FFS __builtin_ffs
| #define JEMALLOC_INTERNAL_POPCOUNT __builtin_popcount
| #define JEMALLOC_INTERNAL_POPCOUNTL __builtin_popcountl
| #define JEMALLOC_INTERNAL_POPCOUNTLL __builtin_popcountll
| #define LG_PAGE 14
| #define LG_HUGEPAGE 21
| #define JEMALLOC_HAVE_PTHREAD  
| #define HAVE_PTHREAD_H 1
| #define HAVE_DLFCN_H 1
| #define JEMALLOC_HAVE_DLSYM  
| #define JEMALLOC_HAVE_PTHREAD_ATFORK  
| #define JEMALLOC_HAVE_PTHREAD_GETNAME_NP  
| #define JEMALLOC_HAVE_MACH_ABSOLUTE_TIME  
| #define JEMALLOC_HAVE_CLOCK_REALTIME  
| #define JEMALLOC_HAVE_ISSETUGID  
| #define JEMALLOC_C11_ATOMICS  
| #define JEMALLOC_GCC_ATOMIC_ATOMICS  
| #define JEMALLOC_GCC_U8_ATOMIC_ATOMICS  
| #define JEMALLOC_GCC_SYNC_ATOMICS  
| #define JEMALLOC_GCC_U8_SYNC_ATOMICS  
| #define JEMALLOC_OSATOMIC  
| #define JEMALLOC_HAVE_MADVISE  
| #define JEMALLOC_PURGE_MADVISE_FREE  
| #define JEMALLOC_PURGE_MADVISE_DONTNEED  
| #define JEMALLOC_HAVE_MPROTECT  
| #define JEMALLOC_HAVE_BUILTIN_CLZ  
| #define JEMALLOC_OS_UNFAIR_LOCK  
| #define JEMALLOC_ZONE  
| #define JEMALLOC_TLS_MODEL __attribute__((tls_model("initial-exec")))
| /* end confdefs.h.  */
| 
| #include <pthread.h>
| 
| int
| main ()
| {
| 
|   pthread_mutexattr_t attr;
|   pthread_mutexattr_init(&attr);
|   pthread_mutexattr_settype(&attr, PTHREAD_MUTEX_ADAPTIVE_NP);
|   pthread_mutexattr_destroy(&attr);
| 
|   ;
|   return 0;
| }
configure:13945: result: no
configure:13957: checking whether compiler supports -D_GNU_SOURCE
configure:13988: cc -c -std=gnu11 -Werror=unknown-warning-option -Wall -Wextra -Wshorten-64-to-32 -Wsign-compare -Wundef -Wno-format-zero-length -Wpointer-arith -Wno-missing-braces -Wno-missing-field-initializers -pipe -g3 -Wimplicit-fallthrough -O3 -funroll-loops -D_GNU_SOURCE -O0 -ffunction-sections -fdata-sections -fPIC -gdwarf-2 -fno-omit-frame-pointer --target=arm64-apple-macosx -mmacosx-version-min=26.1 -Wall -O0 -ffunction-sections -fdata-sections -fPIC -gdwarf-2 -fno-omit-frame-pointer --target=arm64-apple-macosx -mmacosx-version-min=26.1 -Wall -D_REENTRANT conftest.c >&5
configure:13988: $? = 0
configure:13990: result: yes
configure:14008: checking whether compiler supports -Werror
configure:14039: cc -c -std=gnu11 -Werror=unknown-warning-option -Wall -Wextra -Wshorten-64-to-32 -Wsign-compare -Wundef -Wno-format-zero-length -Wpointer-arith -Wno-missing-braces -Wno-missing-field-initializers -pipe -g3 -Wimplicit-fallthrough -O3 -funroll-loops -D_GNU_SOURCE -Werror -O0 -ffunction-sections -fdata-sections -fPIC -gdwarf-2 -fno-omit-frame-pointer --target=arm64-apple-macosx -mmacosx-version-min=26.1 -Wall -O0 -ffunction-sections -fdata-sections -fPIC -gdwarf-2 -fno-omit-frame-pointer --target=arm64-apple-macosx -mmacosx-version-min=26.1 -Wall -D_REENTRANT conftest.c >&5
configure:14039: $? = 0
configure:14041: result: yes
configure:14059: checking whether compiler supports -herror_on_warning
configure:14090: cc -c -std=gnu11 -Werror=unknown-warning-option -Wall -Wextra -Wshorten-64-to-32 -Wsign-compare -Wundef -Wno-format-zero-length -Wpointer-arith -Wno-missing-braces -Wno-missing-field-initializers -pipe -g3 -Wimplicit-fallthrough -O3 -funroll-loops -D_GNU_SOURCE -Werror -herror_on_warning -O0 -ffunction-sections -fdata-sections -fPIC -gdwarf-2 -fno-omit-frame-pointer --target=arm64-apple-macosx -mmacosx-version-min=26.1 -Wall -O0 -ffunction-sections -fdata-sections -fPIC -gdwarf-2 -fno-omit-frame-pointer --target=arm64-apple-macosx -mmacosx-version-min=26.1 -Wall -D_REENTRANT conftest.c >&5
clang: error: unknown argument: '-herror_on_warning'
configure:14090: $? = 1
configure: failed program was:
| /* confdefs.h */
| #define PACKAGE_NAME ""
| #define PACKAGE_TARNAME ""
| #define PACKAGE_VERSION ""
| #define PACKAGE_STRING ""
| #define PACKAGE_BUGREPORT ""
| #define PACKAGE_URL ""
| #define JEMALLOC_HAS_RESTRICT
| #define STDC_HEADERS 1
| #define HAVE_SYS_TYPES_H 1
| #define HAVE_SYS_STAT_H 1
| #define HAVE_STDLIB_H 1
| #define HAVE_STRING_H 1
| #define HAVE_MEMORY_H 1
| #define HAVE_STRINGS_H 1
| #define HAVE_INTTYPES_H 1
| #define HAVE_STDINT_H 1
| #define HAVE_UNISTD_H 1
| #define SIZEOF_VOID_P 8
| #define LG_SIZEOF_PTR 3
| #define SIZEOF_INT 4
| #define LG_SIZEOF_INT 2
| #define SIZEOF_LONG 8
| #define LG_SIZEOF_LONG 3
| #define SIZEOF_LONG_LONG 8
| #define LG_SIZEOF_LONG_LONG 3
| #define SIZEOF_INTMAX_T 8
| #define LG_SIZEOF_INTMAX_T 3
| #define HAVE_CPU_SPINWAIT 1
| #define CPU_SPINWAIT __asm__ volatile("isb")
| #define LG_VADDR 48
| #define JEMALLOC_USABLE_SIZE_CONST const
| #define JEMALLOC_HAVE_ATTR  
| #define JEMALLOC_HAVE_ATTR_ALLOC_SIZE  
| #define JEMALLOC_HAVE_ATTR_FORMAT_PRINTF  
| #define JEMALLOC_HAVE_ATTR_FORMAT_ARG  
| #define JEMALLOC_HAVE_ATTR_FALLTHROUGH  
| #define JEMALLOC_HAVE_ATTR_COLD  
| #define JEMALLOC_HAVE_VM_MAKE_TAG  
| #define JEMALLOC_PREFIX "_rjem_"
| #define JEMALLOC_CPREFIX "_RJEM_"
| #define JEMALLOC_OVERRIDE_VALLOC  
| #define JEMALLOC_HAVE_MALLOC_SIZE  
| #define JEMALLOC_PRIVATE_NAMESPACE _rjem_je_
| #define JEMALLOC_CONFIG_MALLOC_CONF ""
| #define JEMALLOC_STATS  
| #define JEMALLOC_MAPS_COALESCE  
| #define JEMALLOC_FILL  
| #define JEMALLOC_CACHE_OBLIVIOUS  
| #define JEMALLOC_INTERNAL_UNREACHABLE __builtin_unreachable
| #define JEMALLOC_INTERNAL_FFSLL __builtin_ffsll
| #define JEMALLOC_INTERNAL_FFSL __builtin_ffsl
| #define JEMALLOC_INTERNAL_FFS __builtin_ffs
| #define JEMALLOC_INTERNAL_POPCOUNT __builtin_popcount
| #define JEMALLOC_INTERNAL_POPCOUNTL __builtin_popcountl
| #define JEMALLOC_INTERNAL_POPCOUNTLL __builtin_popcountll
| #define LG_PAGE 14
| #define LG_HUGEPAGE 21
| #define JEMALLOC_HAVE_PTHREAD  
| #define HAVE_PTHREAD_H 1
| #define HAVE_DLFCN_H 1
| #define JEMALLOC_HAVE_DLSYM  
| #define JEMALLOC_HAVE_PTHREAD_ATFORK  
| #define JEMALLOC_HAVE_PTHREAD_GETNAME_NP  
| #define JEMALLOC_HAVE_MACH_ABSOLUTE_TIME  
| #define JEMALLOC_HAVE_CLOCK_REALTIME  
| #define JEMALLOC_HAVE_ISSETUGID  
| #define JEMALLOC_C11_ATOMICS  
| #define JEMALLOC_GCC_ATOMIC_ATOMICS  
| #define JEMALLOC_GCC_U8_ATOMIC_ATOMICS  
| #define JEMALLOC_GCC_SYNC_ATOMICS  
| #define JEMALLOC_GCC_U8_SYNC_ATOMICS  
| #define JEMALLOC_OSATOMIC  
| #define JEMALLOC_HAVE_MADVISE  
| #define JEMALLOC_PURGE_MADVISE_FREE  
| #define JEMALLOC_PURGE_MADVISE_DONTNEED  
| #define JEMALLOC_HAVE_MPROTECT  
| #define JEMALLOC_HAVE_BUILTIN_CLZ  
| #define JEMALLOC_OS_UNFAIR_LOCK  
| #define JEMALLOC_ZONE  
| #define JEMALLOC_TLS_MODEL __attribute__((tls_model("initial-exec")))
| /* end confdefs.h.  */
| 
| 
| int
| main ()
| {
| 
|     return 0;
| 
|   ;
|   return 0;
| }
configure:14096: result: no
configure:14110: checking whether strerror_r returns char with gnu source is compilable
configure:14135: cc -o conftest -std=gnu11 -Werror=unknown-warning-option -Wall -Wextra -Wshorten-64-to-32 -Wsign-compare -Wundef -Wno-format-zero-length -Wpointer-arith -Wno-missing-braces -Wno-missing-field-initializers -pipe -g3 -Wimplicit-fallthrough -O3 -funroll-loops -D_GNU_SOURCE -Werror -O0 -ffunction-sections -fdata-sections -fPIC -gdwarf-2 -fno-omit-frame-pointer --target=arm64-apple-macosx -mmacosx-version-min=26.1 -Wall -O0 -ffunction-sections -fdata-sections -fPIC -gdwarf-2 -fno-omit-frame-pointer --target=arm64-apple-macosx -mmacosx-version-min=26.1 -Wall -D_REENTRANT -O0 -ffunction-sections -fdata-sections -fPIC -gdwarf-2 -fno-omit-frame-pointer --target=arm64-apple-macosx -mmacosx-version-min=26.1 -Wall conftest.c -pthread >&5
conftest.c:94:9: error: incompatible integer to pointer conversion initializing 'char *' with an expression of type 'int' [-Wint-conversion]
   94 |   char *error = strerror_r(EINVAL, buffer, 100);
      |         ^       ~~~~~~~~~~~~~~~~~~~~~~~~~~~~~~~
1 error generated.
configure:14135: $? = 1
configure: failed program was:
| /* confdefs.h */
| #define PACKAGE_NAME ""
| #define PACKAGE_TARNAME ""
| #define PACKAGE_VERSION ""
| #define PACKAGE_STRING ""
| #define PACKAGE_BUGREPORT ""
| #define PACKAGE_URL ""
| #define JEMALLOC_HAS_RESTRICT
| #define STDC_HEADERS 1
| #define HAVE_SYS_TYPES_H 1
| #define HAVE_SYS_STAT_H 1
| #define HAVE_STDLIB_H 1
| #define HAVE_STRING_H 1
| #define HAVE_MEMORY_H 1
| #define HAVE_STRINGS_H 1
| #define HAVE_INTTYPES_H 1
| #define HAVE_STDINT_H 1
| #define HAVE_UNISTD_H 1
| #define SIZEOF_VOID_P 8
| #define LG_SIZEOF_PTR 3
| #define SIZEOF_INT 4
| #define LG_SIZEOF_INT 2
| #define SIZEOF_LONG 8
| #define LG_SIZEOF_LONG 3
| #define SIZEOF_LONG_LONG 8
| #define LG_SIZEOF_LONG_LONG 3
| #define SIZEOF_INTMAX_T 8
| #define LG_SIZEOF_INTMAX_T 3
| #define HAVE_CPU_SPINWAIT 1
| #define CPU_SPINWAIT __asm__ volatile("isb")
| #define LG_VADDR 48
| #define JEMALLOC_USABLE_SIZE_CONST const
| #define JEMALLOC_HAVE_ATTR  
| #define JEMALLOC_HAVE_ATTR_ALLOC_SIZE  
| #define JEMALLOC_HAVE_ATTR_FORMAT_PRINTF  
| #define JEMALLOC_HAVE_ATTR_FORMAT_ARG  
| #define JEMALLOC_HAVE_ATTR_FALLTHROUGH  
| #define JEMALLOC_HAVE_ATTR_COLD  
| #define JEMALLOC_HAVE_VM_MAKE_TAG  
| #define JEMALLOC_PREFIX "_rjem_"
| #define JEMALLOC_CPREFIX "_RJEM_"
| #define JEMALLOC_OVERRIDE_VALLOC  
| #define JEMALLOC_HAVE_MALLOC_SIZE  
| #define JEMALLOC_PRIVATE_NAMESPACE _rjem_je_
| #define JEMALLOC_CONFIG_MALLOC_CONF ""
| #define JEMALLOC_STATS  
| #define JEMALLOC_MAPS_COALESCE  
| #define JEMALLOC_FILL  
| #define JEMALLOC_CACHE_OBLIVIOUS  
| #define JEMALLOC_INTERNAL_UNREACHABLE __builtin_unreachable
| #define JEMALLOC_INTERNAL_FFSLL __builtin_ffsll
| #define JEMALLOC_INTERNAL_FFSL __builtin_ffsl
| #define JEMALLOC_INTERNAL_FFS __builtin_ffs
| #define JEMALLOC_INTERNAL_POPCOUNT __builtin_popcount
| #define JEMALLOC_INTERNAL_POPCOUNTL __builtin_popcountl
| #define JEMALLOC_INTERNAL_POPCOUNTLL __builtin_popcountll
| #define LG_PAGE 14
| #define LG_HUGEPAGE 21
| #define JEMALLOC_HAVE_PTHREAD  
| #define HAVE_PTHREAD_H 1
| #define HAVE_DLFCN_H 1
| #define JEMALLOC_HAVE_DLSYM  
| #define JEMALLOC_HAVE_PTHREAD_ATFORK  
| #define JEMALLOC_HAVE_PTHREAD_GETNAME_NP  
| #define JEMALLOC_HAVE_MACH_ABSOLUTE_TIME  
| #define JEMALLOC_HAVE_CLOCK_REALTIME  
| #define JEMALLOC_HAVE_ISSETUGID  
| #define JEMALLOC_C11_ATOMICS  
| #define JEMALLOC_GCC_ATOMIC_ATOMICS  
| #define JEMALLOC_GCC_U8_ATOMIC_ATOMICS  
| #define JEMALLOC_GCC_SYNC_ATOMICS  
| #define JEMALLOC_GCC_U8_SYNC_ATOMICS  
| #define JEMALLOC_OSATOMIC  
| #define JEMALLOC_HAVE_MADVISE  
| #define JEMALLOC_PURGE_MADVISE_FREE  
| #define JEMALLOC_PURGE_MADVISE_DONTNEED  
| #define JEMALLOC_HAVE_MPROTECT  
| #define JEMALLOC_HAVE_BUILTIN_CLZ  
| #define JEMALLOC_OS_UNFAIR_LOCK  
| #define JEMALLOC_ZONE  
| #define JEMALLOC_TLS_MODEL __attribute__((tls_model("initial-exec")))
| /* end confdefs.h.  */
| 
| #include <errno.h>
| #include <stdio.h>
| #include <stdlib.h>
| #include <string.h>
| 
| int
| main ()
| {
| 
|   char *buffer = (char *) malloc(100);
|   char *error = strerror_r(EINVAL, buffer, 100);
|   printf("%s\n", error);
| 
|   ;
|   return 0;
| }
configure:14143: result: no
configure:14160: checking for stdbool.h that conforms to C99
configure:14227: cc -c -std=gnu11 -Werror=unknown-warning-option -Wall -Wextra -Wshorten-64-to-32 -Wsign-compare -Wundef -Wno-format-zero-length -Wpointer-arith -Wno-missing-braces -Wno-missing-field-initializers -pipe -g3 -Wimplicit-fallthrough -O3 -funroll-loops -O0 -ffunction-sections -fdata-sections -fPIC -gdwarf-2 -fno-omit-frame-pointer --target=arm64-apple-macosx -mmacosx-version-min=26.1 -Wall -O0 -ffunction-sections -fdata-sections -fPIC -gdwarf-2 -fno-omit-frame-pointer --target=arm64-apple-macosx -mmacosx-version-min=26.1 -Wall -D_REENTRANT conftest.c >&5
conftest.c:132:24: warning: address of 's' will always evaluate to 'true' [-Wpointer-bool-conversion]
  132 |              bool e = &s;
      |                   ~    ^
conftest.c:137:40: warning: address of array 'p' will always evaluate to 'true' [-Wpointer-bool-conversion]
  137 |                      + !m + !n + !o + !p + !q + !pq);
      |                                       ~^
conftest.c:137:35: warning: address of array 'o' will always evaluate to 'true' [-Wpointer-bool-conversion]
  137 |                      + !m + !n + !o + !p + !q + !pq);
      |                                  ~^
conftest.c:137:30: warning: address of array 'n' will always evaluate to 'true' [-Wpointer-bool-conversion]
  137 |                      + !m + !n + !o + !p + !q + !pq);
      |                             ~^
conftest.c:136:63: warning: address of array 'i' will always evaluate to 'true' [-Wpointer-bool-conversion]
  136 |              return (!a + !b + !c + !d + !e + !f + !g + !h + !i + !!j + !k + !!l
      |                                                              ~^
conftest.c:136:58: warning: address of array 'h' will always evaluate to 'true' [-Wpointer-bool-conversion]
  136 |              return (!a + !b + !c + !d + !e + !f + !g + !h + !i + !!j + !k + !!l
      |                                                         ~^
conftest.c:136:53: warning: address of array 'g' will always evaluate to 'true' [-Wpointer-bool-conversion]
  136 |              return (!a + !b + !c + !d + !e + !f + !g + !h + !i + !!j + !k + !!l
      |                                                    ~^
conftest.c:136:48: warning: address of array 'f' will always evaluate to 'true' [-Wpointer-bool-conversion]
  136 |              return (!a + !b + !c + !d + !e + !f + !g + !h + !i + !!j + !k + !!l
      |                                               ~^
conftest.c:136:38: warning: address of array 'd' will always evaluate to 'true' [-Wpointer-bool-conversion]
  136 |              return (!a + !b + !c + !d + !e + !f + !g + !h + !i + !!j + !k + !!l
      |                                     ~^
conftest.c:136:33: warning: address of array 'c' will always evaluate to 'true' [-Wpointer-bool-conversion]
  136 |              return (!a + !b + !c + !d + !e + !f + !g + !h + !i + !!j + !k + !!l
      |                                ~^
conftest.c:136:28: warning: address of array 'b' will always evaluate to 'true' [-Wpointer-bool-conversion]
  136 |              return (!a + !b + !c + !d + !e + !f + !g + !h + !i + !!j + !k + !!l
      |                           ~^
conftest.c:136:23: warning: address of array 'a' will always evaluate to 'true' [-Wpointer-bool-conversion]
  136 |              return (!a + !b + !c + !d + !e + !f + !g + !h + !i + !!j + !k + !!l
      |                      ~^
12 warnings generated.
configure:14227: $? = 0
configure:14234: result: yes
configure:14236: checking for _Bool
configure:14236: cc -c -std=gnu11 -Werror=unknown-warning-option -Wall -Wextra -Wshorten-64-to-32 -Wsign-compare -Wundef -Wno-format-zero-length -Wpointer-arith -Wno-missing-braces -Wno-missing-field-initializers -pipe -g3 -Wimplicit-fallthrough -O3 -funroll-loops -O0 -ffunction-sections -fdata-sections -fPIC -gdwarf-2 -fno-omit-frame-pointer --target=arm64-apple-macosx -mmacosx-version-min=26.1 -Wall -O0 -ffunction-sections -fdata-sections -fPIC -gdwarf-2 -fno-omit-frame-pointer --target=arm64-apple-macosx -mmacosx-version-min=26.1 -Wall -D_REENTRANT conftest.c >&5
configure:14236: $? = 0
configure:14236: cc -c -std=gnu11 -Werror=unknown-warning-option -Wall -Wextra -Wshorten-64-to-32 -Wsign-compare -Wundef -Wno-format-zero-length -Wpointer-arith -Wno-missing-braces -Wno-missing-field-initializers -pipe -g3 -Wimplicit-fallthrough -O3 -funroll-loops -O0 -ffunction-sections -fdata-sections -fPIC -gdwarf-2 -fno-omit-frame-pointer --target=arm64-apple-macosx -mmacosx-version-min=26.1 -Wall -O0 -ffunction-sections -fdata-sections -fPIC -gdwarf-2 -fno-omit-frame-pointer --target=arm64-apple-macosx -mmacosx-version-min=26.1 -Wall -D_REENTRANT conftest.c >&5
conftest.c:119:20: error: expected expression
  119 | if (sizeof ((_Bool)))
      |                    ^
1 error generated.
configure:14236: $? = 1
configure: failed program was:
| /* confdefs.h */
| #define PACKAGE_NAME ""
| #define PACKAGE_TARNAME ""
| #define PACKAGE_VERSION ""
| #define PACKAGE_STRING ""
| #define PACKAGE_BUGREPORT ""
| #define PACKAGE_URL ""
| #define JEMALLOC_HAS_RESTRICT
| #define STDC_HEADERS 1
| #define HAVE_SYS_TYPES_H 1
| #define HAVE_SYS_STAT_H 1
| #define HAVE_STDLIB_H 1
| #define HAVE_STRING_H 1
| #define HAVE_MEMORY_H 1
| #define HAVE_STRINGS_H 1
| #define HAVE_INTTYPES_H 1
| #define HAVE_STDINT_H 1
| #define HAVE_UNISTD_H 1
| #define SIZEOF_VOID_P 8
| #define LG_SIZEOF_PTR 3
| #define SIZEOF_INT 4
| #define LG_SIZEOF_INT 2
| #define SIZEOF_LONG 8
| #define LG_SIZEOF_LONG 3
| #define SIZEOF_LONG_LONG 8
| #define LG_SIZEOF_LONG_LONG 3
| #define SIZEOF_INTMAX_T 8
| #define LG_SIZEOF_INTMAX_T 3
| #define HAVE_CPU_SPINWAIT 1
| #define CPU_SPINWAIT __asm__ volatile("isb")
| #define LG_VADDR 48
| #define JEMALLOC_USABLE_SIZE_CONST const
| #define JEMALLOC_HAVE_ATTR  
| #define JEMALLOC_HAVE_ATTR_ALLOC_SIZE  
| #define JEMALLOC_HAVE_ATTR_FORMAT_PRINTF  
| #define JEMALLOC_HAVE_ATTR_FORMAT_ARG  
| #define JEMALLOC_HAVE_ATTR_FALLTHROUGH  
| #define JEMALLOC_HAVE_ATTR_COLD  
| #define JEMALLOC_HAVE_VM_MAKE_TAG  
| #define JEMALLOC_PREFIX "_rjem_"
| #define JEMALLOC_CPREFIX "_RJEM_"
| #define JEMALLOC_OVERRIDE_VALLOC  
| #define JEMALLOC_HAVE_MALLOC_SIZE  
| #define JEMALLOC_PRIVATE_NAMESPACE _rjem_je_
| #define JEMALLOC_CONFIG_MALLOC_CONF ""
| #define JEMALLOC_STATS  
| #define JEMALLOC_MAPS_COALESCE  
| #define JEMALLOC_FILL  
| #define JEMALLOC_CACHE_OBLIVIOUS  
| #define JEMALLOC_INTERNAL_UNREACHABLE __builtin_unreachable
| #define JEMALLOC_INTERNAL_FFSLL __builtin_ffsll
| #define JEMALLOC_INTERNAL_FFSL __builtin_ffsl
| #define JEMALLOC_INTERNAL_FFS __builtin_ffs
| #define JEMALLOC_INTERNAL_POPCOUNT __builtin_popcount
| #define JEMALLOC_INTERNAL_POPCOUNTL __builtin_popcountl
| #define JEMALLOC_INTERNAL_POPCOUNTLL __builtin_popcountll
| #define LG_PAGE 14
| #define LG_HUGEPAGE 21
| #define JEMALLOC_HAVE_PTHREAD  
| #define HAVE_PTHREAD_H 1
| #define HAVE_DLFCN_H 1
| #define JEMALLOC_HAVE_DLSYM  
| #define JEMALLOC_HAVE_PTHREAD_ATFORK  
| #define JEMALLOC_HAVE_PTHREAD_GETNAME_NP  
| #define JEMALLOC_HAVE_MACH_ABSOLUTE_TIME  
| #define JEMALLOC_HAVE_CLOCK_REALTIME  
| #define JEMALLOC_HAVE_ISSETUGID  
| #define JEMALLOC_C11_ATOMICS  
| #define JEMALLOC_GCC_ATOMIC_ATOMICS  
| #define JEMALLOC_GCC_U8_ATOMIC_ATOMICS  
| #define JEMALLOC_GCC_SYNC_ATOMICS  
| #define JEMALLOC_GCC_U8_SYNC_ATOMICS  
| #define JEMALLOC_OSATOMIC  
| #define JEMALLOC_HAVE_MADVISE  
| #define JEMALLOC_PURGE_MADVISE_FREE  
| #define JEMALLOC_PURGE_MADVISE_DONTNEED  
| #define JEMALLOC_HAVE_MPROTECT  
| #define JEMALLOC_HAVE_BUILTIN_CLZ  
| #define JEMALLOC_OS_UNFAIR_LOCK  
| #define JEMALLOC_ZONE  
| #define JEMALLOC_TLS_MODEL __attribute__((tls_model("initial-exec")))
| /* end confdefs.h.  */
| #include <stdio.h>
| #ifdef HAVE_SYS_TYPES_H
| # include <sys/types.h>
| #endif
| #ifdef HAVE_SYS_STAT_H
| # include <sys/stat.h>
| #endif
| #ifdef STDC_HEADERS
| # include <stdlib.h>
| # include <stddef.h>
| #else
| # ifdef HAVE_STDLIB_H
| #  include <stdlib.h>
| # endif
| #endif
| #ifdef HAVE_STRING_H
| # if !defined STDC_HEADERS && defined HAVE_MEMORY_H
| #  include <memory.h>
| # endif
| # include <string.h>
| #endif
| #ifdef HAVE_STRINGS_H
| # include <strings.h>
| #endif
| #ifdef HAVE_INTTYPES_H
| # include <inttypes.h>
| #endif
| #ifdef HAVE_STDINT_H
| # include <stdint.h>
| #endif
| #ifdef HAVE_UNISTD_H
| # include <unistd.h>
| #endif
| int
| main ()
| {
| if (sizeof ((_Bool)))
| 	    return 0;
|   ;
|   return 0;
| }
configure:14236: result: yes
configure:14401: creating ./config.status

## ---------------------- ##
## Running config.status. ##
## ---------------------- ##

This file was extended by config.status, which was
generated by GNU Autoconf 2.69.  Invocation command line was

  CONFIG_FILES    = 
  CONFIG_HEADERS  = 
  CONFIG_LINKS    = 
  CONFIG_COMMANDS = 
  $ ./config.status 

on MacBook-Pro.local

config.status:1060: creating Makefile
config.status:1060: creating jemalloc.pc
config.status:1060: creating doc/html.xsl
config.status:1060: creating doc/manpages.xsl
config.status:1060: creating doc/jemalloc.xml
config.status:1060: creating include/jemalloc/jemalloc_macros.h
config.status:1060: creating include/jemalloc/jemalloc_protos.h
config.status:1060: creating include/jemalloc/jemalloc_typedefs.h
config.status:1060: creating include/jemalloc/internal/jemalloc_preamble.h
config.status:1060: creating test/test.sh
config.status:1060: creating test/include/test/jemalloc_test.h
config.status:1060: creating config.stamp
config.status:1060: creating bin/jemalloc-config
config.status:1060: creating bin/jemalloc.sh
config.status:1060: creating bin/jeprof
config.status:1060: creating include/jemalloc/jemalloc_defs.h
config.status:1060: creating include/jemalloc/internal/jemalloc_internal_defs.h
config.status:1060: creating test/include/test/jemalloc_test_defs.h
config.status:1249: executing include/jemalloc/internal/public_symbols.txt commands
config.status:1249: executing include/jemalloc/internal/private_symbols.awk commands
config.status:1249: executing include/jemalloc/internal/private_symbols_jet.awk commands
config.status:1249: executing include/jemalloc/internal/public_namespace.h commands
config.status:1249: executing include/jemalloc/internal/public_unnamespace.h commands
config.status:1249: executing include/jemalloc/jemalloc_protos_jet.h commands
config.status:1249: executing include/jemalloc/jemalloc_rename.h commands
config.status:1249: executing include/jemalloc/jemalloc_mangle.h commands
config.status:1249: executing include/jemalloc/jemalloc_mangle_jet.h commands
config.status:1249: executing include/jemalloc/jemalloc.h commands
configure:15703: result: ===============================================================================
configure:15705: result: jemalloc version   : 5.3.0-0-g54eaed1d8b56b1aa528be3bdd1877e59c56fa90c
configure:15707: result: library revision   : 2
configure:15709: result: 
configure:15711: result: CONFIG             : --disable-cxx --enable-doc=no --enable-shared=no --with-jemalloc-prefix=_rjem_ --with-private-namespace=_rjem_ --host=aarch64-apple-darwin --build=aarch64-apple-darwin --prefix=/Users/warrenwong/Desktop/DNSProject/DNS/RustProject/fanzhaLogQuery/target/debug/build/tikv-jemalloc-sys-63540218cc279e9a/out build_alias=aarch64-apple-darwin host_alias=aarch64-apple-darwin CC=cc 'CFLAGS=-O0 -ffunction-sections -fdata-sections -fPIC -gdwarf-2 -fno-omit-frame-pointer --target=arm64-apple-macosx -mmacosx-version-min=26.1 -Wall' 'LDFLAGS=-O0 -ffunction-sections -fdata-sections -fPIC -gdwarf-2 -fno-omit-frame-pointer --target=arm64-apple-macosx -mmacosx-version-min=26.1 -Wall' 'CPPFLAGS=-O0 -ffunction-sections -fdata-sections -fPIC -gdwarf-2 -fno-omit-frame-pointer --target=arm64-apple-macosx -mmacosx-version-min=26.1 -Wall'
configure:15713: result: CC                 : cc
configure:15715: result: CONFIGURE_CFLAGS   : -std=gnu11 -Werror=unknown-warning-option -Wall -Wextra -Wshorten-64-to-32 -Wsign-compare -Wundef -Wno-format-zero-length -Wpointer-arith -Wno-missing-braces -Wno-missing-field-initializers -pipe -g3 -Wimplicit-fallthrough -O3 -funroll-loops
configure:15717: result: SPECIFIED_CFLAGS   : -O0 -ffunction-sections -fdata-sections -fPIC -gdwarf-2 -fno-omit-frame-pointer --target=arm64-apple-macosx -mmacosx-version-min=26.1 -Wall
configure:15719: result: EXTRA_CFLAGS       : 
configure:15721: result: CPPFLAGS           : -O0 -ffunction-sections -fdata-sections -fPIC -gdwarf-2 -fno-omit-frame-pointer --target=arm64-apple-macosx -mmacosx-version-min=26.1 -Wall -D_REENTRANT
configure:15723: result: CXX                : 
configure:15725: result: CONFIGURE_CXXFLAGS : 
configure:15727: result: SPECIFIED_CXXFLAGS : 
configure:15729: result: EXTRA_CXXFLAGS     : 
configure:15731: result: LDFLAGS            : -O0 -ffunction-sections -fdata-sections -fPIC -gdwarf-2 -fno-omit-frame-pointer --target=arm64-apple-macosx -mmacosx-version-min=26.1 -Wall
configure:15733: result: EXTRA_LDFLAGS      : 
configure:15735: result: DSO_LDFLAGS        : -shared -Wl,-install_name,$(LIBDIR)/$(@F)
configure:15737: result: LIBS               : -pthread
configure:15739: result: RPATH_EXTRA        : 
configure:15741: result: 
configure:15743: result: XSLTPROC           : /usr/bin/xsltproc
configure:15745: result: XSLROOT            : 
configure:15747: result: 
configure:15749: result: PREFIX             : /Users/warrenwong/Desktop/DNSProject/DNS/RustProject/fanzhaLogQuery/target/debug/build/tikv-jemalloc-sys-63540218cc279e9a/out
configure:15751: result: BINDIR             : /Users/warrenwong/Desktop/DNSProject/DNS/RustProject/fanzhaLogQuery/target/debug/build/tikv-jemalloc-sys-63540218cc279e9a/out/bin
configure:15753: result: DATADIR            : /Users/warrenwong/Desktop/DNSProject/DNS/RustProject/fanzhaLogQuery/target/debug/build/tikv-jemalloc-sys-63540218cc279e9a/out/share
configure:15755: result: INCLUDEDIR         : /Users/warrenwong/Desktop/DNSProject/DNS/RustProject/fanzhaLogQuery/target/debug/build/tikv-jemalloc-sys-63540218cc279e9a/out/include
configure:15757: result: LIBDIR             : /Users/warrenwong/Desktop/DNSProject/DNS/RustProject/fanzhaLogQuery/target/debug/build/tikv-jemalloc-sys-63540218cc279e9a/out/lib
configure:15759: result: MANDIR             : /Users/warrenwong/Desktop/DNSProject/DNS/RustProject/fanzhaLogQuery/target/debug/build/tikv-jemalloc-sys-63540218cc279e9a/out/share/man
configure:15761: result: 
configure:15763: result: srcroot            : 
configure:15765: result: abs_srcroot        : /Users/warrenwong/Desktop/DNSProject/DNS/RustProject/fanzhaLogQuery/target/debug/build/tikv-jemalloc-sys-63540218cc279e9a/out/build/
configure:15767: result: objroot            : 
configure:15769: result: abs_objroot        : /Users/warrenwong/Desktop/DNSProject/DNS/RustProject/fanzhaLogQuery/target/debug/build/tikv-jemalloc-sys-63540218cc279e9a/out/build/
configure:15771: result: 
configure:15773: result: JEMALLOC_PREFIX    : _rjem_
configure:15775: result: JEMALLOC_PRIVATE_NAMESPACE
configure:15777: result:                    : _rjem_je_
configure:15779: result: install_suffix     : 
configure:15781: result: malloc_conf        : 
configure:15783: result: documentation      : 0
configure:15785: result: shared libs        : 0
configure:15787: result: static libs        : 1
configure:15789: result: autogen            : 0
configure:15791: result: debug              : 0
configure:15793: result: stats              : 1
configure:15795: result: experimental_smallocx : 0
configure:15797: result: prof               : 0
configure:15799: result: prof-libunwind     : 0
configure:15801: result: prof-libgcc        : 0
configure:15803: result: prof-gcc           : 0
configure:15805: result: fill               : 1
configure:15807: result: utrace             : 0
configure:15809: result: xmalloc            : 0
configure:15811: result: log                : 0
configure:15813: result: lazy_lock          : 0
configure:15815: result: cache-oblivious    : 1
configure:15817: result: cxx                : 0
configure:15819: result: ===============================================================================

## ---------------- ##
## Cache variables. ##
## ---------------- ##

ac_cv_big_endian=0
ac_cv_build=aarch64-apple-darwin
ac_cv_c_bigendian=no
ac_cv_c_compiler_gnu=yes
ac_cv_env_CCC_set=
ac_cv_env_CCC_value=
ac_cv_env_CC_set=set
ac_cv_env_CC_value=cc
ac_cv_env_CFLAGS_set=set
ac_cv_env_CFLAGS_value='-O0 -ffunction-sections -fdata-sections -fPIC -gdwarf-2 -fno-omit-frame-pointer --target=arm64-apple-macosx -mmacosx-version-min=26.1 -Wall'
ac_cv_env_CPPFLAGS_set=set
ac_cv_env_CPPFLAGS_value='-O0 -ffunction-sections -fdata-sections -fPIC -gdwarf-2 -fno-omit-frame-pointer --target=arm64-apple-macosx -mmacosx-version-min=26.1 -Wall'
ac_cv_env_CPP_set=
ac_cv_env_CPP_value=
ac_cv_env_CXXFLAGS_set=
ac_cv_env_CXXFLAGS_value=
ac_cv_env_CXX_set=
ac_cv_env_CXX_value=
ac_cv_env_LDFLAGS_set=set
ac_cv_env_LDFLAGS_value='-O0 -ffunction-sections -fdata-sections -fPIC -gdwarf-2 -fno-omit-frame-pointer --target=arm64-apple-macosx -mmacosx-version-min=26.1 -Wall'
ac_cv_env_LIBS_set=
ac_cv_env_LIBS_value=
ac_cv_env_build_alias_set=set
ac_cv_env_build_alias_value=aarch64-apple-darwin
ac_cv_env_host_alias_set=set
ac_cv_env_host_alias_value=aarch64-apple-darwin
ac_cv_env_target_alias_set=
ac_cv_env_target_alias_value=
ac_cv_func__malloc_thread_cleanup=no
ac_cv_func__pthread_mutex_init_calloc_cb=no
ac_cv_func_dlsym=yes
ac_cv_func_issetugid=yes
ac_cv_func_malloc_size=yes
ac_cv_func_memalign=no
ac_cv_func_memcntl=no
ac_cv_func_sbrk=yes
ac_cv_func_sched_getcpu=no
ac_cv_func_sched_setaffinity=no
ac_cv_func_secure_getenv=no
ac_cv_func_valloc=yes
ac_cv_header_dlfcn_h=yes
ac_cv_header_inttypes_h=yes
ac_cv_header_malloc_h=no
ac_cv_header_memory_h=yes
ac_cv_header_pthread_h=yes
ac_cv_header_stdbool_h=yes
ac_cv_header_stdc=yes
ac_cv_header_stdint_h=yes
ac_cv_header_stdlib_h=yes
ac_cv_header_string_h=yes
ac_cv_header_strings_h=yes
ac_cv_header_sys_stat_h=yes
ac_cv_header_sys_types_h=yes
ac_cv_header_unistd_h=yes
ac_cv_host=aarch64-apple-darwin
ac_cv_lib_pthread_pthread_create=yes
ac_cv_objext=o
ac_cv_path_AUTOCONF=false
ac_cv_path_EGREP='/usr/bin/grep -E'
ac_cv_path_GREP=/usr/bin/grep
ac_cv_path_LD=/usr/bin/ld
ac_cv_path_XSLTPROC=/usr/bin/xsltproc
ac_cv_path_install='/usr/bin/install -c'
ac_cv_prog_AWK=awk
ac_cv_prog_CC=cc
ac_cv_prog_CPP='cc -E'
ac_cv_prog_ac_ct_AR=ar
ac_cv_prog_ac_ct_NM=nm
ac_cv_prog_ac_ct_RANLIB=ranlib
ac_cv_prog_cc_c89=
ac_cv_prog_cc_g=yes
ac_cv_search_clock_gettime='none required'
ac_cv_search_log='none required'
ac_cv_sizeof_int=4
ac_cv_sizeof_intmax_t=8
ac_cv_sizeof_long=8
ac_cv_sizeof_long_long=8
ac_cv_sizeof_void_p=8
ac_cv_type__Bool=yes
je_cv_alloc_size=yes
je_cv_attribute=yes
je_cv_builtin_clz=yes
je_cv_c11_atomics=yes
je_cv_cflags_added=
je_cv_clock_monotonic=no
je_cv_clock_monotonic_coarse=no
je_cv_clock_realtime=yes
je_cv_cold=yes
je_cv_cray=no
je_cv_cray_prgenv_wrapper=
je_cv_cxxflags_added=
je_cv_fallthrough=yes
je_cv_format_arg=yes
je_cv_format_gnu_printf=no
je_cv_format_printf=yes
je_cv_gcc_atomic_atomics=yes
je_cv_gcc_builtin_ffsl=yes
je_cv_gcc_builtin_popcountl=yes
je_cv_gcc_builtin_unreachable=yes
je_cv_gcc_sync_atomics=yes
je_cv_gcc_u8_atomic_atomics=yes
je_cv_gcc_u8_sync_atomics=yes
je_cv_isb=yes
je_cv_lg_hugepage=21
je_cv_lg_page=14
je_cv_mach_absolute_time=yes
je_cv_madv_dontdump=no
je_cv_madv_dontneed=yes
je_cv_madv_free=yes
je_cv_madv_nocore=no
je_cv_madvise=yes
je_cv_mprotect=yes
je_cv_os_unfair_lock=yes
je_cv_osatomic=yes
je_cv_pthread_atfork=yes
je_cv_pthread_get_name_np=no
je_cv_pthread_getname_np=yes
je_cv_pthread_mutex_adaptive_np=no
je_cv_pthread_setname_np=no
je_cv_strerror_r_returns_char_with_gnu_source=no
je_cv_syscall=no
je_cv_thp=no
je_cv_tls_model=yes
je_cv_utrace=no
je_cv_utrace_label=no
je_cv_vm_make_tag=yes

## ----------------- ##
## Output variables. ##
## ----------------- ##

AR='ar'
ARFLAGS='crus'
AROUT=' $@'
AUTOCONF='false'
AWK='awk'
BINDIR='/Users/warrenwong/Desktop/DNSProject/DNS/RustProject/fanzhaLogQuery/target/debug/build/tikv-jemalloc-sys-63540218cc279e9a/out/bin'
CC='cc'
CC_MM='1'
CFLAGS='-std=gnu11 -Werror=unknown-warning-option -Wall -Wextra -Wshorten-64-to-32 -Wsign-compare -Wundef -Wno-format-zero-length -Wpointer-arith -Wno-missing-braces -Wno-missing-field-initializers -pipe -g3 -Wimplicit-fallthrough -O3 -funroll-loops -O0 -ffunction-sections -fdata-sections -fPIC -gdwarf-2 -fno-omit-frame-pointer --target=arm64-apple-macosx -mmacosx-version-min=26.1 -Wall'
CONFIG='--disable-cxx --enable-doc=no --enable-shared=no --with-jemalloc-prefix=_rjem_ --with-private-namespace=_rjem_ --host=aarch64-apple-darwin --build=aarch64-apple-darwin --prefix=/Users/warrenwong/Desktop/DNSProject/DNS/RustProject/fanzhaLogQuery/target/debug/build/tikv-jemalloc-sys-63540218cc279e9a/out build_alias=aarch64-apple-darwin host_alias=aarch64-apple-darwin CC=cc '\''CFLAGS=-O0 -ffunction-sections -fdata-sections -fPIC -gdwarf-2 -fno-omit-frame-pointer --target=arm64-apple-macosx -mmacosx-version-min=26.1 -Wall'\'' '\''LDFLAGS=-O0 -ffunction-sections -fdata-sections -fPIC -gdwarf-2 -fno-omit-frame-pointer --target=arm64-apple-macosx -mmacosx-version-min=26.1 -Wall'\'' '\''CPPFLAGS=-O0 -ffunction-sections -fdata-sections -fPIC -gdwarf-2 -fno-omit-frame-pointer --target=arm64-apple-macosx -mmacosx-version-min=26.1 -Wall'\'''
CONFIGURE_CFLAGS='-std=gnu11 -Werror=unknown-warning-option -Wall -Wextra -Wshorten-64-to-32 -Wsign-compare -Wundef -Wno-format-zero-length -Wpointer-arith -Wno-missing-braces -Wno-missing-field-initializers -pipe -g3 -Wimplicit-fallthrough -O3 -funroll-loops'
CONFIGURE_CXXFLAGS=''
CPP='cc -E'
CPPFLAGS='-O0 -ffunction-sections -fdata-sections -fPIC -gdwarf-2 -fno-omit-frame-pointer --target=arm64-apple-macosx -mmacosx-version-min=26.1 -Wall -D_REENTRANT'
CTARGET='-o $@'
CXX=''
CXXFLAGS=''
DATADIR='/Users/warrenwong/Desktop/DNSProject/DNS/RustProject/fanzhaLogQuery/target/debug/build/tikv-jemalloc-sys-63540218cc279e9a/out/share'
DEFS='-DHAVE_CONFIG_H'
DSO_LDFLAGS='-shared -Wl,-install_name,$(LIBDIR)/$(@F)'
DUMP_SYMS='nm -a'
ECHO_C='\c'
ECHO_N=''
ECHO_T=''
EGREP='/usr/bin/grep -E'
EXEEXT=''
EXTRA_CFLAGS=''
EXTRA_CXXFLAGS=''
EXTRA_LDFLAGS=''
GREP='/usr/bin/grep'
HAVE_CXX14=''
HAVE_CXX17=''
INCLUDEDIR='/Users/warrenwong/Desktop/DNSProject/DNS/RustProject/fanzhaLogQuery/target/debug/build/tikv-jemalloc-sys-63540218cc279e9a/out/include'
INSTALL_DATA='${INSTALL} -m 644'
INSTALL_PROGRAM='${INSTALL}'
INSTALL_SCRIPT='${INSTALL}'
JEMALLOC_CPREFIX='_RJEM_'
JEMALLOC_PREFIX='_rjem_'
LD='/usr/bin/ld'
LDFLAGS='-O0 -ffunction-sections -fdata-sections -fPIC -gdwarf-2 -fno-omit-frame-pointer --target=arm64-apple-macosx -mmacosx-version-min=26.1 -Wall'
LDTARGET='-o $@'
LD_PRELOAD_VAR='DYLD_INSERT_LIBRARIES'
LIBDIR='/Users/warrenwong/Desktop/DNSProject/DNS/RustProject/fanzhaLogQuery/target/debug/build/tikv-jemalloc-sys-63540218cc279e9a/out/lib'
LIBOBJS=''
LIBS='-pthread'
LM=''
LTLIBOBJS=''
MANDIR='/Users/warrenwong/Desktop/DNSProject/DNS/RustProject/fanzhaLogQuery/target/debug/build/tikv-jemalloc-sys-63540218cc279e9a/out/share/man'
MKLIB=''
NM='nm'
OBJEXT='o'
PACKAGE_BUGREPORT=''
PACKAGE_NAME=''
PACKAGE_STRING=''
PACKAGE_TARNAME=''
PACKAGE_URL=''
PACKAGE_VERSION=''
PATH_SEPARATOR=':'
PIC_CFLAGS='-fPIC -DPIC'
PREFIX='/Users/warrenwong/Desktop/DNSProject/DNS/RustProject/fanzhaLogQuery/target/debug/build/tikv-jemalloc-sys-63540218cc279e9a/out'
RANLIB='ranlib'
RPATH=''
RPATH_EXTRA=''
SHELL='/bin/sh'
SOREV='2.dylib'
SPECIFIED_CFLAGS='-O0 -ffunction-sections -fdata-sections -fPIC -gdwarf-2 -fno-omit-frame-pointer --target=arm64-apple-macosx -mmacosx-version-min=26.1 -Wall'
SPECIFIED_CXXFLAGS=''
TEST_LD_MODE=''
XSLROOT=''
XSLTPROC='/usr/bin/xsltproc'
a='a'
abi='macho'
abs_objroot='/Users/warrenwong/Desktop/DNSProject/DNS/RustProject/fanzhaLogQuery/target/debug/build/tikv-jemalloc-sys-63540218cc279e9a/out/build/'
abs_srcroot='/Users/warrenwong/Desktop/DNSProject/DNS/RustProject/fanzhaLogQuery/target/debug/build/tikv-jemalloc-sys-63540218cc279e9a/out/build/'
ac_ct_CC=''
ac_ct_CXX=''
bindir='${exec_prefix}/bin'
build='aarch64-apple-darwin'
build_alias='aarch64-apple-darwin'
build_cpu='aarch64'
build_os='darwin'
build_vendor='apple'
cfghdrs_in='include/jemalloc/jemalloc_defs.h.in include/jemalloc/internal/jemalloc_internal_defs.h.in include/jemalloc/internal/private_symbols.sh include/jemalloc/internal/private_namespace.sh include/jemalloc/internal/public_namespace.sh include/jemalloc/internal/public_unnamespace.sh include/jemalloc/jemalloc_rename.sh include/jemalloc/jemalloc_mangle.sh include/jemalloc/jemalloc.sh test/include/test/jemalloc_test_defs.h.in'
cfghdrs_out='include/jemalloc/jemalloc_defs.h include/jemalloc/jemalloc.h include/jemalloc/internal/private_symbols.awk include/jemalloc/internal/private_symbols_jet.awk include/jemalloc/internal/public_symbols.txt include/jemalloc/internal/public_namespace.h include/jemalloc/internal/public_unnamespace.h include/jemalloc/jemalloc_protos_jet.h include/jemalloc/jemalloc_rename.h include/jemalloc/jemalloc_mangle.h include/jemalloc/jemalloc_mangle_jet.h include/jemalloc/internal/jemalloc_internal_defs.h test/include/test/jemalloc_test_defs.h'
cfgoutputs_in='Makefile.in jemalloc.pc.in doc/html.xsl.in doc/manpages.xsl.in doc/jemalloc.xml.in include/jemalloc/jemalloc_macros.h.in include/jemalloc/jemalloc_protos.h.in include/jemalloc/jemalloc_typedefs.h.in include/jemalloc/internal/jemalloc_preamble.h.in test/test.sh.in test/include/test/jemalloc_test.h.in'
cfgoutputs_out='Makefile jemalloc.pc doc/html.xsl doc/manpages.xsl doc/jemalloc.xml include/jemalloc/jemalloc_macros.h include/jemalloc/jemalloc_protos.h include/jemalloc/jemalloc_typedefs.h include/jemalloc/internal/jemalloc_preamble.h test/test.sh test/include/test/jemalloc_test.h'
datadir='${datarootdir}'
datarootdir='${prefix}/share'
docdir='${datarootdir}/doc/${PACKAGE}'
dvidir='${docdir}'
enable_autogen='0'
enable_cache_oblivious='1'
enable_cxx='0'
enable_debug='0'
enable_doc='0'
enable_experimental_smallocx='0'
enable_fill='1'
enable_initial_exec_tls='1'
enable_lazy_lock='0'
enable_log='0'
enable_opt_safety_checks='0'
enable_opt_size_checks='0'
enable_prof='0'
enable_readlinkat='0'
enable_shared='0'
enable_static='1'
enable_stats='1'
enable_tls='0'
enable_uaf_detection='0'
enable_utrace='0'
enable_xmalloc='0'
enable_zone_allocator='1'
exe=''
exec_prefix='/Users/warrenwong/Desktop/DNSProject/DNS/RustProject/fanzhaLogQuery/target/debug/build/tikv-jemalloc-sys-63540218cc279e9a/out'
host='aarch64-apple-darwin'
host_alias='aarch64-apple-darwin'
host_cpu='aarch64'
host_os='darwin'
host_vendor='apple'
htmldir='${docdir}'
importlib='dylib'
includedir='${prefix}/include'
infodir='${datarootdir}/info'
install_suffix=''
je_='je_'
jemalloc_version='5.3.0-0-g54eaed1d8b56b1aa528be3bdd1877e59c56fa90c'
jemalloc_version_bugfix='0'
jemalloc_version_gid='54eaed1d8b56b1aa528be3bdd1877e59c56fa90c'
jemalloc_version_major='5'
jemalloc_version_minor='3'
jemalloc_version_nrev='0'
libdir='${exec_prefix}/lib'
libdl=''
libexecdir='${exec_prefix}/libexec'
libprefix='lib'
link_whole_archive='0'
localedir='${datarootdir}/locale'
localstatedir='${prefix}/var'
mandir='${datarootdir}/man'
o='o'
objroot=''
oldincludedir='/usr/include'
pdfdir='${docdir}'
prefix='/Users/warrenwong/Desktop/DNSProject/DNS/RustProject/fanzhaLogQuery/target/debug/build/tikv-jemalloc-sys-63540218cc279e9a/out'
private_namespace='_rjem_je_'
program_transform_name='s,x,x,'
psdir='${docdir}'
rev='2'
sbindir='${exec_prefix}/sbin'
sharedstatedir='${prefix}/com'
so='dylib'
srcroot=''
sysconfdir='${prefix}/etc'
target_alias=''

## ----------- ##
## confdefs.h. ##
## ----------- ##

/* confdefs.h */
#define PACKAGE_NAME ""
#define PACKAGE_TARNAME ""
#define PACKAGE_VERSION ""
#define PACKAGE_STRING ""
#define PACKAGE_BUGREPORT ""
#define PACKAGE_URL ""
#define JEMALLOC_HAS_RESTRICT
#define STDC_HEADERS 1
#define HAVE_SYS_TYPES_H 1
#define HAVE_SYS_STAT_H 1
#define HAVE_STDLIB_H 1
#define HAVE_STRING_H 1
#define HAVE_MEMORY_H 1
#define HAVE_STRINGS_H 1
#define HAVE_INTTYPES_H 1
#define HAVE_STDINT_H 1
#define HAVE_UNISTD_H 1
#define SIZEOF_VOID_P 8
#define LG_SIZEOF_PTR 3
#define SIZEOF_INT 4
#define LG_SIZEOF_INT 2
#define SIZEOF_LONG 8
#define LG_SIZEOF_LONG 3
#define SIZEOF_LONG_LONG 8
#define LG_SIZEOF_LONG_LONG 3
#define SIZEOF_INTMAX_T 8
#define LG_SIZEOF_INTMAX_T 3
#define HAVE_CPU_SPINWAIT 1
#define CPU_SPINWAIT __asm__ volatile("isb")
#define LG_VADDR 48
#define JEMALLOC_USABLE_SIZE_CONST const
#define JEMALLOC_HAVE_ATTR  
#define JEMALLOC_HAVE_ATTR_ALLOC_SIZE  
#define JEMALLOC_HAVE_ATTR_FORMAT_PRINTF  
#define JEMALLOC_HAVE_ATTR_FORMAT_ARG  
#define JEMALLOC_HAVE_ATTR_FALLTHROUGH  
#define JEMALLOC_HAVE_ATTR_COLD  
#define JEMALLOC_HAVE_VM_MAKE_TAG  
#define JEMALLOC_PREFIX "_rjem_"
#define JEMALLOC_CPREFIX "_RJEM_"
#define JEMALLOC_OVERRIDE_VALLOC  
#define JEMALLOC_HAVE_MALLOC_SIZE  
#define JEMALLOC_PRIVATE_NAMESPACE _rjem_je_
#define JEMALLOC_CONFIG_MALLOC_CONF ""
#define JEMALLOC_STATS  
#define JEMALLOC_MAPS_COALESCE  
#define JEMALLOC_FILL  
#define JEMALLOC_CACHE_OBLIVIOUS  
#define JEMALLOC_INTERNAL_UNREACHABLE __builtin_unreachable
#define JEMALLOC_INTERNAL_FFSLL __builtin_ffsll
#define JEMALLOC_INTERNAL_FFSL __builtin_ffsl
#define JEMALLOC_INTERNAL_FFS __builtin_ffs
#define JEMALLOC_INTERNAL_POPCOUNT __builtin_popcount
#define JEMALLOC_INTERNAL_POPCOUNTL __builtin_popcountl
#define JEMALLOC_INTERNAL_POPCOUNTLL __builtin_popcountll
#define LG_PAGE 14
#define LG_HUGEPAGE 21
#define JEMALLOC_HAVE_PTHREAD  
#define HAVE_PTHREAD_H 1
#define HAVE_DLFCN_H 1
#define JEMALLOC_HAVE_DLSYM  
#define JEMALLOC_HAVE_PTHREAD_ATFORK  
#define JEMALLOC_HAVE_PTHREAD_GETNAME_NP  
#define JEMALLOC_HAVE_MACH_ABSOLUTE_TIME  
#define JEMALLOC_HAVE_CLOCK_REALTIME  
#define JEMALLOC_HAVE_ISSETUGID  
#define JEMALLOC_C11_ATOMICS  
#define JEMALLOC_GCC_ATOMIC_ATOMICS  
#define JEMALLOC_GCC_U8_ATOMIC_ATOMICS  
#define JEMALLOC_GCC_SYNC_ATOMICS  
#define JEMALLOC_GCC_U8_SYNC_ATOMICS  
#define JEMALLOC_OSATOMIC  
#define JEMALLOC_HAVE_MADVISE  
#define JEMALLOC_PURGE_MADVISE_FREE  
#define JEMALLOC_PURGE_MADVISE_DONTNEED  
#define JEMALLOC_HAVE_MPROTECT  
#define JEMALLOC_HAVE_BUILTIN_CLZ  
#define JEMALLOC_OS_UNFAIR_LOCK  
#define JEMALLOC_ZONE  
#define JEMALLOC_TLS_MODEL __attribute__((tls_model("initial-exec")))
#define HAVE__BOOL 1
#define HAVE_STDBOOL_H 1

configure: exit 0
